#
# A fatal error has been detected by the Java Runtime Environment:
#
#  EXCEPTION_ACCESS_VIOLATION (0xc0000005) at pc=0x00007ffa68436910, pid=288300, tid=289608
#
# JRE version: Java(TM) SE Runtime Environment (17.0.12+8) (build 17.0.12+8-LTS-286)
# Java VM: Java HotSpot(TM) 64-Bit Server VM (17.0.12+8-LTS-286, mixed mode, sharing, tiered, compressed oops, compressed class ptrs, g1 gc, windows-amd64)
# Problematic frame:
# V  [jvm.dll+0x366910]
#
# No core dump will be written. Minidumps are not enabled by default on client versions of Windows
#
# If you would like to submit a bug report, please visit:
#   https://bugreport.java.com/bugreport/crash.jsp
#

---------------  S U M M A R Y ------------

Command Line: --add-opens=java.base/java.lang=ALL-UNNAMED --add-opens=java.base/java.lang.invoke=ALL-UNNAMED --add-opens=java.base/java.util=ALL-UNNAMED --add-opens=java.prefs/java.util.prefs=ALL-UNNAMED --add-exports=jdk.compiler/com.sun.tools.javac.api=ALL-UNNAMED --add-exports=jdk.compiler/com.sun.tools.javac.util=ALL-UNNAMED --add-opens=java.base/java.util=ALL-UNNAMED --add-opens=java.prefs/java.util.prefs=ALL-UNNAMED --add-opens=java.base/java.nio.charset=ALL-UNNAMED --add-opens=java.base/java.net=ALL-UNNAMED --add-opens=java.base/java.util.concurrent.atomic=ALL-UNNAMED --add-opens=java.xml/javax.xml.namespace=ALL-UNNAMED -XX:MaxMetaspaceSize=384m -XX:+HeapDumpOnOutOfMemoryError -Xms256m -Xmx512m -Dfile.encoding=UTF-8 -Duser.country=US -Duser.language=en -Duser.variant -javaagent:C:\Users\tmmat\.gradle\wrapper\dists\gradle-8.11.1-bin\bpt9gzteqjrbo1mjrsomdt32c\gradle-8.11.1\lib\agents\gradle-instrumentation-agent-8.11.1.jar org.gradle.launcher.daemon.bootstrap.GradleDaemon 8.11.1

Host: AMD Ryzen 7 7700X 8-Core Processor             , 16 cores, 31G,  Windows 11 , 64 bit Build 22621 (10.0.22621.4391)
Time: Tue Dec 17 20:35:22 2024 Central Standard Time elapsed time: 1.334829 seconds (0d 0h 0m 1s)

---------------  T H R E A D  ---------------

Current thread (0x0000028f32c30c80):  JavaThread "C2 CompilerThread2" daemon [_thread_in_native, id=289608, stack(0x000000ac6bb00000,0x000000ac6bc00000)]


Current CompileTask:
C2:   1335 2620       4       java.net.URLClassLoader$1::run (5 bytes)

Stack: [0x000000ac6bb00000,0x000000ac6bc00000],  sp=0x000000ac6bbfbbb0,  free space=1006k
Native frames: (J=compiled Java code, j=interpreted, Vv=VM code, C=native code)
V  [jvm.dll+0x366910]
V  [jvm.dll+0x35ff68]
V  [jvm.dll+0x1ba691]
V  [jvm.dll+0x216997]
V  [jvm.dll+0x215c6f]
V  [jvm.dll+0x1a2960]
V  [jvm.dll+0x22610b]
V  [jvm.dll+0x2242ab]
V  [jvm.dll+0x79075c]
V  [jvm.dll+0x78abea]
V  [jvm.dll+0x678f35]
C  [ucrtbase.dll+0x29333]
C  [KERNEL32.DLL+0x1259d]
C  [ntdll.dll+0x5af38]


siginfo: EXCEPTION_ACCESS_VIOLATION (0xc0000005), reading address 0xffffffffffffffff


Registers:
RAX=0x0000000000000000, RBX=0x0000000000000021, RCX=0x0000000000000000, RDX=0x0080028f53461fa0
RSP=0x000000ac6bbfbbb0, RBP=0x00007ffa68bd98e8, RSI=0x0000000000000011, RDI=0x000000ac6bbfbc00
R8 =0x0000000000001000, R9 =0x0000000000000004, R10=0x0000028f532a1718, R11=0x0000000000000001
R12=0x0000000000000001, R13=0x0000000000000000, R14=0x000000ac6bbfbd30, R15=0x000000000000107c
RIP=0x00007ffa68436910, EFLAGS=0x0000000000010246


Register to memory mapping:

RIP=0x00007ffa68436910 jvm.dll
RAX=0x0 is NULL
RBX=0x0000000000000021 is an unknown value
RCX=0x0 is NULL
RDX=0x0080028f53461fa0 is an unknown value
RSP=0x000000ac6bbfbbb0 is pointing into the stack for thread: 0x0000028f32c30c80
RBP=0x00007ffa68bd98e8 jvm.dll
RSI=0x0000000000000011 is an unknown value
RDI=0x000000ac6bbfbc00 is pointing into the stack for thread: 0x0000028f32c30c80
R8 =0x0000000000001000 is an unknown value
R9 =0x0000000000000004 is an unknown value
R10=0x0000028f532a1718 points into unknown readable memory: 0x0000000000000000 | 00 00 00 00 00 00 00 00
R11=0x0000000000000001 is an unknown value
R12=0x0000000000000001 is an unknown value
R13=0x0 is NULL
R14=0x000000ac6bbfbd30 is pointing into the stack for thread: 0x0000028f32c30c80
R15=0x000000000000107c is an unknown value


Top of Stack: (sp=0x000000ac6bbfbbb0)
0x000000ac6bbfbbb0:   0000000000002287 00007ffa68436a64
0x000000ac6bbfbbc0:   0000028f32c5ef90 0000028f52620000
0x000000ac6bbfbbd0:   000000000000000c 00007ffa6842ff68
0x000000ac6bbfbbe0:   000000000000107c 0000000000000002
0x000000ac6bbfbbf0:   0000000000000011 000000ac6bbfbd30
0x000000ac6bbfbc00:   0000000000000000 000000010000102c
0x000000ac6bbfbc10:   0000002200000011 0080028f53461fa0
0x000000ac6bbfbc20:   0000028f52fdf300 0000028f50c58dd0
0x000000ac6bbfbc30:   0000000000000001 0000000000000000
0x000000ac6bbfbc40:   0000028f32a53c10 000000ac6bbfc1c0
0x000000ac6bbfbc50:   00000000000003d8 00007ffa6828a691
0x000000ac6bbfbc60:   000000ac6bbfc0e0 000000ac6bbfbd60
0x000000ac6bbfbc70:   0000028f32a53c20 0000028f32a53c10
0x000000ac6bbfbc80:   0000000000000000 00007ffaa4669cee
0x000000ac6bbfbc90:   0000028f00000006 0000028f32a53c10
0x000000ac6bbfbca0:   0000028f531be480 0000028f531c3770 

Instructions: (pc=0x00007ffa68436910)
0x00007ffa68436810:   48 8b 8e d0 08 00 00 48 85 c9 75 0c e8 7f 09 00
0x00007ffa68436820:   00 48 8b 8e d0 08 00 00 48 8b 01 0f 57 c0 48 89
0x00007ffa68436830:   86 d0 08 00 00 0f 11 01 0f 11 41 10 0f 10 45 00
0x00007ffa68436840:   0f 11 01 0f 10 4d 10 0f 11 49 10 48 8b 43 08 49
0x00007ffa68436850:   89 0c 06 48 8d 0d 8e 30 7a 00 ff c7 ba 50 00 00
0x00007ffa68436860:   00 3b bb 90 00 00 00 0f 82 63 ff ff ff 4c 8b 74
0x00007ffa68436870:   24 58 4c 8b 64 24 50 48 8b c3 48 8b 5c 24 60 48
0x00007ffa68436880:   83 c4 20 41 5f 41 5d 5f 5e 5d c3 cc cc cc cc cc
0x00007ffa68436890:   48 89 74 24 18 57 48 83 ec 20 8b 51 0c 48 8b f9
0x00007ffa684368a0:   83 fa 04 73 29 48 8b 49 18 0f 1f 80 00 00 00 00
0x00007ffa684368b0:   8b c2 44 8d 4a 01 48 83 3c c1 00 4c 8d 14 c1 0f
0x00007ffa684368c0:   85 91 00 00 00 41 8b d1 41 83 f9 04 72 e2 48 89
0x00007ffa684368d0:   5c 24 30 8b 5f 10 48 89 6c 24 38 3b 5f 14 73 5f
0x00007ffa684368e0:   48 8d 2d 01 30 7a 00 66 0f 1f 84 00 00 00 00 00
0x00007ffa684368f0:   48 8b 47 20 8b cb 48 8b 14 c8 48 3b d5 74 39 33
0x00007ffa68436900:   c0 48 89 57 18 33 c9 66 0f 1f 84 00 00 00 00 00
0x00007ffa68436910:   48 83 3c 11 00 44 8d 48 01 75 78 48 83 c1 08 41
0x00007ffa68436920:   8b c1 41 83 f9 04 72 e8 48 8b 4f 28 48 85 c9 74
0x00007ffa68436930:   07 8b d3 e8 58 01 00 00 ff c3 3b 5f 14 72 b1 33
0x00007ffa68436940:   c0 48 8b 5c 24 30 48 8b 6c 24 38 48 8b 74 24 40
0x00007ffa68436950:   48 83 c4 20 5f c3 8b 47 10 48 8b 74 24 40 44 8d
0x00007ffa68436960:   04 82 41 c1 e0 06 41 81 c0 00 ff ff ff 44 89 47
0x00007ffa68436970:   08 49 8b 12 48 0f bc c2 44 89 4f 0c 8b c8 48 d3
0x00007ffa68436980:   ea 48 ff ca 41 03 c0 48 89 17 89 47 08 48 83 c4
0x00007ffa68436990:   20 5f c3 8b c8 44 8d 04 98 41 c1 e0 06 8d 43 01
0x00007ffa684369a0:   44 89 47 08 48 8b 14 ca 89 47 10 48 0f bc c2 44
0x00007ffa684369b0:   89 4f 0c 8b c8 48 d3 ea 48 ff ca 41 03 c0 48 89
0x00007ffa684369c0:   17 89 47 08 e9 78 ff ff ff cc cc cc cc cc cc cc
0x00007ffa684369d0:   40 53 48 83 ec 20 65 48 8b 04 25 58 00 00 00 8b
0x00007ffa684369e0:   0d 93 18 7e 00 48 8b 1c c8 b8 50 00 00 00 80 3c
0x00007ffa684369f0:   18 00 75 05 e8 b3 fa 4c 00 b8 20 00 00 00 48 8b
0x00007ffa68436a00:   04 18 48 8b 88 d8 04 00 00 48 8b 99 80 00 00 00 


Stack slot to memory mapping:
stack at sp + 0 slots: 0x0000000000002287 is an unknown value
stack at sp + 1 slots: 0x00007ffa68436a64 jvm.dll
stack at sp + 2 slots: 0x0000028f32c5ef90 points into unknown readable memory: 0x0000000000000006 | 06 00 00 00 00 00 00 00
stack at sp + 3 slots: 0x0000028f52620000 points into unknown readable memory: 0x000000800000063d | 3d 06 00 00 80 00 00 00
stack at sp + 4 slots: 0x000000000000000c is an unknown value
stack at sp + 5 slots: 0x00007ffa6842ff68 jvm.dll
stack at sp + 6 slots: 0x000000000000107c is an unknown value
stack at sp + 7 slots: 0x0000000000000002 is an unknown value


---------------  P R O C E S S  ---------------

Threads class SMR info:
_java_thread_list=0x0000028f52833e60, length=33, elements={
0x0000028f155069c0, 0x0000028f328491b0, 0x0000028f32849d70, 0x0000028f32861de0,
0x0000028f328628b0, 0x0000028f32865380, 0x0000028f32867d50, 0x0000028f32868af0,
0x0000028f32874ab0, 0x0000028f329b8070, 0x0000028f32835c10, 0x0000028f32aa10b0,
0x0000028f32aa15d0, 0x0000028f32ac23f0, 0x0000028f32c05bc0, 0x0000028f32c30c80,
0x0000028f4c1f6200, 0x0000028f4c02c860, 0x0000028f4c9ba9b0, 0x0000028f4d7ce800,
0x0000028f4e32f890, 0x0000028f4dd845f0, 0x0000028f4d5fbf50, 0x0000028f4d5fcc40,
0x0000028f4e2dc630, 0x0000028f4e2dda70, 0x0000028f4e2dd050, 0x0000028f4e2da7d0,
0x0000028f4e2dd560, 0x0000028f4e2dace0, 0x0000028f4e2db1f0, 0x0000028f4e2dcb40,
0x0000028f4ed32e30
}

Java Threads: ( => current thread )
  0x0000028f155069c0 JavaThread "main" [_thread_blocked, id=18320, stack(0x000000ac6a500000,0x000000ac6a600000)]
  0x0000028f328491b0 JavaThread "Reference Handler" daemon [_thread_blocked, id=266900, stack(0x000000ac6ac00000,0x000000ac6ad00000)]
  0x0000028f32849d70 JavaThread "Finalizer" daemon [_thread_blocked, id=289484, stack(0x000000ac6ad00000,0x000000ac6ae00000)]
  0x0000028f32861de0 JavaThread "Signal Dispatcher" daemon [_thread_blocked, id=289440, stack(0x000000ac6ae00000,0x000000ac6af00000)]
  0x0000028f328628b0 JavaThread "Attach Listener" daemon [_thread_blocked, id=289500, stack(0x000000ac6af00000,0x000000ac6b000000)]
  0x0000028f32865380 JavaThread "Service Thread" daemon [_thread_blocked, id=18052, stack(0x000000ac6b000000,0x000000ac6b100000)]
  0x0000028f32867d50 JavaThread "Monitor Deflation Thread" daemon [_thread_blocked, id=283168, stack(0x000000ac6b100000,0x000000ac6b200000)]
  0x0000028f32868af0 JavaThread "C2 CompilerThread0" daemon [_thread_in_native, id=288756, stack(0x000000ac6b200000,0x000000ac6b300000)]
  0x0000028f32874ab0 JavaThread "C1 CompilerThread0" daemon [_thread_blocked, id=289508, stack(0x000000ac6b300000,0x000000ac6b400000)]
  0x0000028f329b8070 JavaThread "Sweeper thread" daemon [_thread_blocked, id=288400, stack(0x000000ac6b400000,0x000000ac6b500000)]
  0x0000028f32835c10 JavaThread "Common-Cleaner" daemon [_thread_blocked, id=284092, stack(0x000000ac6b500000,0x000000ac6b600000)]
  0x0000028f32aa10b0 JavaThread "C1 CompilerThread1" daemon [_thread_blocked, id=288744, stack(0x000000ac6b600000,0x000000ac6b700000)]
  0x0000028f32aa15d0 JavaThread "C1 CompilerThread2" daemon [_thread_blocked, id=286976, stack(0x000000ac6b700000,0x000000ac6b800000)]
  0x0000028f32ac23f0 JavaThread "C2 CompilerThread1" daemon [_thread_in_native, id=288852, stack(0x000000ac6b800000,0x000000ac6b900000)]
  0x0000028f32c05bc0 JavaThread "Notification Thread" daemon [_thread_blocked, id=280144, stack(0x000000ac6b900000,0x000000ac6ba00000)]
=>0x0000028f32c30c80 JavaThread "C2 CompilerThread2" daemon [_thread_in_native, id=289608, stack(0x000000ac6bb00000,0x000000ac6bc00000)]
  0x0000028f4c1f6200 JavaThread "C2 CompilerThread3" daemon [_thread_in_native, id=287044, stack(0x000000ac6bc00000,0x000000ac6bd00000)]
  0x0000028f4c02c860 JavaThread "C2 CompilerThread4" daemon [_thread_in_native, id=36564, stack(0x000000ac6bd00000,0x000000ac6be00000)]
  0x0000028f4c9ba9b0 JavaThread "C1 CompilerThread3" daemon [_thread_blocked, id=36544, stack(0x000000ac6c400000,0x000000ac6c500000)]
  0x0000028f4d7ce800 JavaThread "Daemon health stats" [_thread_blocked, id=35220, stack(0x000000ac6c500000,0x000000ac6c600000)]
  0x0000028f4e32f890 JavaThread "Incoming local TCP Connector on port 55659" [_thread_in_native, id=35640, stack(0x000000ac6c600000,0x000000ac6c700000)]
  0x0000028f4dd845f0 JavaThread "Daemon periodic checks" [_thread_blocked, id=15400, stack(0x000000ac6c700000,0x000000ac6c800000)]
  0x0000028f4d5fbf50 JavaThread "Daemon" [_thread_blocked, id=35888, stack(0x000000ac6c800000,0x000000ac6c900000)]
  0x0000028f4d5fcc40 JavaThread "Handler for socket connection from /127.0.0.1:55659 to /127.0.0.1:55660" [_thread_in_native, id=36304, stack(0x000000ac6c900000,0x000000ac6ca00000)]
  0x0000028f4e2dc630 JavaThread "Cancel handler" [_thread_blocked, id=3644, stack(0x000000ac6ca00000,0x000000ac6cb00000)]
  0x0000028f4e2dda70 JavaThread "Daemon worker" [_thread_in_native, id=36768, stack(0x000000ac6cb00000,0x000000ac6cc00000)]
  0x0000028f4e2dd050 JavaThread "Asynchronous log dispatcher for DefaultDaemonConnection: socket connection from /127.0.0.1:55659 to /127.0.0.1:55660" [_thread_blocked, id=32952, stack(0x000000ac6cc00000,0x000000ac6cd00000)]
  0x0000028f4e2da7d0 JavaThread "Stdin handler" [_thread_blocked, id=23584, stack(0x000000ac6cd00000,0x000000ac6ce00000)]
  0x0000028f4e2dd560 JavaThread "Daemon client event forwarder" [_thread_blocked, id=37388, stack(0x000000ac6ce00000,0x000000ac6cf00000)]
  0x0000028f4e2dace0 JavaThread "Cache worker for journal cache (C:\Users\tmmat\.gradle\caches\journal-1)" [_thread_blocked, id=37272, stack(0x000000ac6cf00000,0x000000ac6d000000)]
  0x0000028f4e2db1f0 JavaThread "File lock request listener" [_thread_in_native, id=37356, stack(0x000000ac6d000000,0x000000ac6d100000)]
  0x0000028f4e2dcb40 JavaThread "Cache worker for file hash cache (C:\Users\tmmat\.gradle\caches\8.11.1\fileHashes)" [_thread_blocked, id=34852, stack(0x000000ac6be00000,0x000000ac6bf00000)]
  0x0000028f4ed32e30 JavaThread "Cache worker for file content cache (C:\Users\tmmat\.gradle\caches\8.11.1\fileContent)" [_thread_blocked, id=288516, stack(0x000000ac6d100000,0x000000ac6d200000)]

Other Threads:
  0x0000028f32847b70 VMThread "VM Thread" [stack: 0x000000ac6ab00000,0x000000ac6ac00000] [id=286864]
  0x0000028f3270fa80 WatcherThread [stack: 0x000000ac6ba00000,0x000000ac6bb00000] [id=21912]
  0x0000028f155358b0 GCTaskThread "GC Thread#0" [stack: 0x000000ac6a600000,0x000000ac6a700000] [id=5844]
  0x0000028f4c750130 GCTaskThread "GC Thread#1" [stack: 0x000000ac6bf00000,0x000000ac6c000000] [id=37260]
  0x0000028f4c1edf00 GCTaskThread "GC Thread#2" [stack: 0x000000ac6c000000,0x000000ac6c100000] [id=37332]
  0x0000028f4c375730 GCTaskThread "GC Thread#3" [stack: 0x000000ac6c100000,0x000000ac6c200000] [id=36508]
  0x0000028f4c3e0af0 GCTaskThread "GC Thread#4" [stack: 0x000000ac6c200000,0x000000ac6c300000] [id=37292]
  0x0000028f4c3759f0 GCTaskThread "GC Thread#5" [stack: 0x000000ac6c300000,0x000000ac6c400000] [id=37396]
  0x0000028f1553c820 ConcurrentGCThread "G1 Main Marker" [stack: 0x000000ac6a700000,0x000000ac6a800000] [id=286808]
  0x0000028f1553d230 ConcurrentGCThread "G1 Conc#0" [stack: 0x000000ac6a800000,0x000000ac6a900000] [id=256016]
  0x0000028f155cdb40 ConcurrentGCThread "G1 Refine#0" [stack: 0x000000ac6a900000,0x000000ac6aa00000] [id=289544]
  0x0000028f155ce570 ConcurrentGCThread "G1 Service" [stack: 0x000000ac6aa00000,0x000000ac6ab00000] [id=17544]

Threads with active compile tasks:
C2 CompilerThread0     1374 2710   !   4       java.net.URL::<init> (543 bytes)
C2 CompilerThread1     1374 2619   !   4       java.net.URLClassLoader::findClass (47 bytes)
C2 CompilerThread2     1374 2620       4       java.net.URLClassLoader$1::run (5 bytes)
C2 CompilerThread3     1374 2718   !   4       java.util.concurrent.ConcurrentHashMap::transfer (849 bytes)
C2 CompilerThread4     1374 2678   !   4       java.net.URLClassLoader$1::run (81 bytes)

VM state: not at safepoint (normal execution)

VM Mutex/Monitor currently owned by a thread: None

Heap address: 0x00000000e0000000, size: 512 MB, Compressed Oops mode: 32-bit

CDS archive(s) mapped at: [0x0000028f33000000-0x0000028f33bd0000-0x0000028f33bd0000), size 12386304, SharedBaseAddress: 0x0000028f33000000, ArchiveRelocationMode: 1.
Compressed class space mapped at: 0x0000028f34000000-0x0000028f48000000, reserved size: 335544320
Narrow klass base: 0x0000028f33000000, Narrow klass shift: 0, Narrow klass range: 0x100000000

GC Precious Log:
 CPUs: 16 total, 16 available
 Memory: 31893M
 Large Page Support: Disabled
 NUMA Support: Disabled
 Compressed Oops: Enabled (32-bit)
 Heap Region Size: 1M
 Heap Min Capacity: 256M
 Heap Initial Capacity: 256M
 Heap Max Capacity: 512M
 Pre-touch: Disabled
 Parallel Workers: 13
 Concurrent Workers: 3
 Concurrent Refinement Workers: 13
 Periodic GC: Disabled

Heap:
 garbage-first heap   total 262144K, used 101065K [0x00000000e0000000, 0x0000000100000000)
  region size 1024K, 88 young (90112K), 5 survivors (5120K)
 Metaspace       used 18886K, committed 19136K, reserved 393216K
  class space    used 2750K, committed 2880K, reserved 327680K

Heap Regions: E=young(eden), S=young(survivor), O=old, HS=humongous(starts), HC=humongous(continues), CS=collection set, F=free, OA=open archive, CA=closed archive, TAMS=top-at-mark-start (previous, next)
|   0|0x00000000e0000000, 0x00000000e0100000, 0x00000000e0100000|100%|HS|  |TAMS 0x00000000e0000000, 0x00000000e0000000| Complete 
|   1|0x00000000e0100000, 0x00000000e0200000, 0x00000000e0200000|100%|HC|  |TAMS 0x00000000e0100000, 0x00000000e0100000| Complete 
|   2|0x00000000e0200000, 0x00000000e0300000, 0x00000000e0300000|100%|HC|  |TAMS 0x00000000e0200000, 0x00000000e0200000| Complete 
|   3|0x00000000e0300000, 0x00000000e0400000, 0x00000000e0400000|100%| O|  |TAMS 0x00000000e0300000, 0x00000000e0300000| Untracked 
|   4|0x00000000e0400000, 0x00000000e0500000, 0x00000000e0500000|100%| O|  |TAMS 0x00000000e0400000, 0x00000000e0400000| Untracked 
|   5|0x00000000e0500000, 0x00000000e0600000, 0x00000000e0600000|100%| O|  |TAMS 0x00000000e0500000, 0x00000000e0500000| Untracked 
|   6|0x00000000e0600000, 0x00000000e0700000, 0x00000000e0700000|100%|HS|  |TAMS 0x00000000e0600000, 0x00000000e0600000| Complete 
|   7|0x00000000e0700000, 0x00000000e0700000, 0x00000000e0800000|  0%| F|  |TAMS 0x00000000e0700000, 0x00000000e0700000| Untracked 
|   8|0x00000000e0800000, 0x00000000e0900000, 0x00000000e0900000|100%| O|  |TAMS 0x00000000e0800000, 0x00000000e0800000| Untracked 
|   9|0x00000000e0900000, 0x00000000e0a00000, 0x00000000e0a00000|100%| O|  |TAMS 0x00000000e0900000, 0x00000000e0900000| Untracked 
|  10|0x00000000e0a00000, 0x00000000e0b00000, 0x00000000e0b00000|100%| O|  |TAMS 0x00000000e0a00000, 0x00000000e0a00000| Untracked 
|  11|0x00000000e0b00000, 0x00000000e0c00000, 0x00000000e0c00000|100%| O|  |TAMS 0x00000000e0b00000, 0x00000000e0b00000| Untracked 
|  12|0x00000000e0c00000, 0x00000000e0ce8000, 0x00000000e0d00000| 90%| O|  |TAMS 0x00000000e0c00000, 0x00000000e0c00000| Untracked 
|  13|0x00000000e0d00000, 0x00000000e0d00000, 0x00000000e0e00000|  0%| F|  |TAMS 0x00000000e0d00000, 0x00000000e0d00000| Untracked 
|  14|0x00000000e0e00000, 0x00000000e0e00000, 0x00000000e0f00000|  0%| F|  |TAMS 0x00000000e0e00000, 0x00000000e0e00000| Untracked 
|  15|0x00000000e0f00000, 0x00000000e0f00000, 0x00000000e1000000|  0%| F|  |TAMS 0x00000000e0f00000, 0x00000000e0f00000| Untracked 
|  16|0x00000000e1000000, 0x00000000e1000000, 0x00000000e1100000|  0%| F|  |TAMS 0x00000000e1000000, 0x00000000e1000000| Untracked 
|  17|0x00000000e1100000, 0x00000000e1100000, 0x00000000e1200000|  0%| F|  |TAMS 0x00000000e1100000, 0x00000000e1100000| Untracked 
|  18|0x00000000e1200000, 0x00000000e1200000, 0x00000000e1300000|  0%| F|  |TAMS 0x00000000e1200000, 0x00000000e1200000| Untracked 
|  19|0x00000000e1300000, 0x00000000e1300000, 0x00000000e1400000|  0%| F|  |TAMS 0x00000000e1300000, 0x00000000e1300000| Untracked 
|  20|0x00000000e1400000, 0x00000000e1400000, 0x00000000e1500000|  0%| F|  |TAMS 0x00000000e1400000, 0x00000000e1400000| Untracked 
|  21|0x00000000e1500000, 0x00000000e1500000, 0x00000000e1600000|  0%| F|  |TAMS 0x00000000e1500000, 0x00000000e1500000| Untracked 
|  22|0x00000000e1600000, 0x00000000e1600000, 0x00000000e1700000|  0%| F|  |TAMS 0x00000000e1600000, 0x00000000e1600000| Untracked 
|  23|0x00000000e1700000, 0x00000000e1700000, 0x00000000e1800000|  0%| F|  |TAMS 0x00000000e1700000, 0x00000000e1700000| Untracked 
|  24|0x00000000e1800000, 0x00000000e1800000, 0x00000000e1900000|  0%| F|  |TAMS 0x00000000e1800000, 0x00000000e1800000| Untracked 
|  25|0x00000000e1900000, 0x00000000e1900000, 0x00000000e1a00000|  0%| F|  |TAMS 0x00000000e1900000, 0x00000000e1900000| Untracked 
|  26|0x00000000e1a00000, 0x00000000e1a00000, 0x00000000e1b00000|  0%| F|  |TAMS 0x00000000e1a00000, 0x00000000e1a00000| Untracked 
|  27|0x00000000e1b00000, 0x00000000e1b00000, 0x00000000e1c00000|  0%| F|  |TAMS 0x00000000e1b00000, 0x00000000e1b00000| Untracked 
|  28|0x00000000e1c00000, 0x00000000e1c00000, 0x00000000e1d00000|  0%| F|  |TAMS 0x00000000e1c00000, 0x00000000e1c00000| Untracked 
|  29|0x00000000e1d00000, 0x00000000e1d00000, 0x00000000e1e00000|  0%| F|  |TAMS 0x00000000e1d00000, 0x00000000e1d00000| Untracked 
|  30|0x00000000e1e00000, 0x00000000e1e00000, 0x00000000e1f00000|  0%| F|  |TAMS 0x00000000e1e00000, 0x00000000e1e00000| Untracked 
|  31|0x00000000e1f00000, 0x00000000e1f00000, 0x00000000e2000000|  0%| F|  |TAMS 0x00000000e1f00000, 0x00000000e1f00000| Untracked 
|  32|0x00000000e2000000, 0x00000000e2000000, 0x00000000e2100000|  0%| F|  |TAMS 0x00000000e2000000, 0x00000000e2000000| Untracked 
|  33|0x00000000e2100000, 0x00000000e2100000, 0x00000000e2200000|  0%| F|  |TAMS 0x00000000e2100000, 0x00000000e2100000| Untracked 
|  34|0x00000000e2200000, 0x00000000e2200000, 0x00000000e2300000|  0%| F|  |TAMS 0x00000000e2200000, 0x00000000e2200000| Untracked 
|  35|0x00000000e2300000, 0x00000000e2300000, 0x00000000e2400000|  0%| F|  |TAMS 0x00000000e2300000, 0x00000000e2300000| Untracked 
|  36|0x00000000e2400000, 0x00000000e2400000, 0x00000000e2500000|  0%| F|  |TAMS 0x00000000e2400000, 0x00000000e2400000| Untracked 
|  37|0x00000000e2500000, 0x00000000e2500000, 0x00000000e2600000|  0%| F|  |TAMS 0x00000000e2500000, 0x00000000e2500000| Untracked 
|  38|0x00000000e2600000, 0x00000000e2600000, 0x00000000e2700000|  0%| F|  |TAMS 0x00000000e2600000, 0x00000000e2600000| Untracked 
|  39|0x00000000e2700000, 0x00000000e2700000, 0x00000000e2800000|  0%| F|  |TAMS 0x00000000e2700000, 0x00000000e2700000| Untracked 
|  40|0x00000000e2800000, 0x00000000e2800000, 0x00000000e2900000|  0%| F|  |TAMS 0x00000000e2800000, 0x00000000e2800000| Untracked 
|  41|0x00000000e2900000, 0x00000000e2900000, 0x00000000e2a00000|  0%| F|  |TAMS 0x00000000e2900000, 0x00000000e2900000| Untracked 
|  42|0x00000000e2a00000, 0x00000000e2a00000, 0x00000000e2b00000|  0%| F|  |TAMS 0x00000000e2a00000, 0x00000000e2a00000| Untracked 
|  43|0x00000000e2b00000, 0x00000000e2b00000, 0x00000000e2c00000|  0%| F|  |TAMS 0x00000000e2b00000, 0x00000000e2b00000| Untracked 
|  44|0x00000000e2c00000, 0x00000000e2c00000, 0x00000000e2d00000|  0%| F|  |TAMS 0x00000000e2c00000, 0x00000000e2c00000| Untracked 
|  45|0x00000000e2d00000, 0x00000000e2d00000, 0x00000000e2e00000|  0%| F|  |TAMS 0x00000000e2d00000, 0x00000000e2d00000| Untracked 
|  46|0x00000000e2e00000, 0x00000000e2e00000, 0x00000000e2f00000|  0%| F|  |TAMS 0x00000000e2e00000, 0x00000000e2e00000| Untracked 
|  47|0x00000000e2f00000, 0x00000000e2f00000, 0x00000000e3000000|  0%| F|  |TAMS 0x00000000e2f00000, 0x00000000e2f00000| Untracked 
|  48|0x00000000e3000000, 0x00000000e3000000, 0x00000000e3100000|  0%| F|  |TAMS 0x00000000e3000000, 0x00000000e3000000| Untracked 
|  49|0x00000000e3100000, 0x00000000e3100000, 0x00000000e3200000|  0%| F|  |TAMS 0x00000000e3100000, 0x00000000e3100000| Untracked 
|  50|0x00000000e3200000, 0x00000000e3200000, 0x00000000e3300000|  0%| F|  |TAMS 0x00000000e3200000, 0x00000000e3200000| Untracked 
|  51|0x00000000e3300000, 0x00000000e3300000, 0x00000000e3400000|  0%| F|  |TAMS 0x00000000e3300000, 0x00000000e3300000| Untracked 
|  52|0x00000000e3400000, 0x00000000e3400000, 0x00000000e3500000|  0%| F|  |TAMS 0x00000000e3400000, 0x00000000e3400000| Untracked 
|  53|0x00000000e3500000, 0x00000000e3500000, 0x00000000e3600000|  0%| F|  |TAMS 0x00000000e3500000, 0x00000000e3500000| Untracked 
|  54|0x00000000e3600000, 0x00000000e3600000, 0x00000000e3700000|  0%| F|  |TAMS 0x00000000e3600000, 0x00000000e3600000| Untracked 
|  55|0x00000000e3700000, 0x00000000e3700000, 0x00000000e3800000|  0%| F|  |TAMS 0x00000000e3700000, 0x00000000e3700000| Untracked 
|  56|0x00000000e3800000, 0x00000000e3800000, 0x00000000e3900000|  0%| F|  |TAMS 0x00000000e3800000, 0x00000000e3800000| Untracked 
|  57|0x00000000e3900000, 0x00000000e3900000, 0x00000000e3a00000|  0%| F|  |TAMS 0x00000000e3900000, 0x00000000e3900000| Untracked 
|  58|0x00000000e3a00000, 0x00000000e3a00000, 0x00000000e3b00000|  0%| F|  |TAMS 0x00000000e3a00000, 0x00000000e3a00000| Untracked 
|  59|0x00000000e3b00000, 0x00000000e3b00000, 0x00000000e3c00000|  0%| F|  |TAMS 0x00000000e3b00000, 0x00000000e3b00000| Untracked 
|  60|0x00000000e3c00000, 0x00000000e3c00000, 0x00000000e3d00000|  0%| F|  |TAMS 0x00000000e3c00000, 0x00000000e3c00000| Untracked 
|  61|0x00000000e3d00000, 0x00000000e3d00000, 0x00000000e3e00000|  0%| F|  |TAMS 0x00000000e3d00000, 0x00000000e3d00000| Untracked 
|  62|0x00000000e3e00000, 0x00000000e3e00000, 0x00000000e3f00000|  0%| F|  |TAMS 0x00000000e3e00000, 0x00000000e3e00000| Untracked 
|  63|0x00000000e3f00000, 0x00000000e3f00000, 0x00000000e4000000|  0%| F|  |TAMS 0x00000000e3f00000, 0x00000000e3f00000| Untracked 
|  64|0x00000000e4000000, 0x00000000e4000000, 0x00000000e4100000|  0%| F|  |TAMS 0x00000000e4000000, 0x00000000e4000000| Untracked 
|  65|0x00000000e4100000, 0x00000000e4100000, 0x00000000e4200000|  0%| F|  |TAMS 0x00000000e4100000, 0x00000000e4100000| Untracked 
|  66|0x00000000e4200000, 0x00000000e4200000, 0x00000000e4300000|  0%| F|  |TAMS 0x00000000e4200000, 0x00000000e4200000| Untracked 
|  67|0x00000000e4300000, 0x00000000e4300000, 0x00000000e4400000|  0%| F|  |TAMS 0x00000000e4300000, 0x00000000e4300000| Untracked 
|  68|0x00000000e4400000, 0x00000000e4400000, 0x00000000e4500000|  0%| F|  |TAMS 0x00000000e4400000, 0x00000000e4400000| Untracked 
|  69|0x00000000e4500000, 0x00000000e4500000, 0x00000000e4600000|  0%| F|  |TAMS 0x00000000e4500000, 0x00000000e4500000| Untracked 
|  70|0x00000000e4600000, 0x00000000e4600000, 0x00000000e4700000|  0%| F|  |TAMS 0x00000000e4600000, 0x00000000e4600000| Untracked 
|  71|0x00000000e4700000, 0x00000000e4700000, 0x00000000e4800000|  0%| F|  |TAMS 0x00000000e4700000, 0x00000000e4700000| Untracked 
|  72|0x00000000e4800000, 0x00000000e4800000, 0x00000000e4900000|  0%| F|  |TAMS 0x00000000e4800000, 0x00000000e4800000| Untracked 
|  73|0x00000000e4900000, 0x00000000e4900000, 0x00000000e4a00000|  0%| F|  |TAMS 0x00000000e4900000, 0x00000000e4900000| Untracked 
|  74|0x00000000e4a00000, 0x00000000e4a00000, 0x00000000e4b00000|  0%| F|  |TAMS 0x00000000e4a00000, 0x00000000e4a00000| Untracked 
|  75|0x00000000e4b00000, 0x00000000e4b00000, 0x00000000e4c00000|  0%| F|  |TAMS 0x00000000e4b00000, 0x00000000e4b00000| Untracked 
|  76|0x00000000e4c00000, 0x00000000e4c00000, 0x00000000e4d00000|  0%| F|  |TAMS 0x00000000e4c00000, 0x00000000e4c00000| Untracked 
|  77|0x00000000e4d00000, 0x00000000e4d00000, 0x00000000e4e00000|  0%| F|  |TAMS 0x00000000e4d00000, 0x00000000e4d00000| Untracked 
|  78|0x00000000e4e00000, 0x00000000e4e00000, 0x00000000e4f00000|  0%| F|  |TAMS 0x00000000e4e00000, 0x00000000e4e00000| Untracked 
|  79|0x00000000e4f00000, 0x00000000e4f00000, 0x00000000e5000000|  0%| F|  |TAMS 0x00000000e4f00000, 0x00000000e4f00000| Untracked 
|  80|0x00000000e5000000, 0x00000000e5000000, 0x00000000e5100000|  0%| F|  |TAMS 0x00000000e5000000, 0x00000000e5000000| Untracked 
|  81|0x00000000e5100000, 0x00000000e5100000, 0x00000000e5200000|  0%| F|  |TAMS 0x00000000e5100000, 0x00000000e5100000| Untracked 
|  82|0x00000000e5200000, 0x00000000e5200000, 0x00000000e5300000|  0%| F|  |TAMS 0x00000000e5200000, 0x00000000e5200000| Untracked 
|  83|0x00000000e5300000, 0x00000000e5300000, 0x00000000e5400000|  0%| F|  |TAMS 0x00000000e5300000, 0x00000000e5300000| Untracked 
|  84|0x00000000e5400000, 0x00000000e5400000, 0x00000000e5500000|  0%| F|  |TAMS 0x00000000e5400000, 0x00000000e5400000| Untracked 
|  85|0x00000000e5500000, 0x00000000e5500000, 0x00000000e5600000|  0%| F|  |TAMS 0x00000000e5500000, 0x00000000e5500000| Untracked 
|  86|0x00000000e5600000, 0x00000000e5600000, 0x00000000e5700000|  0%| F|  |TAMS 0x00000000e5600000, 0x00000000e5600000| Untracked 
|  87|0x00000000e5700000, 0x00000000e5700000, 0x00000000e5800000|  0%| F|  |TAMS 0x00000000e5700000, 0x00000000e5700000| Untracked 
|  88|0x00000000e5800000, 0x00000000e5800000, 0x00000000e5900000|  0%| F|  |TAMS 0x00000000e5800000, 0x00000000e5800000| Untracked 
|  89|0x00000000e5900000, 0x00000000e5900000, 0x00000000e5a00000|  0%| F|  |TAMS 0x00000000e5900000, 0x00000000e5900000| Untracked 
|  90|0x00000000e5a00000, 0x00000000e5a00000, 0x00000000e5b00000|  0%| F|  |TAMS 0x00000000e5a00000, 0x00000000e5a00000| Untracked 
|  91|0x00000000e5b00000, 0x00000000e5b00000, 0x00000000e5c00000|  0%| F|  |TAMS 0x00000000e5b00000, 0x00000000e5b00000| Untracked 
|  92|0x00000000e5c00000, 0x00000000e5c00000, 0x00000000e5d00000|  0%| F|  |TAMS 0x00000000e5c00000, 0x00000000e5c00000| Untracked 
|  93|0x00000000e5d00000, 0x00000000e5d00000, 0x00000000e5e00000|  0%| F|  |TAMS 0x00000000e5d00000, 0x00000000e5d00000| Untracked 
|  94|0x00000000e5e00000, 0x00000000e5e00000, 0x00000000e5f00000|  0%| F|  |TAMS 0x00000000e5e00000, 0x00000000e5e00000| Untracked 
|  95|0x00000000e5f00000, 0x00000000e5f00000, 0x00000000e6000000|  0%| F|  |TAMS 0x00000000e5f00000, 0x00000000e5f00000| Untracked 
|  96|0x00000000e6000000, 0x00000000e6000000, 0x00000000e6100000|  0%| F|  |TAMS 0x00000000e6000000, 0x00000000e6000000| Untracked 
|  97|0x00000000e6100000, 0x00000000e6100000, 0x00000000e6200000|  0%| F|  |TAMS 0x00000000e6100000, 0x00000000e6100000| Untracked 
|  98|0x00000000e6200000, 0x00000000e6200000, 0x00000000e6300000|  0%| F|  |TAMS 0x00000000e6200000, 0x00000000e6200000| Untracked 
|  99|0x00000000e6300000, 0x00000000e6300000, 0x00000000e6400000|  0%| F|  |TAMS 0x00000000e6300000, 0x00000000e6300000| Untracked 
| 100|0x00000000e6400000, 0x00000000e6400000, 0x00000000e6500000|  0%| F|  |TAMS 0x00000000e6400000, 0x00000000e6400000| Untracked 
| 101|0x00000000e6500000, 0x00000000e6500000, 0x00000000e6600000|  0%| F|  |TAMS 0x00000000e6500000, 0x00000000e6500000| Untracked 
| 102|0x00000000e6600000, 0x00000000e6600000, 0x00000000e6700000|  0%| F|  |TAMS 0x00000000e6600000, 0x00000000e6600000| Untracked 
| 103|0x00000000e6700000, 0x00000000e6700000, 0x00000000e6800000|  0%| F|  |TAMS 0x00000000e6700000, 0x00000000e6700000| Untracked 
| 104|0x00000000e6800000, 0x00000000e6800000, 0x00000000e6900000|  0%| F|  |TAMS 0x00000000e6800000, 0x00000000e6800000| Untracked 
| 105|0x00000000e6900000, 0x00000000e6900000, 0x00000000e6a00000|  0%| F|  |TAMS 0x00000000e6900000, 0x00000000e6900000| Untracked 
| 106|0x00000000e6a00000, 0x00000000e6a00000, 0x00000000e6b00000|  0%| F|  |TAMS 0x00000000e6a00000, 0x00000000e6a00000| Untracked 
| 107|0x00000000e6b00000, 0x00000000e6b00000, 0x00000000e6c00000|  0%| F|  |TAMS 0x00000000e6b00000, 0x00000000e6b00000| Untracked 
| 108|0x00000000e6c00000, 0x00000000e6c00000, 0x00000000e6d00000|  0%| F|  |TAMS 0x00000000e6c00000, 0x00000000e6c00000| Untracked 
| 109|0x00000000e6d00000, 0x00000000e6d00000, 0x00000000e6e00000|  0%| F|  |TAMS 0x00000000e6d00000, 0x00000000e6d00000| Untracked 
| 110|0x00000000e6e00000, 0x00000000e6e00000, 0x00000000e6f00000|  0%| F|  |TAMS 0x00000000e6e00000, 0x00000000e6e00000| Untracked 
| 111|0x00000000e6f00000, 0x00000000e6f00000, 0x00000000e7000000|  0%| F|  |TAMS 0x00000000e6f00000, 0x00000000e6f00000| Untracked 
| 112|0x00000000e7000000, 0x00000000e7000000, 0x00000000e7100000|  0%| F|  |TAMS 0x00000000e7000000, 0x00000000e7000000| Untracked 
| 113|0x00000000e7100000, 0x00000000e7100000, 0x00000000e7200000|  0%| F|  |TAMS 0x00000000e7100000, 0x00000000e7100000| Untracked 
| 114|0x00000000e7200000, 0x00000000e7200000, 0x00000000e7300000|  0%| F|  |TAMS 0x00000000e7200000, 0x00000000e7200000| Untracked 
| 115|0x00000000e7300000, 0x00000000e7300000, 0x00000000e7400000|  0%| F|  |TAMS 0x00000000e7300000, 0x00000000e7300000| Untracked 
| 116|0x00000000e7400000, 0x00000000e7400000, 0x00000000e7500000|  0%| F|  |TAMS 0x00000000e7400000, 0x00000000e7400000| Untracked 
| 117|0x00000000e7500000, 0x00000000e7500000, 0x00000000e7600000|  0%| F|  |TAMS 0x00000000e7500000, 0x00000000e7500000| Untracked 
| 118|0x00000000e7600000, 0x00000000e7600000, 0x00000000e7700000|  0%| F|  |TAMS 0x00000000e7600000, 0x00000000e7600000| Untracked 
| 119|0x00000000e7700000, 0x00000000e7700000, 0x00000000e7800000|  0%| F|  |TAMS 0x00000000e7700000, 0x00000000e7700000| Untracked 
| 120|0x00000000e7800000, 0x00000000e7800000, 0x00000000e7900000|  0%| F|  |TAMS 0x00000000e7800000, 0x00000000e7800000| Untracked 
| 121|0x00000000e7900000, 0x00000000e7900000, 0x00000000e7a00000|  0%| F|  |TAMS 0x00000000e7900000, 0x00000000e7900000| Untracked 
| 122|0x00000000e7a00000, 0x00000000e7a00000, 0x00000000e7b00000|  0%| F|  |TAMS 0x00000000e7a00000, 0x00000000e7a00000| Untracked 
| 123|0x00000000e7b00000, 0x00000000e7b00000, 0x00000000e7c00000|  0%| F|  |TAMS 0x00000000e7b00000, 0x00000000e7b00000| Untracked 
| 124|0x00000000e7c00000, 0x00000000e7c00000, 0x00000000e7d00000|  0%| F|  |TAMS 0x00000000e7c00000, 0x00000000e7c00000| Untracked 
| 125|0x00000000e7d00000, 0x00000000e7d00000, 0x00000000e7e00000|  0%| F|  |TAMS 0x00000000e7d00000, 0x00000000e7d00000| Untracked 
| 126|0x00000000e7e00000, 0x00000000e7e00000, 0x00000000e7f00000|  0%| F|  |TAMS 0x00000000e7e00000, 0x00000000e7e00000| Untracked 
| 127|0x00000000e7f00000, 0x00000000e7f00000, 0x00000000e8000000|  0%| F|  |TAMS 0x00000000e7f00000, 0x00000000e7f00000| Untracked 
| 128|0x00000000e8000000, 0x00000000e8000000, 0x00000000e8100000|  0%| F|  |TAMS 0x00000000e8000000, 0x00000000e8000000| Untracked 
| 129|0x00000000e8100000, 0x00000000e8100000, 0x00000000e8200000|  0%| F|  |TAMS 0x00000000e8100000, 0x00000000e8100000| Untracked 
| 130|0x00000000e8200000, 0x00000000e8200000, 0x00000000e8300000|  0%| F|  |TAMS 0x00000000e8200000, 0x00000000e8200000| Untracked 
| 131|0x00000000e8300000, 0x00000000e8300000, 0x00000000e8400000|  0%| F|  |TAMS 0x00000000e8300000, 0x00000000e8300000| Untracked 
| 132|0x00000000e8400000, 0x00000000e8400000, 0x00000000e8500000|  0%| F|  |TAMS 0x00000000e8400000, 0x00000000e8400000| Untracked 
| 133|0x00000000e8500000, 0x00000000e8500000, 0x00000000e8600000|  0%| F|  |TAMS 0x00000000e8500000, 0x00000000e8500000| Untracked 
| 134|0x00000000e8600000, 0x00000000e8600000, 0x00000000e8700000|  0%| F|  |TAMS 0x00000000e8600000, 0x00000000e8600000| Untracked 
| 135|0x00000000e8700000, 0x00000000e8700000, 0x00000000e8800000|  0%| F|  |TAMS 0x00000000e8700000, 0x00000000e8700000| Untracked 
| 136|0x00000000e8800000, 0x00000000e8800000, 0x00000000e8900000|  0%| F|  |TAMS 0x00000000e8800000, 0x00000000e8800000| Untracked 
| 137|0x00000000e8900000, 0x00000000e8900000, 0x00000000e8a00000|  0%| F|  |TAMS 0x00000000e8900000, 0x00000000e8900000| Untracked 
| 138|0x00000000e8a00000, 0x00000000e8a00000, 0x00000000e8b00000|  0%| F|  |TAMS 0x00000000e8a00000, 0x00000000e8a00000| Untracked 
| 139|0x00000000e8b00000, 0x00000000e8b00000, 0x00000000e8c00000|  0%| F|  |TAMS 0x00000000e8b00000, 0x00000000e8b00000| Untracked 
| 140|0x00000000e8c00000, 0x00000000e8c00000, 0x00000000e8d00000|  0%| F|  |TAMS 0x00000000e8c00000, 0x00000000e8c00000| Untracked 
| 141|0x00000000e8d00000, 0x00000000e8d00000, 0x00000000e8e00000|  0%| F|  |TAMS 0x00000000e8d00000, 0x00000000e8d00000| Untracked 
| 142|0x00000000e8e00000, 0x00000000e8e00000, 0x00000000e8f00000|  0%| F|  |TAMS 0x00000000e8e00000, 0x00000000e8e00000| Untracked 
| 143|0x00000000e8f00000, 0x00000000e8f00000, 0x00000000e9000000|  0%| F|  |TAMS 0x00000000e8f00000, 0x00000000e8f00000| Untracked 
| 144|0x00000000e9000000, 0x00000000e9000000, 0x00000000e9100000|  0%| F|  |TAMS 0x00000000e9000000, 0x00000000e9000000| Untracked 
| 145|0x00000000e9100000, 0x00000000e9100000, 0x00000000e9200000|  0%| F|  |TAMS 0x00000000e9100000, 0x00000000e9100000| Untracked 
| 146|0x00000000e9200000, 0x00000000e9200000, 0x00000000e9300000|  0%| F|  |TAMS 0x00000000e9200000, 0x00000000e9200000| Untracked 
| 147|0x00000000e9300000, 0x00000000e9300000, 0x00000000e9400000|  0%| F|  |TAMS 0x00000000e9300000, 0x00000000e9300000| Untracked 
| 148|0x00000000e9400000, 0x00000000e9400000, 0x00000000e9500000|  0%| F|  |TAMS 0x00000000e9400000, 0x00000000e9400000| Untracked 
| 149|0x00000000e9500000, 0x00000000e9500000, 0x00000000e9600000|  0%| F|  |TAMS 0x00000000e9500000, 0x00000000e9500000| Untracked 
| 150|0x00000000e9600000, 0x00000000e9600000, 0x00000000e9700000|  0%| F|  |TAMS 0x00000000e9600000, 0x00000000e9600000| Untracked 
| 151|0x00000000e9700000, 0x00000000e9700000, 0x00000000e9800000|  0%| F|  |TAMS 0x00000000e9700000, 0x00000000e9700000| Untracked 
| 152|0x00000000e9800000, 0x00000000e9800000, 0x00000000e9900000|  0%| F|  |TAMS 0x00000000e9800000, 0x00000000e9800000| Untracked 
| 153|0x00000000e9900000, 0x00000000e9900000, 0x00000000e9a00000|  0%| F|  |TAMS 0x00000000e9900000, 0x00000000e9900000| Untracked 
| 154|0x00000000e9a00000, 0x00000000e9a00000, 0x00000000e9b00000|  0%| F|  |TAMS 0x00000000e9a00000, 0x00000000e9a00000| Untracked 
| 155|0x00000000e9b00000, 0x00000000e9b00000, 0x00000000e9c00000|  0%| F|  |TAMS 0x00000000e9b00000, 0x00000000e9b00000| Untracked 
| 156|0x00000000e9c00000, 0x00000000e9c00000, 0x00000000e9d00000|  0%| F|  |TAMS 0x00000000e9c00000, 0x00000000e9c00000| Untracked 
| 157|0x00000000e9d00000, 0x00000000e9d00000, 0x00000000e9e00000|  0%| F|  |TAMS 0x00000000e9d00000, 0x00000000e9d00000| Untracked 
| 158|0x00000000e9e00000, 0x00000000e9e00000, 0x00000000e9f00000|  0%| F|  |TAMS 0x00000000e9e00000, 0x00000000e9e00000| Untracked 
| 159|0x00000000e9f00000, 0x00000000e9f00000, 0x00000000ea000000|  0%| F|  |TAMS 0x00000000e9f00000, 0x00000000e9f00000| Untracked 
| 160|0x00000000ea000000, 0x00000000ea000000, 0x00000000ea100000|  0%| F|  |TAMS 0x00000000ea000000, 0x00000000ea000000| Untracked 
| 161|0x00000000ea100000, 0x00000000ea100000, 0x00000000ea200000|  0%| F|  |TAMS 0x00000000ea100000, 0x00000000ea100000| Untracked 
| 162|0x00000000ea200000, 0x00000000ea200000, 0x00000000ea300000|  0%| F|  |TAMS 0x00000000ea200000, 0x00000000ea200000| Untracked 
| 163|0x00000000ea300000, 0x00000000ea300000, 0x00000000ea400000|  0%| F|  |TAMS 0x00000000ea300000, 0x00000000ea300000| Untracked 
| 164|0x00000000ea400000, 0x00000000ea400000, 0x00000000ea500000|  0%| F|  |TAMS 0x00000000ea400000, 0x00000000ea400000| Untracked 
| 165|0x00000000ea500000, 0x00000000ea500000, 0x00000000ea600000|  0%| F|  |TAMS 0x00000000ea500000, 0x00000000ea500000| Untracked 
| 166|0x00000000ea600000, 0x00000000ea600000, 0x00000000ea700000|  0%| F|  |TAMS 0x00000000ea600000, 0x00000000ea600000| Untracked 
| 167|0x00000000ea700000, 0x00000000ea782890, 0x00000000ea800000| 50%| E|  |TAMS 0x00000000ea700000, 0x00000000ea700000| Complete 
| 168|0x00000000ea800000, 0x00000000ea900000, 0x00000000ea900000|100%| E|CS|TAMS 0x00000000ea800000, 0x00000000ea800000| Complete 
| 169|0x00000000ea900000, 0x00000000eaa00000, 0x00000000eaa00000|100%| E|CS|TAMS 0x00000000ea900000, 0x00000000ea900000| Complete 
| 170|0x00000000eaa00000, 0x00000000eab00000, 0x00000000eab00000|100%| E|CS|TAMS 0x00000000eaa00000, 0x00000000eaa00000| Complete 
| 171|0x00000000eab00000, 0x00000000eac00000, 0x00000000eac00000|100%| E|CS|TAMS 0x00000000eab00000, 0x00000000eab00000| Complete 
| 172|0x00000000eac00000, 0x00000000ead00000, 0x00000000ead00000|100%| E|CS|TAMS 0x00000000eac00000, 0x00000000eac00000| Complete 
| 173|0x00000000ead00000, 0x00000000eae00000, 0x00000000eae00000|100%| E|CS|TAMS 0x00000000ead00000, 0x00000000ead00000| Complete 
| 174|0x00000000eae00000, 0x00000000eaf00000, 0x00000000eaf00000|100%| E|CS|TAMS 0x00000000eae00000, 0x00000000eae00000| Complete 
| 175|0x00000000eaf00000, 0x00000000eb000000, 0x00000000eb000000|100%| E|CS|TAMS 0x00000000eaf00000, 0x00000000eaf00000| Complete 
| 176|0x00000000eb000000, 0x00000000eb100000, 0x00000000eb100000|100%| E|CS|TAMS 0x00000000eb000000, 0x00000000eb000000| Complete 
| 177|0x00000000eb100000, 0x00000000eb200000, 0x00000000eb200000|100%| E|CS|TAMS 0x00000000eb100000, 0x00000000eb100000| Complete 
| 178|0x00000000eb200000, 0x00000000eb300000, 0x00000000eb300000|100%| E|CS|TAMS 0x00000000eb200000, 0x00000000eb200000| Complete 
| 179|0x00000000eb300000, 0x00000000eb400000, 0x00000000eb400000|100%| E|CS|TAMS 0x00000000eb300000, 0x00000000eb300000| Complete 
| 180|0x00000000eb400000, 0x00000000eb500000, 0x00000000eb500000|100%| E|CS|TAMS 0x00000000eb400000, 0x00000000eb400000| Complete 
| 181|0x00000000eb500000, 0x00000000eb600000, 0x00000000eb600000|100%| E|CS|TAMS 0x00000000eb500000, 0x00000000eb500000| Complete 
| 182|0x00000000eb600000, 0x00000000eb700000, 0x00000000eb700000|100%| E|CS|TAMS 0x00000000eb600000, 0x00000000eb600000| Complete 
| 183|0x00000000eb700000, 0x00000000eb800000, 0x00000000eb800000|100%| E|CS|TAMS 0x00000000eb700000, 0x00000000eb700000| Complete 
| 184|0x00000000eb800000, 0x00000000eb900000, 0x00000000eb900000|100%| E|CS|TAMS 0x00000000eb800000, 0x00000000eb800000| Complete 
| 185|0x00000000eb900000, 0x00000000eba00000, 0x00000000eba00000|100%| E|CS|TAMS 0x00000000eb900000, 0x00000000eb900000| Complete 
| 186|0x00000000eba00000, 0x00000000ebb00000, 0x00000000ebb00000|100%| E|CS|TAMS 0x00000000eba00000, 0x00000000eba00000| Complete 
| 187|0x00000000ebb00000, 0x00000000ebc00000, 0x00000000ebc00000|100%| E|CS|TAMS 0x00000000ebb00000, 0x00000000ebb00000| Complete 
| 188|0x00000000ebc00000, 0x00000000ebd00000, 0x00000000ebd00000|100%| E|CS|TAMS 0x00000000ebc00000, 0x00000000ebc00000| Complete 
| 189|0x00000000ebd00000, 0x00000000ebe00000, 0x00000000ebe00000|100%| E|CS|TAMS 0x00000000ebd00000, 0x00000000ebd00000| Complete 
| 190|0x00000000ebe00000, 0x00000000ebf00000, 0x00000000ebf00000|100%| E|CS|TAMS 0x00000000ebe00000, 0x00000000ebe00000| Complete 
| 191|0x00000000ebf00000, 0x00000000ec000000, 0x00000000ec000000|100%| E|CS|TAMS 0x00000000ebf00000, 0x00000000ebf00000| Complete 
| 192|0x00000000ec000000, 0x00000000ec100000, 0x00000000ec100000|100%| E|CS|TAMS 0x00000000ec000000, 0x00000000ec000000| Complete 
| 193|0x00000000ec100000, 0x00000000ec200000, 0x00000000ec200000|100%| E|CS|TAMS 0x00000000ec100000, 0x00000000ec100000| Complete 
| 194|0x00000000ec200000, 0x00000000ec300000, 0x00000000ec300000|100%| E|CS|TAMS 0x00000000ec200000, 0x00000000ec200000| Complete 
| 195|0x00000000ec300000, 0x00000000ec400000, 0x00000000ec400000|100%| E|CS|TAMS 0x00000000ec300000, 0x00000000ec300000| Complete 
| 196|0x00000000ec400000, 0x00000000ec500000, 0x00000000ec500000|100%| E|CS|TAMS 0x00000000ec400000, 0x00000000ec400000| Complete 
| 197|0x00000000ec500000, 0x00000000ec600000, 0x00000000ec600000|100%| E|CS|TAMS 0x00000000ec500000, 0x00000000ec500000| Complete 
| 198|0x00000000ec600000, 0x00000000ec6ca6b0, 0x00000000ec700000| 79%| S|CS|TAMS 0x00000000ec600000, 0x00000000ec600000| Complete 
| 199|0x00000000ec700000, 0x00000000ec800000, 0x00000000ec800000|100%| S|CS|TAMS 0x00000000ec700000, 0x00000000ec700000| Complete 
| 200|0x00000000ec800000, 0x00000000ec900000, 0x00000000ec900000|100%| S|CS|TAMS 0x00000000ec800000, 0x00000000ec800000| Complete 
| 201|0x00000000ec900000, 0x00000000eca00000, 0x00000000eca00000|100%| S|CS|TAMS 0x00000000ec900000, 0x00000000ec900000| Complete 
| 202|0x00000000eca00000, 0x00000000ecb00000, 0x00000000ecb00000|100%| S|CS|TAMS 0x00000000eca00000, 0x00000000eca00000| Complete 
| 203|0x00000000ecb00000, 0x00000000ecc00000, 0x00000000ecc00000|100%| E|CS|TAMS 0x00000000ecb00000, 0x00000000ecb00000| Complete 
| 204|0x00000000ecc00000, 0x00000000ecd00000, 0x00000000ecd00000|100%| E|CS|TAMS 0x00000000ecc00000, 0x00000000ecc00000| Complete 
| 205|0x00000000ecd00000, 0x00000000ece00000, 0x00000000ece00000|100%| E|CS|TAMS 0x00000000ecd00000, 0x00000000ecd00000| Complete 
| 206|0x00000000ece00000, 0x00000000ecf00000, 0x00000000ecf00000|100%| E|CS|TAMS 0x00000000ece00000, 0x00000000ece00000| Complete 
| 207|0x00000000ecf00000, 0x00000000ed000000, 0x00000000ed000000|100%| E|CS|TAMS 0x00000000ecf00000, 0x00000000ecf00000| Complete 
| 208|0x00000000ed000000, 0x00000000ed100000, 0x00000000ed100000|100%| E|CS|TAMS 0x00000000ed000000, 0x00000000ed000000| Complete 
| 209|0x00000000ed100000, 0x00000000ed200000, 0x00000000ed200000|100%| E|CS|TAMS 0x00000000ed100000, 0x00000000ed100000| Complete 
| 210|0x00000000ed200000, 0x00000000ed300000, 0x00000000ed300000|100%| E|CS|TAMS 0x00000000ed200000, 0x00000000ed200000| Complete 
| 211|0x00000000ed300000, 0x00000000ed400000, 0x00000000ed400000|100%| E|CS|TAMS 0x00000000ed300000, 0x00000000ed300000| Complete 
| 212|0x00000000ed400000, 0x00000000ed500000, 0x00000000ed500000|100%| E|CS|TAMS 0x00000000ed400000, 0x00000000ed400000| Complete 
| 213|0x00000000ed500000, 0x00000000ed600000, 0x00000000ed600000|100%| E|CS|TAMS 0x00000000ed500000, 0x00000000ed500000| Complete 
| 214|0x00000000ed600000, 0x00000000ed700000, 0x00000000ed700000|100%| E|CS|TAMS 0x00000000ed600000, 0x00000000ed600000| Complete 
| 215|0x00000000ed700000, 0x00000000ed800000, 0x00000000ed800000|100%| E|CS|TAMS 0x00000000ed700000, 0x00000000ed700000| Complete 
| 216|0x00000000ed800000, 0x00000000ed900000, 0x00000000ed900000|100%| E|CS|TAMS 0x00000000ed800000, 0x00000000ed800000| Complete 
| 217|0x00000000ed900000, 0x00000000eda00000, 0x00000000eda00000|100%| E|CS|TAMS 0x00000000ed900000, 0x00000000ed900000| Complete 
| 218|0x00000000eda00000, 0x00000000edb00000, 0x00000000edb00000|100%| E|CS|TAMS 0x00000000eda00000, 0x00000000eda00000| Complete 
| 219|0x00000000edb00000, 0x00000000edc00000, 0x00000000edc00000|100%| E|CS|TAMS 0x00000000edb00000, 0x00000000edb00000| Complete 
| 220|0x00000000edc00000, 0x00000000edd00000, 0x00000000edd00000|100%| E|CS|TAMS 0x00000000edc00000, 0x00000000edc00000| Complete 
| 221|0x00000000edd00000, 0x00000000ede00000, 0x00000000ede00000|100%| E|CS|TAMS 0x00000000edd00000, 0x00000000edd00000| Complete 
| 222|0x00000000ede00000, 0x00000000edf00000, 0x00000000edf00000|100%| E|CS|TAMS 0x00000000ede00000, 0x00000000ede00000| Complete 
| 223|0x00000000edf00000, 0x00000000ee000000, 0x00000000ee000000|100%| E|CS|TAMS 0x00000000edf00000, 0x00000000edf00000| Complete 
| 224|0x00000000ee000000, 0x00000000ee100000, 0x00000000ee100000|100%| E|CS|TAMS 0x00000000ee000000, 0x00000000ee000000| Complete 
| 225|0x00000000ee100000, 0x00000000ee200000, 0x00000000ee200000|100%| E|CS|TAMS 0x00000000ee100000, 0x00000000ee100000| Complete 
| 226|0x00000000ee200000, 0x00000000ee300000, 0x00000000ee300000|100%| E|CS|TAMS 0x00000000ee200000, 0x00000000ee200000| Complete 
| 227|0x00000000ee300000, 0x00000000ee400000, 0x00000000ee400000|100%| E|CS|TAMS 0x00000000ee300000, 0x00000000ee300000| Complete 
| 228|0x00000000ee400000, 0x00000000ee500000, 0x00000000ee500000|100%| E|CS|TAMS 0x00000000ee400000, 0x00000000ee400000| Complete 
| 229|0x00000000ee500000, 0x00000000ee600000, 0x00000000ee600000|100%| E|CS|TAMS 0x00000000ee500000, 0x00000000ee500000| Complete 
| 230|0x00000000ee600000, 0x00000000ee700000, 0x00000000ee700000|100%| E|CS|TAMS 0x00000000ee600000, 0x00000000ee600000| Complete 
| 231|0x00000000ee700000, 0x00000000ee800000, 0x00000000ee800000|100%| E|CS|TAMS 0x00000000ee700000, 0x00000000ee700000| Complete 
| 232|0x00000000ee800000, 0x00000000ee900000, 0x00000000ee900000|100%| E|CS|TAMS 0x00000000ee800000, 0x00000000ee800000| Complete 
| 233|0x00000000ee900000, 0x00000000eea00000, 0x00000000eea00000|100%| E|CS|TAMS 0x00000000ee900000, 0x00000000ee900000| Complete 
| 234|0x00000000eea00000, 0x00000000eeb00000, 0x00000000eeb00000|100%| E|CS|TAMS 0x00000000eea00000, 0x00000000eea00000| Complete 
| 235|0x00000000eeb00000, 0x00000000eec00000, 0x00000000eec00000|100%| E|CS|TAMS 0x00000000eeb00000, 0x00000000eeb00000| Complete 
| 236|0x00000000eec00000, 0x00000000eed00000, 0x00000000eed00000|100%| E|CS|TAMS 0x00000000eec00000, 0x00000000eec00000| Complete 
| 237|0x00000000eed00000, 0x00000000eee00000, 0x00000000eee00000|100%| E|CS|TAMS 0x00000000eed00000, 0x00000000eed00000| Complete 
| 238|0x00000000eee00000, 0x00000000eef00000, 0x00000000eef00000|100%| E|CS|TAMS 0x00000000eee00000, 0x00000000eee00000| Complete 
| 239|0x00000000eef00000, 0x00000000ef000000, 0x00000000ef000000|100%| E|CS|TAMS 0x00000000eef00000, 0x00000000eef00000| Complete 
| 240|0x00000000ef000000, 0x00000000ef100000, 0x00000000ef100000|100%| E|CS|TAMS 0x00000000ef000000, 0x00000000ef000000| Complete 
| 241|0x00000000ef100000, 0x00000000ef200000, 0x00000000ef200000|100%| E|CS|TAMS 0x00000000ef100000, 0x00000000ef100000| Complete 
| 242|0x00000000ef200000, 0x00000000ef300000, 0x00000000ef300000|100%| E|CS|TAMS 0x00000000ef200000, 0x00000000ef200000| Complete 
| 243|0x00000000ef300000, 0x00000000ef400000, 0x00000000ef400000|100%| E|CS|TAMS 0x00000000ef300000, 0x00000000ef300000| Complete 
| 244|0x00000000ef400000, 0x00000000ef500000, 0x00000000ef500000|100%| E|CS|TAMS 0x00000000ef400000, 0x00000000ef400000| Complete 
| 245|0x00000000ef500000, 0x00000000ef600000, 0x00000000ef600000|100%| E|CS|TAMS 0x00000000ef500000, 0x00000000ef500000| Complete 
| 246|0x00000000ef600000, 0x00000000ef700000, 0x00000000ef700000|100%| E|CS|TAMS 0x00000000ef600000, 0x00000000ef600000| Complete 
| 247|0x00000000ef700000, 0x00000000ef800000, 0x00000000ef800000|100%| E|CS|TAMS 0x00000000ef700000, 0x00000000ef700000| Complete 
| 248|0x00000000ef800000, 0x00000000ef900000, 0x00000000ef900000|100%| E|CS|TAMS 0x00000000ef800000, 0x00000000ef800000| Complete 
| 249|0x00000000ef900000, 0x00000000efa00000, 0x00000000efa00000|100%| E|CS|TAMS 0x00000000ef900000, 0x00000000ef900000| Complete 
| 250|0x00000000efa00000, 0x00000000efb00000, 0x00000000efb00000|100%| E|CS|TAMS 0x00000000efa00000, 0x00000000efa00000| Complete 
| 251|0x00000000efb00000, 0x00000000efc00000, 0x00000000efc00000|100%| E|CS|TAMS 0x00000000efb00000, 0x00000000efb00000| Complete 
| 252|0x00000000efc00000, 0x00000000efd00000, 0x00000000efd00000|100%| E|CS|TAMS 0x00000000efc00000, 0x00000000efc00000| Complete 
| 253|0x00000000efd00000, 0x00000000efe00000, 0x00000000efe00000|100%| E|CS|TAMS 0x00000000efd00000, 0x00000000efd00000| Complete 
| 254|0x00000000efe00000, 0x00000000eff00000, 0x00000000eff00000|100%| E|CS|TAMS 0x00000000efe00000, 0x00000000efe00000| Complete 
| 255|0x00000000eff00000, 0x00000000f0000000, 0x00000000f0000000|100%| E|CS|TAMS 0x00000000eff00000, 0x00000000eff00000| Complete 

Card table byte_map: [0x0000028f2e6b0000,0x0000028f2e7b0000] _byte_map_base: 0x0000028f2dfb0000

Marking Bits (Prev, Next): (CMBitMap*) 0x0000028f15535ed0, (CMBitMap*) 0x0000028f15535f10
 Prev Bits: [0x0000028f2e8b0000, 0x0000028f2f0b0000)
 Next Bits: [0x0000028f2f0b0000, 0x0000028f2f8b0000)

Polling page: 0x0000028f155d0000

Metaspace:

Usage:
  Non-class:     15.82 MB used.
      Class:      2.69 MB used.
       Both:     18.51 MB used.

Virtual space:
  Non-class space:       64.00 MB reserved,      15.94 MB ( 25%) committed,  1 nodes.
      Class space:      320.00 MB reserved,       2.81 MB ( <1%) committed,  1 nodes.
             Both:      384.00 MB reserved,      18.75 MB (  5%) committed. 

Chunk freelists:
   Non-Class:  0 bytes
       Class:  13.20 MB
        Both:  13.20 MB

MaxMetaspaceSize: 384.00 MB
CompressedClassSpaceSize: 320.00 MB
Initial GC threshold: 21.00 MB
Current GC threshold: 21.00 MB
CDS: on
MetaspaceReclaimPolicy: balanced
 - commit_granule_bytes: 65536.
 - commit_granule_words: 8192.
 - virtual_space_node_default_size: 8388608.
 - enlarge_chunks_in_place: 1.
 - new_chunks_are_fully_committed: 0.
 - uncommit_free_chunks: 1.
 - use_allocation_guard: 0.
 - handle_deallocations: 1.


Internal statistics:

num_allocs_failed_limit: 0.
num_arena_births: 208.
num_arena_deaths: 0.
num_vsnodes_births: 2.
num_vsnodes_deaths: 0.
num_space_committed: 300.
num_space_uncommitted: 0.
num_chunks_returned_to_freelist: 0.
num_chunks_taken_from_freelist: 866.
num_chunk_merges: 0.
num_chunk_splits: 570.
num_chunks_enlarged: 420.
num_inconsistent_stats: 0.

CodeHeap 'non-profiled nmethods': size=119168Kb used=1429Kb max_used=1429Kb free=117738Kb
 bounds [0x0000028f26180000, 0x0000028f263f0000, 0x0000028f2d5e0000]
CodeHeap 'profiled nmethods': size=119104Kb used=5657Kb max_used=5657Kb free=113446Kb
 bounds [0x0000028f1e5e0000, 0x0000028f1eb70000, 0x0000028f25a30000]
CodeHeap 'non-nmethods': size=7488Kb used=2932Kb max_used=2991Kb free=4555Kb
 bounds [0x0000028f25a30000, 0x0000028f25d30000, 0x0000028f26180000]
 total_blobs=3257 nmethods=2716 adapters=450
 compilation: enabled
              stopped_count=0, restarted_count=0
 full_count=0

Compilation events (20 events):
Event: 1.290 Thread 0x0000028f4c1f6200 nmethod 2684 0x0000028f262ce610 code [0x0000028f262ce7a0, 0x0000028f262ce8d8]
Event: 1.291 Thread 0x0000028f32aa15d0 2685   !   3       jdk.proxy1.$Proxy4::value (29 bytes)
Event: 1.291 Thread 0x0000028f32aa15d0 nmethod 2685 0x0000028f1eb52790 code [0x0000028f1eb52960, 0x0000028f1eb52d58]
Event: 1.293 Thread 0x0000028f32874ab0 2686       3       java.lang.Class::getDeclaredConstructors (27 bytes)
Event: 1.294 Thread 0x0000028f32874ab0 nmethod 2686 0x0000028f1eb52f10 code [0x0000028f1eb53100, 0x0000028f1eb53418]
Event: 1.302 Thread 0x0000028f4c9ba9b0 2688       3       java.lang.invoke.LambdaForm::returnType (26 bytes)
Event: 1.302 Thread 0x0000028f4c1f6200 2689       4       java.nio.HeapByteBuffer::getShort (29 bytes)
Event: 1.302 Thread 0x0000028f4c9ba9b0 nmethod 2688 0x0000028f1eb53590 code [0x0000028f1eb53740, 0x0000028f1eb538f8]
Event: 1.303 Thread 0x0000028f4c1f6200 nmethod 2689 0x0000028f262ced10 code [0x0000028f262cee80, 0x0000028f262cef98]
Event: 1.303 Thread 0x0000028f4c1f6200 2690       4       java.lang.Class$Atomic::casReflectionData (13 bytes)
Event: 1.304 Thread 0x0000028f4c1f6200 nmethod 2690 0x0000028f262cf110 code [0x0000028f262cf280, 0x0000028f262cf3b8]
Event: 1.306 Thread 0x0000028f32874ab0 2692       3       jdk.internal.reflect.ConstantPool::getIntAt (10 bytes)
Event: 1.306 Thread 0x0000028f32874ab0 nmethod 2692 0x0000028f1eb53a10 code [0x0000028f1eb53ba0, 0x0000028f1eb53ce8]
Event: 1.307 Thread 0x0000028f4c9ba9b0 2694       3       java.lang.invoke.MethodHandles$Lookup::getDirectMethodNoSecurityManager (18 bytes)
Event: 1.307 Thread 0x0000028f4c9ba9b0 nmethod 2694 0x0000028f1eb53d90 code [0x0000028f1eb53f20, 0x0000028f1eb54068]
Event: 1.321 Thread 0x0000028f4c1f6200 2695   !   4       jdk.internal.ref.PhantomCleanable::remove (60 bytes)
Event: 1.323 Thread 0x0000028f4c1f6200 nmethod 2695 0x0000028f262cfb10 code [0x0000028f262cfca0, 0x0000028f262d0198]
Event: 1.330 Thread 0x0000028f32aa15d0 2696       3       java.lang.invoke.VarHandleGuards::guard_LL_V (125 bytes)
Event: 1.330 Thread 0x0000028f4c9ba9b0 2697       3       org.gradle.internal.service.ServiceScopeValidator::getAnnotations (4 bytes)
Event: 1.330 Thread 0x0000028f4c9ba9b0 nmethod 2697 0x0000028f1eb54110 code [0x0000028f1eb542a0, 0x0000028f1eb543b8]

GC Heap History (6 events):
Event: 0.167 GC heap before
{Heap before GC invocations=0 (full 0):
 garbage-first heap   total 262144K, used 22528K [0x00000000e0000000, 0x0000000100000000)
  region size 1024K, 23 young (23552K), 0 survivors (0K)
 Metaspace       used 1062K, committed 1216K, reserved 393216K
  class space    used 73K, committed 128K, reserved 327680K
}
Event: 0.168 GC heap after
{Heap after GC invocations=1 (full 0):
 garbage-first heap   total 262144K, used 2671K [0x00000000e0000000, 0x0000000100000000)
  region size 1024K, 3 young (3072K), 3 survivors (3072K)
 Metaspace       used 1062K, committed 1216K, reserved 393216K
  class space    used 73K, committed 128K, reserved 327680K
}
Event: 0.420 GC heap before
{Heap before GC invocations=1 (full 0):
 garbage-first heap   total 262144K, used 40559K [0x00000000e0000000, 0x0000000100000000)
  region size 1024K, 38 young (38912K), 3 survivors (3072K)
 Metaspace       used 4439K, committed 4608K, reserved 393216K
  class space    used 542K, committed 640K, reserved 327680K
}
Event: 0.422 GC heap after
{Heap after GC invocations=2 (full 0):
 garbage-first heap   total 262144K, used 10746K [0x00000000e0000000, 0x0000000100000000)
  region size 1024K, 5 young (5120K), 5 survivors (5120K)
 Metaspace       used 4439K, committed 4608K, reserved 393216K
  class space    used 542K, committed 640K, reserved 327680K
}
Event: 0.605 GC heap before
{Heap before GC invocations=2 (full 0):
 garbage-first heap   total 262144K, used 61946K [0x00000000e0000000, 0x0000000100000000)
  region size 1024K, 53 young (54272K), 5 survivors (5120K)
 Metaspace       used 5075K, committed 5312K, reserved 393216K
  class space    used 652K, committed 768K, reserved 327680K
}
Event: 0.607 GC heap after
{Heap after GC invocations=3 (full 0):
 garbage-first heap   total 262144K, used 17097K [0x00000000e0000000, 0x0000000100000000)
  region size 1024K, 5 young (5120K), 5 survivors (5120K)
 Metaspace       used 5075K, committed 5312K, reserved 393216K
  class space    used 652K, committed 768K, reserved 327680K
}

Deoptimization events (20 events):
Event: 1.090 Thread 0x0000028f4e2dda70 DEOPT PACKING pc=0x0000028f2628fdf4 sp=0x000000ac6cbfaa80
Event: 1.090 Thread 0x0000028f4e2dda70 DEOPT UNPACKING pc=0x0000028f25a85ba3 sp=0x000000ac6cbfa988 mode 2
Event: 1.098 Thread 0x0000028f4e2dda70 Uncommon trap: trap_request=0xffffff45 fr.pc=0x0000028f261a2984 relative=0x0000000000000b84
Event: 1.098 Thread 0x0000028f4e2dda70 Uncommon trap: reason=unstable_if action=reinterpret pc=0x0000028f261a2984 method=java.io.WinNTFileSystem.resolve(Ljava/lang/String;Ljava/lang/String;)Ljava/lang/String; @ 19 c2
Event: 1.098 Thread 0x0000028f4e2dda70 DEOPT PACKING pc=0x0000028f261a2984 sp=0x000000ac6cbfafc0
Event: 1.098 Thread 0x0000028f4e2dda70 DEOPT UNPACKING pc=0x0000028f25a85ba3 sp=0x000000ac6cbfaf68 mode 2
Event: 1.099 Thread 0x0000028f4e2dda70 Uncommon trap: trap_request=0xffffff45 fr.pc=0x0000028f262223d0 relative=0x0000000000000610
Event: 1.099 Thread 0x0000028f4e2dda70 Uncommon trap: reason=unstable_if action=reinterpret pc=0x0000028f262223d0 method=java.io.File.getName()Ljava/lang/String; @ 16 c2
Event: 1.099 Thread 0x0000028f4e2dda70 DEOPT PACKING pc=0x0000028f262223d0 sp=0x000000ac6cbfaf70
Event: 1.099 Thread 0x0000028f4e2dda70 DEOPT UNPACKING pc=0x0000028f25a85ba3 sp=0x000000ac6cbfaf40 mode 2
Event: 1.175 Thread 0x0000028f4e2dda70 DEOPT PACKING pc=0x0000028f1ea661dc sp=0x000000ac6cbf8940
Event: 1.175 Thread 0x0000028f4e2dda70 DEOPT UNPACKING pc=0x0000028f25a866e3 sp=0x000000ac6cbf7ec0 mode 0
Event: 1.191 Thread 0x0000028f4e2dda70 DEOPT PACKING pc=0x0000028f1ea3846a sp=0x000000ac6cbfad40
Event: 1.191 Thread 0x0000028f4e2dda70 DEOPT UNPACKING pc=0x0000028f25a866e3 sp=0x000000ac6cbfa250 mode 0
Event: 1.201 Thread 0x0000028f4e2dda70 DEOPT PACKING pc=0x0000028f1ea38449 sp=0x000000ac6cbf82c0
Event: 1.201 Thread 0x0000028f4e2dda70 DEOPT UNPACKING pc=0x0000028f25a866e3 sp=0x000000ac6cbf77d0 mode 0
Event: 1.205 Thread 0x0000028f4e2dda70 DEOPT PACKING pc=0x0000028f1ea3846a sp=0x000000ac6cbf8700
Event: 1.205 Thread 0x0000028f4e2dda70 DEOPT UNPACKING pc=0x0000028f25a866e3 sp=0x000000ac6cbf7c10 mode 0
Event: 1.236 Thread 0x0000028f4e2dda70 DEOPT PACKING pc=0x0000028f1e6cb73c sp=0x000000ac6cbfb130
Event: 1.236 Thread 0x0000028f4e2dda70 DEOPT UNPACKING pc=0x0000028f25a866e3 sp=0x000000ac6cbfa5c8 mode 0

Classes unloaded (0 events):
No events

Classes redefined (0 events):
No events

Internal exceptions (20 events):
Event: 0.943 Thread 0x0000028f4e2dda70 Exception <a 'java/lang/NoSuchMethodError'{0x00000000ee7e9c48}: 'long java.lang.invoke.DirectMethodHandle$Holder.invokeInterface(java.lang.Object, java.lang.Object)'> (0x00000000ee7e9c48) 
thrown [s\open\src\hotspot\share\interpreter\linkResolver.cpp, line 759]
Event: 0.968 Thread 0x0000028f4e2dda70 Exception <a 'java/lang/NoSuchMethodError'{0x00000000ee257048}: 'void java.lang.invoke.DirectMethodHandle$Holder.invokeStatic(java.lang.Object, java.lang.Object)'> (0x00000000ee257048) 
thrown [s\open\src\hotspot\share\interpreter\linkResolver.cpp, line 759]
Event: 0.983 Thread 0x0000028f4e2dda70 Exception <a 'java/lang/NoSuchMethodError'{0x00000000ee06d4f0}: 'int java.lang.invoke.DirectMethodHandle$Holder.invokeVirtual(java.lang.Object, java.lang.Object, java.lang.Object)'> (0x00000000ee06d4f0) 
thrown [s\open\src\hotspot\share\interpreter\linkResolver.cpp, line 759]
Event: 0.998 Thread 0x0000028f4e2dda70 Exception <a 'java/lang/NoSuchMethodError'{0x00000000edef75d0}: 'java.lang.Object java.lang.invoke.DirectMethodHandle$Holder.newInvokeSpecial(java.lang.Object, java.lang.Object, java.lang.Object, java.lang.Object, java.lang.Object, java.lang.Object)'> (0x00000000edef75d0) 
thrown [s\open\src\hotspot\share\interpreter\linkResolver.cpp, line 759]
Event: 1.020 Thread 0x0000028f4e2dda70 Exception <a 'java/lang/NoSuchMethodError'{0x00000000edbf9528}: 'void java.lang.invoke.DelegatingMethodHandle$Holder.reinvoke_L(java.lang.Object, java.lang.Object, java.lang.Object, java.lang.Object, java.lang.Object, java.lang.Object, java.lang.Object, java.lang.Object, java.lang.Object, java.lang.Object)'> (0x00000000edbf9528) 
thrown [s\open\src\hotspot\share\interpreter\linkResolver.cpp, line 759]
Event: 1.021 Thread 0x0000028f4e2dda70 Exception <a 'java/lang/NoSuchMethodError'{0x00000000eda01e58}: 'java.lang.Object java.lang.invoke.DirectMethodHandle$Holder.invokeSpecial(java.lang.Object, java.lang.Object, java.lang.Object, java.lang.Object, java.lang.Object, java.lang.Object, java.lang.Object, java.lang.Object, java.lang.Object, java.lang.Object)'> (0x00000000eda01e58) 
thrown [s\open\src\hotspot\share\interpreter\linkResolver.cpp, line 759]
Event: 1.021 Thread 0x0000028f4e2dda70 Exception <a 'java/lang/NoSuchMethodError'{0x00000000eda06728}: 'java.lang.Object java.lang.invoke.Invokers$Holder.invoker(java.lang.Object, java.lang.Object, java.lang.Object, java.lang.Object, java.lang.Object, java.lang.Object, java.lang.Object, java.lang.Object, java.lang.Object, java.lang.Object)'> (0x00000000eda06728) 
thrown [s\open\src\hotspot\share\interpreter\linkResolver.cpp, line 759]
Event: 1.021 Thread 0x0000028f4e2dda70 Exception <a 'java/lang/NoSuchMethodError'{0x00000000eda0c330}: 'java.lang.Object java.lang.invoke.DirectMethodHandle$Holder.invokeSpecial(java.lang.Object, java.lang.Object, java.lang.Object, java.lang.Object, java.lang.Object, java.lang.Object, java.lang.Object, java.lang.Object, java.lang.Object, java.lang.Object, java.lang.Object)'> (0x00000000eda0c330) 
thrown [s\open\src\hotspot\share\interpreter\linkResolver.cpp, line 759]
Event: 1.072 Thread 0x0000028f4e2dda70 Exception <a 'java/lang/NoSuchMethodError'{0x00000000ed38bbe8}: 'java.lang.Object java.lang.invoke.DirectMethodHandle$Holder.newInvokeSpecial(java.lang.Object, java.lang.Object, int)'> (0x00000000ed38bbe8) 
thrown [s\open\src\hotspot\share\interpreter\linkResolver.cpp, line 759]
Event: 1.110 Thread 0x0000028f4e2dda70 Exception <a 'java/lang/NoSuchMethodError'{0x00000000ecd134d8}: 'int java.lang.invoke.DirectMethodHandle$Holder.invokeSpecialIFC(java.lang.Object, java.lang.Object, java.lang.Object, java.lang.Object)'> (0x00000000ecd134d8) 
thrown [s\open\src\hotspot\share\interpreter\linkResolver.cpp, line 759]
Event: 1.110 Thread 0x0000028f4e2dda70 Exception <a 'java/lang/NoSuchMethodError'{0x00000000ecd225f0}: 'java.lang.Object java.lang.invoke.DirectMethodHandle$Holder.invokeInterface(java.lang.Object, java.lang.Object, java.lang.Object)'> (0x00000000ecd225f0) 
thrown [s\open\src\hotspot\share\interpreter\linkResolver.cpp, line 759]
Event: 1.110 Thread 0x0000028f4e2dda70 Exception <a 'java/lang/IncompatibleClassChangeError'{0x00000000ecd264b0}: Found class java.lang.Object, but interface was expected> (0x00000000ecd264b0) 
thrown [s\open\src\hotspot\share\interpreter\linkResolver.cpp, line 826]
Event: 1.125 Thread 0x0000028f4e2dda70 Exception <a 'java/lang/NoSuchMethodError'{0x00000000ecb1c5c0}: 'int java.lang.invoke.DirectMethodHandle$Holder.invokeStatic(java.lang.Object, java.lang.Object, java.lang.Object, java.lang.Object)'> (0x00000000ecb1c5c0) 
thrown [s\open\src\hotspot\share\interpreter\linkResolver.cpp, line 759]
Event: 1.125 Thread 0x0000028f4e2dda70 Exception <a 'java/lang/NoSuchMethodError'{0x00000000ecb20490}: 'java.lang.Object java.lang.invoke.Invokers$Holder.invokeExact_MT(java.lang.Object, java.lang.Object, java.lang.Object, java.lang.Object, java.lang.Object, java.lang.Object)'> (0x00000000ecb20490) 
thrown [s\open\src\hotspot\share\interpreter\linkResolver.cpp, line 759]
Event: 1.148 Thread 0x0000028f4e2dda70 Exception <a 'java/lang/IncompatibleClassChangeError'{0x00000000ec347378}: Found class java.lang.Object, but interface was expected> (0x00000000ec347378) 
thrown [s\open\src\hotspot\share\interpreter\linkResolver.cpp, line 826]
Event: 1.169 Thread 0x0000028f4e2dd560 Exception <a 'java/lang/NoSuchMethodError'{0x00000000ec0ba9b8}: static Lorg/gradle/internal/build/event/types/DefaultOperationStartedProgressEvent;.<clinit>()V> (0x00000000ec0ba9b8) 
thrown [s\open\src\hotspot\share\prims\jni.cpp, line 1112]
Event: 1.169 Thread 0x0000028f4e2dd560 Exception <a 'java/lang/NoSuchMethodError'{0x00000000ec0bca40}: static Lorg/gradle/internal/build/event/types/AbstractProgressEvent;.<clinit>()V> (0x00000000ec0bca40) 
thrown [s\open\src\hotspot\share\prims\jni.cpp, line 1112]
Event: 1.170 Thread 0x0000028f4e2dd560 Exception <a 'java/lang/NoSuchMethodError'{0x00000000ec0c5af0}: static Lorg/gradle/internal/build/event/types/DefaultOperationDescriptor;.<clinit>()V> (0x00000000ec0c5af0) 
thrown [s\open\src\hotspot\share\prims\jni.cpp, line 1112]
Event: 1.171 Thread 0x0000028f4e2dd560 Exception <a 'java/lang/NoSuchMethodError'{0x00000000ec0dc8b0}: static Lorg/gradle/internal/operations/OperationIdentifier;.<clinit>()V> (0x00000000ec0dc8b0) 
thrown [s\open\src\hotspot\share\prims\jni.cpp, line 1112]
Event: 1.254 Thread 0x0000028f4e2dda70 Exception <a 'java/lang/NoSuchMethodError'{0x00000000eb5a5e28}: 'int java.lang.invoke.DirectMethodHandle$Holder.invokeStaticInit(java.lang.Object, java.lang.Object, java.lang.Object)'> (0x00000000eb5a5e28) 
thrown [s\open\src\hotspot\share\interpreter\linkResolver.cpp, line 759]

VM Operations (20 events):
Event: 0.701 Executing VM operation: HandshakeAllThreads
Event: 0.701 Executing VM operation: HandshakeAllThreads done
Event: 0.709 Executing VM operation: HandshakeAllThreads
Event: 0.709 Executing VM operation: HandshakeAllThreads done
Event: 0.728 Executing VM operation: HandshakeAllThreads
Event: 0.728 Executing VM operation: HandshakeAllThreads done
Event: 0.820 Executing VM operation: HandshakeAllThreads
Event: 0.820 Executing VM operation: HandshakeAllThreads done
Event: 0.890 Executing VM operation: HandshakeAllThreads
Event: 0.890 Executing VM operation: HandshakeAllThreads done
Event: 0.936 Executing VM operation: ICBufferFull
Event: 0.936 Executing VM operation: ICBufferFull done
Event: 1.142 Executing VM operation: HandshakeAllThreads
Event: 1.142 Executing VM operation: HandshakeAllThreads done
Event: 1.142 Executing VM operation: HandshakeAllThreads
Event: 1.142 Executing VM operation: HandshakeAllThreads done
Event: 1.277 Executing VM operation: HandshakeAllThreads
Event: 1.278 Executing VM operation: HandshakeAllThreads done
Event: 1.279 Executing VM operation: ICBufferFull
Event: 1.280 Executing VM operation: ICBufferFull done

Events (20 events):
Event: 1.169 loading class java/io/ObjectStreamClass$3
Event: 1.169 loading class java/io/ObjectStreamClass$3 done
Event: 1.169 loading class java/io/ObjectStreamClass$4
Event: 1.169 loading class java/io/ObjectStreamClass$4 done
Event: 1.169 loading class java/io/ObjectStreamClass$5
Event: 1.169 loading class java/io/ObjectStreamClass$5 done
Event: 1.169 loading class java/io/ObjectStreamClass$ClassDataSlot
Event: 1.169 loading class java/io/ObjectStreamClass$ClassDataSlot done
Event: 1.170 loading class jdk/internal/reflect/UnsafeQualifiedStaticLongFieldAccessorImpl
Event: 1.170 loading class jdk/internal/reflect/UnsafeQualifiedStaticLongFieldAccessorImpl done
Event: 1.170 loading class java/io/UnsupportedEncodingException
Event: 1.170 loading class java/io/UnsupportedEncodingException done
Event: 1.170 loading class java/nio/charset/CharacterCodingException
Event: 1.170 loading class java/nio/charset/CharacterCodingException done
Event: 1.194 loading class java/util/function/LongFunction
Event: 1.194 loading class java/util/function/LongFunction done
Event: 1.216 loading class java/security/InvalidKeyException
Event: 1.216 loading class java/security/KeyException
Event: 1.216 loading class java/security/KeyException done
Event: 1.216 loading class java/security/InvalidKeyException done


Dynamic libraries:
0x00007ff7bda90000 - 0x00007ff7bdaa0000 	C:\Program Files\Java\jdk-17\bin\java.exe
0x00007ffaa72b0000 - 0x00007ffaa74c7000 	C:\Windows\SYSTEM32\ntdll.dll
0x00007ffaa5e80000 - 0x00007ffaa5f44000 	C:\Windows\System32\KERNEL32.DLL
0x00007ffaa4630000 - 0x00007ffaa49ea000 	C:\Windows\System32\KERNELBASE.dll
0x00007ffaa4bb0000 - 0x00007ffaa4cc1000 	C:\Windows\System32\ucrtbase.dll
0x00007ffa6a1e0000 - 0x00007ffa6a1f9000 	C:\Program Files\Java\jdk-17\bin\jli.dll
0x00007ffa6a1c0000 - 0x00007ffa6a1db000 	C:\Program Files\Java\jdk-17\bin\VCRUNTIME140.dll
0x00007ffaa6100000 - 0x00007ffaa61b2000 	C:\Windows\System32\ADVAPI32.dll
0x00007ffaa5da0000 - 0x00007ffaa5e47000 	C:\Windows\System32\msvcrt.dll
0x00007ffaa6670000 - 0x00007ffaa6717000 	C:\Windows\System32\sechost.dll
0x00007ffaa4d50000 - 0x00007ffaa4d78000 	C:\Windows\System32\bcrypt.dll
0x00007ffaa5fe0000 - 0x00007ffaa60f4000 	C:\Windows\System32\RPCRT4.dll
0x00007ffaa5b70000 - 0x00007ffaa5d1e000 	C:\Windows\System32\USER32.dll
0x00007ffaa4580000 - 0x00007ffaa45a6000 	C:\Windows\System32\win32u.dll
0x00007ffaa6fb0000 - 0x00007ffaa6fd9000 	C:\Windows\System32\GDI32.dll
0x00007ffa905b0000 - 0x00007ffa90842000 	C:\Windows\WinSxS\amd64_microsoft.windows.common-controls_6595b64144ccf1df_6.0.22621.4541_none_2710d1c57384c085\COMCTL32.dll
0x00007ffaa4a90000 - 0x00007ffaa4bab000 	C:\Windows\System32\gdi32full.dll
0x00007ffaa49f0000 - 0x00007ffaa4a8a000 	C:\Windows\System32\msvcp_win.dll
0x00007ffa9d490000 - 0x00007ffa9d49a000 	C:\Windows\SYSTEM32\VERSION.dll
0x00007ffaa6790000 - 0x00007ffaa67c1000 	C:\Windows\System32\IMM32.DLL
0x00007ffa6c550000 - 0x00007ffa6c55c000 	C:\Program Files\Java\jdk-17\bin\vcruntime140_1.dll
0x00007ffa68de0000 - 0x00007ffa68e6e000 	C:\Program Files\Java\jdk-17\bin\msvcp140.dll
0x00007ffa680d0000 - 0x00007ffa68cb0000 	C:\Program Files\Java\jdk-17\bin\server\jvm.dll
0x00007ffaa6fa0000 - 0x00007ffaa6fa8000 	C:\Windows\System32\PSAPI.DLL
0x00007ffa9aea0000 - 0x00007ffa9aed4000 	C:\Windows\SYSTEM32\WINMM.dll
0x00007ffa7f170000 - 0x00007ffa7f179000 	C:\Windows\SYSTEM32\WSOCK32.dll
0x00007ffaa5d20000 - 0x00007ffaa5d91000 	C:\Windows\System32\WS2_32.dll
0x00007ffaa34c0000 - 0x00007ffaa34d8000 	C:\Windows\SYSTEM32\kernel.appcore.dll
0x00007ffa6a1b0000 - 0x00007ffa6a1ba000 	C:\Program Files\Java\jdk-17\bin\jimage.dll
0x00007ffa9c5e0000 - 0x00007ffa9c812000 	C:\Windows\SYSTEM32\DBGHELP.DLL
0x00007ffaa62e0000 - 0x00007ffaa666f000 	C:\Windows\System32\combase.dll
0x00007ffaa6fe0000 - 0x00007ffaa70b7000 	C:\Windows\System32\OLEAUT32.dll
0x00007ffa93af0000 - 0x00007ffa93b22000 	C:\Windows\SYSTEM32\dbgcore.DLL
0x00007ffaa4cd0000 - 0x00007ffaa4d4b000 	C:\Windows\System32\bcryptPrimitives.dll
0x00007ffa9f140000 - 0x00007ffa9f14e000 	C:\Program Files\Java\jdk-17\bin\instrument.dll
0x00007ffa68d70000 - 0x00007ffa68d95000 	C:\Program Files\Java\jdk-17\bin\java.dll
0x00007ffa67b80000 - 0x00007ffa67c57000 	C:\Program Files\Java\jdk-17\bin\jsvml.dll
0x00007ffaa5270000 - 0x00007ffaa5ae8000 	C:\Windows\System32\SHELL32.dll
0x00007ffaa2450000 - 0x00007ffaa2d58000 	C:\Windows\SYSTEM32\windows.storage.dll
0x00007ffaa2310000 - 0x00007ffaa244f000 	C:\Windows\SYSTEM32\wintypes.dll
0x00007ffaa5000000 - 0x00007ffaa50fa000 	C:\Windows\System32\SHCORE.dll
0x00007ffaa6730000 - 0x00007ffaa678e000 	C:\Windows\System32\shlwapi.dll
0x00007ffaa44b0000 - 0x00007ffaa44db000 	C:\Windows\SYSTEM32\profapi.dll
0x00007ffa67b20000 - 0x00007ffa67b38000 	C:\Program Files\Java\jdk-17\bin\zip.dll
0x00007ffa67b60000 - 0x00007ffa67b79000 	C:\Program Files\Java\jdk-17\bin\net.dll
0x00007ffa9f660000 - 0x00007ffa9f796000 	C:\Windows\SYSTEM32\WINHTTP.dll
0x00007ffaa39d0000 - 0x00007ffaa3a39000 	C:\Windows\system32\mswsock.dll
0x00007ffa67b40000 - 0x00007ffa67b56000 	C:\Program Files\Java\jdk-17\bin\nio.dll
0x00007ffa86410000 - 0x00007ffa86420000 	C:\Program Files\Java\jdk-17\bin\verify.dll
0x00007ffa921e0000 - 0x00007ffa92207000 	C:\Users\tmmat\.gradle\native\c067742578af261105cb4f569cf0c3c89f3d7b1fecec35dd04571415982c5e48\windows-amd64\native-platform.dll
0x00007ffa91e40000 - 0x00007ffa91f84000 	C:\Users\tmmat\.gradle\native\100fb08df4bc3b14c8652ba06237920a3bd2aa13389f12d3474272988ae205f9\windows-amd64\native-platform-file-events.dll
0x00007ffa863f0000 - 0x00007ffa863fa000 	C:\Program Files\Java\jdk-17\bin\management.dll
0x00007ffa58410000 - 0x00007ffa5841b000 	C:\Program Files\Java\jdk-17\bin\management_ext.dll
0x00007ffaa3d20000 - 0x00007ffaa3d3b000 	C:\Windows\SYSTEM32\CRYPTSP.dll
0x00007ffaa34e0000 - 0x00007ffaa3515000 	C:\Windows\system32\rsaenh.dll
0x00007ffaa3a70000 - 0x00007ffaa3a98000 	C:\Windows\SYSTEM32\USERENV.dll
0x00007ffaa3d00000 - 0x00007ffaa3d0c000 	C:\Windows\SYSTEM32\CRYPTBASE.dll
0x00007ffaa3000000 - 0x00007ffaa302d000 	C:\Windows\SYSTEM32\IPHLPAPI.DLL
0x00007ffaa5e70000 - 0x00007ffaa5e79000 	C:\Windows\System32\NSI.dll
0x00007ffa9e880000 - 0x00007ffa9e899000 	C:\Windows\SYSTEM32\dhcpcsvc6.DLL
0x00007ffa9e380000 - 0x00007ffa9e39f000 	C:\Windows\SYSTEM32\dhcpcsvc.DLL
0x00007ffaa3030000 - 0x00007ffaa3132000 	C:\Windows\SYSTEM32\DNSAPI.dll
0x00007ffa86400000 - 0x00007ffa8640e000 	C:\Program Files\Java\jdk-17\bin\sunmscapi.dll
0x00007ffaa4e40000 - 0x00007ffaa4fa6000 	C:\Windows\System32\CRYPT32.dll
0x00007ffaa3e30000 - 0x00007ffaa3e5d000 	C:\Windows\SYSTEM32\ncrypt.dll
0x00007ffaa3dd0000 - 0x00007ffaa3e07000 	C:\Windows\SYSTEM32\NTASN1.dll
0x00007ffa599d0000 - 0x00007ffa599d8000 	C:\Windows\system32\wshunix.dll

dbghelp: loaded successfully - version: 4.0.5 - missing functions: none
symbol engine: initialized successfully - sym options: 0x614 - pdb path: .;C:\Program Files\Java\jdk-17\bin;C:\Windows\SYSTEM32;C:\Windows\WinSxS\amd64_microsoft.windows.common-controls_6595b64144ccf1df_6.0.22621.4541_none_2710d1c57384c085;C:\Program Files\Java\jdk-17\bin\server;C:\Users\tmmat\.gradle\native\c067742578af261105cb4f569cf0c3c89f3d7b1fecec35dd04571415982c5e48\windows-amd64;C:\Users\tmmat\.gradle\native\100fb08df4bc3b14c8652ba06237920a3bd2aa13389f12d3474272988ae205f9\windows-amd64

VM Arguments:
jvm_args: --add-opens=java.base/java.lang=ALL-UNNAMED --add-opens=java.base/java.lang.invoke=ALL-UNNAMED --add-opens=java.base/java.util=ALL-UNNAMED --add-opens=java.prefs/java.util.prefs=ALL-UNNAMED --add-exports=jdk.compiler/com.sun.tools.javac.api=ALL-UNNAMED --add-exports=jdk.compiler/com.sun.tools.javac.util=ALL-UNNAMED --add-opens=java.base/java.util=ALL-UNNAMED --add-opens=java.prefs/java.util.prefs=ALL-UNNAMED --add-opens=java.base/java.nio.charset=ALL-UNNAMED --add-opens=java.base/java.net=ALL-UNNAMED --add-opens=java.base/java.util.concurrent.atomic=ALL-UNNAMED --add-opens=java.xml/javax.xml.namespace=ALL-UNNAMED -XX:MaxMetaspaceSize=384m -XX:+HeapDumpOnOutOfMemoryError -Xms256m -Xmx512m -Dfile.encoding=UTF-8 -Duser.country=US -Duser.language=en -Duser.variant -javaagent:C:\Users\tmmat\.gradle\wrapper\dists\gradle-8.11.1-bin\bpt9gzteqjrbo1mjrsomdt32c\gradle-8.11.1\lib\agents\gradle-instrumentation-agent-8.11.1.jar 
java_command: org.gradle.launcher.daemon.bootstrap.GradleDaemon 8.11.1
java_class_path (initial): C:\Users\tmmat\.gradle\wrapper\dists\gradle-8.11.1-bin\bpt9gzteqjrbo1mjrsomdt32c\gradle-8.11.1\lib\gradle-daemon-main-8.11.1.jar
Launcher Type: SUN_STANDARD

[Global flags]
     intx CICompilerCount                          = 12                                        {product} {ergonomic}
   size_t CompressedClassSpaceSize                 = 335544320                                 {product} {ergonomic}
     uint ConcGCThreads                            = 3                                         {product} {ergonomic}
     uint G1ConcRefinementThreads                  = 13                                        {product} {ergonomic}
   size_t G1HeapRegionSize                         = 1048576                                   {product} {ergonomic}
    uintx GCDrainStackTargetSize                   = 64                                        {product} {ergonomic}
     bool HeapDumpOnOutOfMemoryError               = true                                   {manageable} {command line}
   size_t InitialHeapSize                          = 268435456                                 {product} {command line}
   size_t MarkStackSize                            = 4194304                                   {product} {ergonomic}
   size_t MaxHeapSize                              = 536870912                                 {product} {command line}
   size_t MaxMetaspaceSize                         = 402653184                                 {product} {command line}
   size_t MaxNewSize                               = 321912832                                 {product} {ergonomic}
   size_t MinHeapDeltaBytes                        = 1048576                                   {product} {ergonomic}
   size_t MinHeapSize                              = 268435456                                 {product} {command line}
    uintx NonNMethodCodeHeapSize                   = 7602480                                {pd product} {ergonomic}
    uintx NonProfiledCodeHeapSize                  = 122027880                              {pd product} {ergonomic}
    uintx ProfiledCodeHeapSize                     = 122027880                              {pd product} {ergonomic}
    uintx ReservedCodeCacheSize                    = 251658240                              {pd product} {ergonomic}
     bool SegmentedCodeCache                       = true                                      {product} {ergonomic}
   size_t SoftMaxHeapSize                          = 536870912                              {manageable} {ergonomic}
     bool UseCompressedClassPointers               = true                           {product lp64_product} {ergonomic}
     bool UseCompressedOops                        = true                           {product lp64_product} {ergonomic}
     bool UseG1GC                                  = true                                      {product} {ergonomic}
     bool UseLargePagesIndividualAllocation        = false                                  {pd product} {ergonomic}

Logging:
Log output configuration:
 #0: stdout all=warning uptime,level,tags
 #1: stderr all=off uptime,level,tags

Environment Variables:
PATH=C:\Program Files (x86)\Razer Chroma SDK\bin;C:\Program Files\Razer Chroma SDK\bin;C:\Program Files\Common Files\Oracle\Java\javapath;C:\Python312\Scripts\;C:\Python312\;C:\Windows\system32;C:\Windows;C:\Windows\System32\Wbem;C:\Windows\System32\WindowsPowerShell\v1.0\;C:\Windows\System32\OpenSSH\;C:\Program Files\dotnet\;C:\Program Files\NVIDIA Corporation\NVIDIA NvDLISR;C:\Program Files (x86)\NVIDIA Corporation\PhysX\Common;C:\Program Files\Docker\Docker\resources\bin;C:\Program Files\nodejs\;C:\ProgramData\chocolatey\bin;C:\mingw64\bin;C:\Program Files (x86)\Windows Kits\10\Windows Performance Toolkit\;C:\Program Files\Git\cmd;C:\Users\tmmat\AppData\Local\Programs\Python\Python313;C:\Users\tmmat\AppData\Local\Programs\Python\Python313\Scripts;C:\Users\tmmat\AppData\Local\Microsoft\WindowsApps;C:\Users\tmmat\AppData\Local\Programs\Microsoft VS Code\bin;C:\Program Files\JetBrains\DataGrip 2024.2.1\bin;C:\Users\tmmat\AppData\Roaming\npm;C:\Program Files\JetBrains\IntelliJ IDEA 2024.2.0.2\bin;C:\msys64\ucrt64\bin;C:\Users\tmmat\AppData\Local\Programs\Python\Python313;C:\Users\tmmat\AppData\Local\Programs\Python\Python313\Scripts;C:\Users\tmmat\AppData\Local\Microsoft\WindowsApps;C:\Users\tmmat\AppData\Local\Programs\Microsoft VS Code\bin;C:\Program Files\JetBrains\DataGrip 2024.2.1\bin;;C:\Users\tmmat\AppData\Roaming\npm;C:\Program Files\JetBrains\IntelliJ IDEA 2024.2.0.2\bin;;C:\msys64\ucrt64\bin;
USERNAME=tmmat
OS=Windows_NT
PROCESSOR_IDENTIFIER=AMD64 Family 25 Model 97 Stepping 2, AuthenticAMD



---------------  S Y S T E M  ---------------

OS:
 Windows 11 , 64 bit Build 22621 (10.0.22621.4391)
OS uptime: 0 days 9:38 hours
Hyper-V role detected

CPU: total 16 (initial active 16) (16 cores per cpu, 2 threads per core) family 25 model 97 stepping 2 microcode 0x0, cx8, cmov, fxsr, ht, mmx, 3dnowpref, sse, sse2, sse3, ssse3, sse4a, sse4.1, sse4.2, popcnt, lzcnt, tsc, tscinvbit, avx, avx2, aes, erms, clmul, bmi1, bmi2, adx, avx512f, avx512dq, avx512cd, avx512bw, avx512vl, sha, fma, vzeroupper, avx512_vpopcntdq, avx512_vpclmulqdq, avx512_vaes, avx512_vnni, clflush, clflushopt, avx512_vbmi2, avx512_vbmi, hv

Memory: 4k page, system-wide physical 31893M (12076M free)
TotalPageFile size 41221M (AvailPageFile size 15690M)
current process WorkingSet (physical memory assigned to process): 271M, peak: 272M
current process commit charge ("private bytes"): 491M, peak: 494M

vm_info: Java HotSpot(TM) 64-Bit Server VM (17.0.12+8-LTS-286) for windows-amd64 JRE (17.0.12+8-LTS-286), built on Jun  5 2024 06:46:59 by "mach5one" with MS VC++ 17.6 (VS2022)

END.
