#
# A fatal error has been detected by the Java Runtime Environment:
#
#  EXCEPTION_ACCESS_VIOLATION (0xc0000005) at pc=0x00007ff82f2814ed, pid=184212, tid=26368
#
# JRE version: Java(TM) SE Runtime Environment (17.0.12+8) (build 17.0.12+8-LTS-286)
# Java VM: Java HotSpot(TM) 64-Bit Server VM (17.0.12+8-LTS-286, mixed mode, sharing, tiered, compressed oops, compressed class ptrs, g1 gc, windows-amd64)
# Problematic frame:
# V  [jvm.dll+0x2d14ed]
#
# No core dump will be written. Minidumps are not enabled by default on client versions of Windows
#
# If you would like to submit a bug report, please visit:
#   https://bugreport.java.com/bugreport/crash.jsp
#

---------------  S U M M A R Y ------------

Command Line: --add-opens=java.base/java.lang=ALL-UNNAMED --add-opens=java.base/java.lang.invoke=ALL-UNNAMED --add-opens=java.base/java.util=ALL-UNNAMED --add-opens=java.prefs/java.util.prefs=ALL-UNNAMED --add-exports=jdk.compiler/com.sun.tools.javac.api=ALL-UNNAMED --add-exports=jdk.compiler/com.sun.tools.javac.util=ALL-UNNAMED --add-opens=java.base/java.util=ALL-UNNAMED --add-opens=java.prefs/java.util.prefs=ALL-UNNAMED --add-opens=java.base/java.nio.charset=ALL-UNNAMED --add-opens=java.base/java.net=ALL-UNNAMED --add-opens=java.base/java.util.concurrent.atomic=ALL-UNNAMED --add-opens=java.xml/javax.xml.namespace=ALL-UNNAMED -XX:MaxMetaspaceSize=384m -XX:+HeapDumpOnOutOfMemoryError -Xms256m -Xmx512m -Dfile.encoding=UTF-8 -Duser.country=US -Duser.language=en -Duser.variant -javaagent:C:\Users\tmmat\.gradle\wrapper\dists\gradle-8.11.1-bin\bpt9gzteqjrbo1mjrsomdt32c\gradle-8.11.1\lib\agents\gradle-instrumentation-agent-8.11.1.jar org.gradle.launcher.daemon.bootstrap.GradleDaemon 8.11.1

Host: AMD Ryzen 7 7700X 8-Core Processor             , 16 cores, 31G,  Windows 11 , 64 bit Build 22621 (10.0.22621.4391)
Time: Mon Dec 16 21:02:13 2024 Central Standard Time elapsed time: 2.594355 seconds (0d 0h 0m 2s)

---------------  T H R E A D  ---------------

Current thread (0x0000025639a3bfa0):  ConcurrentGCThread "G1 Conc#0" [stack: 0x0000005c69a00000,0x0000005c69b00000] [id=26368]

Stack: [0x0000005c69a00000,0x0000005c69b00000],  sp=0x0000005c69aff6b0,  free space=1021k
Native frames: (J=compiled Java code, j=interpreted, Vv=VM code, C=native code)
V  [jvm.dll+0x2d14ed]
V  [jvm.dll+0x2e488e]
V  [jvm.dll+0x2e346c]
V  [jvm.dll+0x2e4e2c]
V  [jvm.dll+0x2e3da0]
V  [jvm.dll+0x2e7946]
V  [jvm.dll+0x80832b]
V  [jvm.dll+0x808376]
V  [jvm.dll+0x78abea]
V  [jvm.dll+0x678f35]
C  [ucrtbase.dll+0x29333]
C  [KERNEL32.DLL+0x1259d]
C  [ntdll.dll+0x5af38]


siginfo: EXCEPTION_ACCESS_VIOLATION (0xc0000005), reading address 0x00007ff84257c590


Registers:
RAX=0x00007ff82fa51d90, RBX=0x0000000000c60000, RCX=0x0000005c69aff800, RDX=0x00000000e05dc638
RSP=0x0000005c69aff6b0, RBP=0x0000005c69aff800, RSI=0x00000000e05dc638, RDI=0x0000025655021846
R8 =0x0000025655021846, R9 =0x0000000002565500, R10=0x0000025655000000, R11=0x0000000000000003
R12=0x0000000000000000, R13=0xaaaaaaaaaaaaaaab, R14=0x0000000000000000, R15=0x0000005c69aff7c0
RIP=0x00007ff82f2814ed, EFLAGS=0x0000000000010216


Register to memory mapping:

RIP=0x00007ff82f2814ed jvm.dll
RAX=0x00007ff82fa51d90 jvm.dll
RBX=0x0000000000c60000 is an unknown value
RCX=0x0000005c69aff800 points into unknown readable memory: 0x00007ff82f8aa298 | 98 a2 8a 2f f8 7f 00 00
RDX=0x00000000e05dc638 is pointing into object: [I 
{0x00000000e05d8c80} - klass: {type array int}
 - length: 7146
RSP=0x0000005c69aff6b0 points into unknown readable memory: 0x0000005c69aff7c0 | c0 f7 af 69 5c 00 00 00
RBP=0x0000005c69aff800 points into unknown readable memory: 0x00007ff82f8aa298 | 98 a2 8a 2f f8 7f 00 00
RSI=0x00000000e05dc638 is pointing into object: [I 
{0x00000000e05d8c80} - klass: {type array int}
 - length: 7146
RDI=0x0000025655021846 is pointing into metadata
R8 =0x0000025655021846 is pointing into metadata
R9 =0x0000000002565500 is an unknown value
R10=0x0000025655000000 is pointing into metadata
R11=0x0000000000000003 is an unknown value
R12=0x0 is NULL
R13=0xaaaaaaaaaaaaaaab is an unknown value
R14=0x0 is NULL
R15=0x0000005c69aff7c0 points into unknown readable memory: 0x0000025639a36c50 | 50 6c a3 39 56 02 00 00


Top of Stack: (sp=0x0000005c69aff6b0)
0x0000005c69aff6b0:   0000005c69aff7c0 0000000000000001
0x0000005c69aff6c0:   00000000e08dc678 00007ff82f2814f1
0x0000005c69aff6d0:   00000000e05dc638 00007ff82f29488e
0x0000005c69aff6e0:   0000025639a3e3e0 0000000000000040
0x0000005c69aff6f0:   0000005c69aff7c0 00007ff82f296d34
0x0000005c69aff700:   0000000000000001 00000000e08dc678
0x0000005c69aff710:   0000005c69aff7c0 0000025639a36ca0
0x0000005c69aff720:   000000000011b8cf 00007ff82f29346c
0x0000005c69aff730:   000000000011b8cf 00007ff82f296d66
0x0000005c69aff740:   00000000e05dc638 0000000000000000
0x0000005c69aff750:   0000000000120000 00007ff82f294e2c
0x0000005c69aff760:   00000000e08dc658 000000000011b8cf
0x0000005c69aff770:   0000000000000000 0000000000000000
0x0000005c69aff780:   0000000000000000 0000000000000001
0x0000005c69aff790:   0000025639a3e3e0 00007ff82f293da0
0x0000005c69aff7a0:   0000025639a3e478 0000000000000000 

Instructions: (pc=0x00007ff82f2814ed)
0x00007ff82f2813ed:   00 49 8b c2 4c 8d 0d c8 08 00 00 49 0f 45 c1 48
0x00007ff82f2813fd:   89 05 b5 09 7d 00 49 3b c2 0f 84 f4 07 00 00 48
0x00007ff82f28140d:   ff e0 cc 48 83 ec 38 80 3d fc 7a 83 00 00 4c 8d
0x00007ff82f28141d:   1d de 8a d3 ff 41 0f 10 01 49 8b c3 4c 8d 15 d0
0x00007ff82f28142d:   8a d3 ff 49 0f 45 c2 48 89 05 45 09 7d 00 0f 29
0x00007ff82f28143d:   44 24 20 49 3b c3 74 07 4c 8d 4c 24 20 ff d0 48
0x00007ff82f28144d:   83 c4 38 c3 cc cc cc cc cc cc cc cc cc cc cc cc
0x00007ff82f28145d:   cc cc cc 80 3d b0 7a 83 00 00 4c 8d 15 92 8a d3
0x00007ff82f28146d:   ff 49 8b c2 4c 8d 0d 88 8a d3 ff 49 0f 45 c1 48
0x00007ff82f28147d:   89 05 2d 09 7d 00 49 3b c2 74 03 48 ff e0 c3 cc
0x00007ff82f28148d:   cc cc cc 48 89 5c 24 08 48 89 6c 24 10 48 89 74
0x00007ff82f28149d:   24 18 57 48 83 ec 20 80 3d ad 7a 83 00 00 48 8b
0x00007ff82f2814ad:   ea 48 8b f1 74 15 8b 79 08 8b 0d 0c fe 7c 00 48
0x00007ff82f2814bd:   d3 e7 48 03 3d fa fd 7c 00 eb 04 48 8b 79 08 48
0x00007ff82f2814cd:   8b d7 48 8b ce e8 d9 c3 ed ff 4c 63 4f 0c 8b d8
0x00007ff82f2814dd:   48 8d 05 ac 08 7d 00 4c 8b c7 48 8b d6 48 8b cd
0x00007ff82f2814ed:   42 ff 14 c8 48 8b 6c 24 38 8b c3 48 8b 5c 24 30
0x00007ff82f2814fd:   48 8b 74 24 40 48 83 c4 20 5f c3 cc cc cc cc cc
0x00007ff82f28150d:   cc cc cc 40 55 48 83 ec 30 48 89 5c 24 40 48 8b
0x00007ff82f28151d:   e9 49 8b d8 48 89 74 24 48 44 8b 41 10 45 33 c9
0x00007ff82f28152d:   4c 89 74 24 28 4c 89 7c 24 20 4c 8b fa 48 8b d1
0x00007ff82f28153d:   48 8b 8b 98 00 00 00 e8 97 1e f2 ff 4c 63 93 a0
0x00007ff82f28154d:   00 00 00 4c 63 8b 24 01 00 00 49 83 c2 39 8b 83
0x00007ff82f28155d:   20 01 00 00 4d 03 d1 49 03 c2 4a 8d 34 d3 4c 8d
0x00007ff82f28156d:   34 c3 49 3b f6 73 4d 48 89 7c 24 50 0f 1f 80 00
0x00007ff82f28157d:   00 00 00 48 63 1e 8b 46 04 49 03 df 48 8d 3c c3
0x00007ff82f28158d:   48 3b df 73 21 48 8b 4d 20 48 ff 81 b8 00 00 00
0x00007ff82f28159d:   48 8b 13 48 85 d2 74 05 e8 c6 21 00 00 48 83 c3
0x00007ff82f2815ad:   08 48 3b df 72 df 48 83 c6 08 49 3b f6 72 c4 48
0x00007ff82f2815bd:   8b 7c 24 50 49 8b cf e8 b7 d7 0b 00 4c 8b 7c 24
0x00007ff82f2815cd:   20 4c 8b 74 24 28 48 8b 74 24 48 48 8b 5c 24 40
0x00007ff82f2815dd:   48 85 c0 74 17 44 8b 45 10 45 33 c9 48 8b d5 48 


Stack slot to memory mapping:
stack at sp + 0 slots: 0x0000005c69aff7c0 points into unknown readable memory: 0x0000025639a36c50 | 50 6c a3 39 56 02 00 00
stack at sp + 1 slots: 0x0000000000000001 is an unknown value
stack at sp + 2 slots: 0x00000000e08dc678 is an oop: java.lang.invoke.LambdaForm$Name 
{0x00000000e08dc678} - klass: 'java/lang/invoke/LambdaForm$Name'
 - ---- fields (total size 4 words):
 - synchronized 'index' 'S' @12  3
 - final 'type' 'Ljava/lang/invoke/LambdaForm$BasicType;' @16  a 'java/lang/invoke/LambdaForm$BasicType'{0x00000000e055c510} (e055c510)
 - final 'function' 'Ljava/lang/invoke/LambdaForm$NamedFunction;' @20  
[error occurred during error reporting (inspecting top of stack), id 0xc0000005, EXCEPTION_ACCESS_VIOLATION (0xc0000005) at pc=0x00007ff82f616c69]


---------------  P R O C E S S  ---------------

Threads class SMR info:
_java_thread_list=0x00000256715a21f0, length=35, elements={
0x0000025639a08f60, 0x0000025654dbb410, 0x0000025654dbbfd0, 0x0000025654dd0b50,
0x0000025654dd3630, 0x0000025654dd6100, 0x0000025654dd6ac0, 0x0000025654dd7e70,
0x0000025654de0d40, 0x0000025654de31c0, 0x000002566e0ccf40, 0x000002566e0d42b0,
0x000002566e0d4880, 0x000002566e0d7330, 0x000002566e26eac0, 0x0000025670185390,
0x0000025670377900, 0x0000025670836030, 0x00000256706c4040, 0x000002566e3a16a0,
0x000002567087f220, 0x000002567087e800, 0x000002567087f730, 0x000002567087fc40,
0x000002567087ceb0, 0x00000256706fe4e0, 0x000002567087ed10, 0x0000025670880150,
0x000002567087c9a0, 0x00000256720b0f00, 0x000002567087dde0, 0x00000256747fac10,
0x00000256727250d0, 0x00000256747fc050, 0x00000256747ff2f0
}

Java Threads: ( => current thread )
  0x0000025639a08f60 JavaThread "main" [_thread_blocked, id=182752, stack(0x0000005c69700000,0x0000005c69800000)]
  0x0000025654dbb410 JavaThread "Reference Handler" daemon [_thread_blocked, id=183600, stack(0x0000005c69e00000,0x0000005c69f00000)]
  0x0000025654dbbfd0 JavaThread "Finalizer" daemon [_thread_blocked, id=40868, stack(0x0000005c69f00000,0x0000005c6a000000)]
  0x0000025654dd0b50 JavaThread "Signal Dispatcher" daemon [_thread_blocked, id=183704, stack(0x0000005c6a000000,0x0000005c6a100000)]
  0x0000025654dd3630 JavaThread "Attach Listener" daemon [_thread_blocked, id=184016, stack(0x0000005c6a100000,0x0000005c6a200000)]
  0x0000025654dd6100 JavaThread "Service Thread" daemon [_thread_blocked, id=153528, stack(0x0000005c6a200000,0x0000005c6a300000)]
  0x0000025654dd6ac0 JavaThread "Monitor Deflation Thread" daemon [_thread_blocked, id=182464, stack(0x0000005c6a300000,0x0000005c6a400000)]
  0x0000025654dd7e70 JavaThread "C2 CompilerThread0" daemon [_thread_blocked, id=14564, stack(0x0000005c6a400000,0x0000005c6a500000)]
  0x0000025654de0d40 JavaThread "C1 CompilerThread0" daemon [_thread_blocked, id=161372, stack(0x0000005c6a500000,0x0000005c6a600000)]
  0x0000025654de31c0 JavaThread "Sweeper thread" daemon [_thread_blocked, id=184476, stack(0x0000005c6a600000,0x0000005c6a700000)]
  0x000002566e0ccf40 JavaThread "Common-Cleaner" daemon [_thread_blocked, id=184076, stack(0x0000005c6a700000,0x0000005c6a800000)]
  0x000002566e0d42b0 JavaThread "C1 CompilerThread1" daemon [_thread_blocked, id=174724, stack(0x0000005c6a800000,0x0000005c6a900000)]
  0x000002566e0d4880 JavaThread "C1 CompilerThread2" daemon [_thread_blocked, id=107460, stack(0x0000005c6a900000,0x0000005c6aa00000)]
  0x000002566e0d7330 JavaThread "C1 CompilerThread3" daemon [_thread_blocked, id=187788, stack(0x0000005c6aa00000,0x0000005c6ab00000)]
  0x000002566e26eac0 JavaThread "Notification Thread" daemon [_thread_blocked, id=184996, stack(0x0000005c6ac00000,0x0000005c6ad00000)]
  0x0000025670185390 JavaThread "Daemon health stats" [_thread_blocked, id=184364, stack(0x0000005c6b600000,0x0000005c6b700000)]
  0x0000025670377900 JavaThread "Incoming local TCP Connector on port 55731" [_thread_in_native, id=188928, stack(0x0000005c6ab00000,0x0000005c6ac00000)]
  0x0000025670836030 JavaThread "Daemon periodic checks" [_thread_blocked, id=188956, stack(0x0000005c6ae00000,0x0000005c6af00000)]
  0x00000256706c4040 JavaThread "Daemon" [_thread_blocked, id=188964, stack(0x0000005c6af00000,0x0000005c6b000000)]
  0x000002566e3a16a0 JavaThread "Handler for socket connection from /127.0.0.1:55731 to /127.0.0.1:55733" [_thread_in_native, id=188968, stack(0x0000005c6b000000,0x0000005c6b100000)]
  0x000002567087f220 JavaThread "Cancel handler" [_thread_blocked, id=188980, stack(0x0000005c6b700000,0x0000005c6b800000)]
  0x000002567087e800 JavaThread "Daemon worker" [_thread_blocked, id=188984, stack(0x0000005c6b800000,0x0000005c6b900000)]
  0x000002567087f730 JavaThread "Asynchronous log dispatcher for DefaultDaemonConnection: socket connection from /127.0.0.1:55731 to /127.0.0.1:55733" [_thread_blocked, id=188996, stack(0x0000005c6b900000,0x0000005c6ba00000)]
  0x000002567087fc40 JavaThread "Stdin handler" [_thread_blocked, id=189000, stack(0x0000005c6ba00000,0x0000005c6bb00000)]
  0x000002567087ceb0 JavaThread "Daemon client event forwarder" [_thread_blocked, id=189004, stack(0x0000005c6bb00000,0x0000005c6bc00000)]
  0x00000256706fe4e0 JavaThread "C2 CompilerThread1" daemon [_thread_blocked, id=189008, stack(0x0000005c6bc00000,0x0000005c6bd00000)]
  0x000002567087ed10 JavaThread "Cache worker for journal cache (C:\Users\tmmat\.gradle\caches\journal-1)" [_thread_blocked, id=189028, stack(0x0000005c6bd00000,0x0000005c6be00000)]
  0x0000025670880150 JavaThread "File lock request listener" [_thread_in_native, id=189032, stack(0x0000005c6be00000,0x0000005c6bf00000)]
  0x000002567087c9a0 JavaThread "Cache worker for file hash cache (C:\Users\tmmat\.gradle\caches\8.11.1\fileHashes)" [_thread_blocked, id=189040, stack(0x0000005c6bf00000,0x0000005c6c000000)]
  0x00000256720b0f00 JavaThread "C2 CompilerThread2" daemon [_thread_blocked, id=189048, stack(0x0000005c6c000000,0x0000005c6c100000)]
  0x000002567087dde0 JavaThread "File lock release action executor" [_thread_blocked, id=189056, stack(0x0000005c6c100000,0x0000005c6c200000)]
  0x00000256747fac10 JavaThread "Cache worker for file content cache (C:\Users\tmmat\.gradle\caches\8.11.1\fileContent)" [_thread_blocked, id=189076, stack(0x0000005c6c200000,0x0000005c6c300000)]
  0x00000256727250d0 JavaThread "C2 CompilerThread3" daemon [_thread_in_native, id=189080, stack(0x0000005c6c300000,0x0000005c6c400000)]
  0x00000256747fc050 JavaThread "Cache worker for file hash cache (C:\Users\tmmat\Documents\Programming Stuff\Spring Boot Stuff\videogame_ratings\.gradle\8.11.1\fileHashes)" [_thread_blocked, id=189084, stack(0x0000005c6c400000,0x0000005c6c500000)]
  0x00000256747ff2f0 JavaThread "Cache worker for Build Output Cleanup Cache (C:\Users\tmmat\Documents\Programming Stuff\Spring Boot Stuff\videogame_ratings\.gradle\buildOutputCleanup)" [_thread_blocked, id=189088, stack(0x0000005c6c500000,0x0000005c6c600000)]

Other Threads:
  0x0000025654db8dc0 VMThread "VM Thread" [stack: 0x0000005c69d00000,0x0000005c69e00000] [id=15912]
  0x0000025654c7f2f0 WatcherThread [stack: 0x0000005c6ad00000,0x0000005c6ae00000] [id=188272]
  0x0000025639a36640 GCTaskThread "GC Thread#0" [stack: 0x0000005c69800000,0x0000005c69900000] [id=180268]
  0x000002566e73f0e0 GCTaskThread "GC Thread#1" [stack: 0x0000005c6b100000,0x0000005c6b200000] [id=181692]
  0x000002566ebbb2e0 GCTaskThread "GC Thread#2" [stack: 0x0000005c6b200000,0x0000005c6b300000] [id=182520]
  0x000002566e73f3a0 GCTaskThread "GC Thread#3" [stack: 0x0000005c6b300000,0x0000005c6b400000] [id=181036]
  0x000002566ee71da0 GCTaskThread "GC Thread#4" [stack: 0x0000005c6b400000,0x0000005c6b500000] [id=182412]
  0x000002566ee72060 GCTaskThread "GC Thread#5" [stack: 0x0000005c6b500000,0x0000005c6b600000] [id=148416]
  0x0000025671c1bc90 GCTaskThread "GC Thread#6" [stack: 0x0000005c6c600000,0x0000005c6c700000] [id=189096]
  0x0000025671c1b710 GCTaskThread "GC Thread#7" [stack: 0x0000005c6c700000,0x0000005c6c800000] [id=189100]
  0x0000025671c1b190 GCTaskThread "GC Thread#8" [stack: 0x0000005c6c800000,0x0000005c6c900000] [id=189104]
  0x0000025671c1ac10 GCTaskThread "GC Thread#9" [stack: 0x0000005c6c900000,0x0000005c6ca00000] [id=189108]
  0x0000025671c1bf50 GCTaskThread "GC Thread#10" [stack: 0x0000005c6ca00000,0x0000005c6cb00000] [id=189112]
  0x0000025671c1b9d0 GCTaskThread "GC Thread#11" [stack: 0x0000005c6cb00000,0x0000005c6cc00000] [id=189116]
  0x0000025671c1c210 GCTaskThread "GC Thread#12" [stack: 0x0000005c6cc00000,0x0000005c6cd00000] [id=189120]
  0x0000025639a3b590 ConcurrentGCThread "G1 Main Marker" [stack: 0x0000005c69900000,0x0000005c69a00000] [id=181840]
=>0x0000025639a3bfa0 ConcurrentGCThread "G1 Conc#0" [stack: 0x0000005c69a00000,0x0000005c69b00000] [id=26368]
  0x0000025671c1c4d0 ConcurrentGCThread "G1 Conc#1" [stack: 0x0000005c6cd00000,0x0000005c6ce00000] [id=189124]
  0x0000025671c1aed0 ConcurrentGCThread "G1 Conc#2" [stack: 0x0000005c6ce00000,0x0000005c6cf00000] [id=189128]
  0x0000025639ace2a0 ConcurrentGCThread "G1 Refine#0" [stack: 0x0000005c69b00000,0x0000005c69c00000] [id=187376]
  0x0000025654c74160 ConcurrentGCThread "G1 Service" [stack: 0x0000005c69c00000,0x0000005c69d00000] [id=180992]

Threads with active compile tasks:
C2 CompilerThread3     2621 3048       4       jdk.internal.org.objectweb.asm.Frame::execute (2305 bytes)

VM state: not at safepoint (normal execution)

VM Mutex/Monitor currently owned by a thread:  ([mutex/lock_event])
[0x0000025639a04250] Heap_lock - owner thread: 0x000002567087e800

Heap address: 0x00000000e0000000, size: 512 MB, Compressed Oops mode: 32-bit

CDS archive(s) mapped at: [0x0000025655000000-0x0000025655bd0000-0x0000025655bd0000), size 12386304, SharedBaseAddress: 0x0000025655000000, ArchiveRelocationMode: 1.
Compressed class space mapped at: 0x0000025656000000-0x000002566a000000, reserved size: 335544320
Narrow klass base: 0x0000025655000000, Narrow klass shift: 0, Narrow klass range: 0x100000000

GC Precious Log:
 CPUs: 16 total, 16 available
 Memory: 31893M
 Large Page Support: Disabled
 NUMA Support: Disabled
 Compressed Oops: Enabled (32-bit)
 Heap Region Size: 1M
 Heap Min Capacity: 256M
 Heap Initial Capacity: 256M
 Heap Max Capacity: 512M
 Pre-touch: Disabled
 Parallel Workers: 13
 Concurrent Workers: 3
 Concurrent Refinement Workers: 13
 Periodic GC: Disabled

Heap:
 garbage-first heap   total 262144K, used 26347K [0x00000000e0000000, 0x0000000100000000)
  region size 1024K, 16 young (16384K), 12 survivors (12288K)
 Metaspace       used 21536K, committed 21824K, reserved 393216K
  class space    used 3144K, committed 3264K, reserved 327680K

Heap Regions: E=young(eden), S=young(survivor), O=old, HS=humongous(starts), HC=humongous(continues), CS=collection set, F=free, OA=open archive, CA=closed archive, TAMS=top-at-mark-start (previous, next)
|   0|0x00000000e0000000, 0x00000000e0100000, 0x00000000e0100000|100%|HS|  |TAMS 0x00000000e0000000, 0x00000000e0100000| Complete 
|   1|0x00000000e0100000, 0x00000000e0200000, 0x00000000e0200000|100%|HC|  |TAMS 0x00000000e0100000, 0x00000000e0200000| Complete 
|   2|0x00000000e0200000, 0x00000000e0300000, 0x00000000e0300000|100%|HC|  |TAMS 0x00000000e0200000, 0x00000000e0300000| Complete 
|   3|0x00000000e0300000, 0x00000000e0400000, 0x00000000e0400000|100%| O|  |TAMS 0x00000000e0300000, 0x00000000e0400000| Untracked 
|   4|0x00000000e0400000, 0x00000000e0500000, 0x00000000e0500000|100%| O|  |TAMS 0x00000000e0400000, 0x00000000e0500000| Untracked 
|   5|0x00000000e0500000, 0x00000000e0600000, 0x00000000e0600000|100%| O|  |TAMS 0x00000000e0500000, 0x00000000e0600000| Untracked 
|   6|0x00000000e0600000, 0x00000000e0700000, 0x00000000e0700000|100%|HS|  |TAMS 0x00000000e0600000, 0x00000000e0700000| Complete 
|   7|0x00000000e0700000, 0x00000000e0700000, 0x00000000e0800000|  0%| F|  |TAMS 0x00000000e0700000, 0x00000000e0700000| Untracked 
|   8|0x00000000e0800000, 0x00000000e0900000, 0x00000000e0900000|100%| O|  |TAMS 0x00000000e0800000, 0x00000000e0900000| Untracked 
|   9|0x00000000e0900000, 0x00000000e0a00000, 0x00000000e0a00000|100%| O|  |TAMS 0x00000000e0900000, 0x00000000e0a00000| Untracked 
|  10|0x00000000e0a00000, 0x00000000e0b00000, 0x00000000e0b00000|100%| O|  |TAMS 0x00000000e0a00000, 0x00000000e0b00000| Untracked 
|  11|0x00000000e0b00000, 0x00000000e0c00000, 0x00000000e0c00000|100%| O|  |TAMS 0x00000000e0b00000, 0x00000000e0c00000| Untracked 
|  12|0x00000000e0c00000, 0x00000000e0c4a600, 0x00000000e0d00000| 29%| O|  |TAMS 0x00000000e0c00000, 0x00000000e0c4a600| Untracked 
|  13|0x00000000e0d00000, 0x00000000e0d00000, 0x00000000e0e00000|  0%| F|  |TAMS 0x00000000e0d00000, 0x00000000e0d00000| Untracked 
|  14|0x00000000e0e00000, 0x00000000e0e00000, 0x00000000e0f00000|  0%| F|  |TAMS 0x00000000e0e00000, 0x00000000e0e00000| Untracked 
|  15|0x00000000e0f00000, 0x00000000e0f00000, 0x00000000e1000000|  0%| F|  |TAMS 0x00000000e0f00000, 0x00000000e0f00000| Untracked 
|  16|0x00000000e1000000, 0x00000000e1000000, 0x00000000e1100000|  0%| F|  |TAMS 0x00000000e1000000, 0x00000000e1000000| Untracked 
|  17|0x00000000e1100000, 0x00000000e1100000, 0x00000000e1200000|  0%| F|  |TAMS 0x00000000e1100000, 0x00000000e1100000| Untracked 
|  18|0x00000000e1200000, 0x00000000e1200000, 0x00000000e1300000|  0%| F|  |TAMS 0x00000000e1200000, 0x00000000e1200000| Untracked 
|  19|0x00000000e1300000, 0x00000000e1300000, 0x00000000e1400000|  0%| F|  |TAMS 0x00000000e1300000, 0x00000000e1300000| Untracked 
|  20|0x00000000e1400000, 0x00000000e1400000, 0x00000000e1500000|  0%| F|  |TAMS 0x00000000e1400000, 0x00000000e1400000| Untracked 
|  21|0x00000000e1500000, 0x00000000e1500000, 0x00000000e1600000|  0%| F|  |TAMS 0x00000000e1500000, 0x00000000e1500000| Untracked 
|  22|0x00000000e1600000, 0x00000000e1600000, 0x00000000e1700000|  0%| F|  |TAMS 0x00000000e1600000, 0x00000000e1600000| Untracked 
|  23|0x00000000e1700000, 0x00000000e1700000, 0x00000000e1800000|  0%| F|  |TAMS 0x00000000e1700000, 0x00000000e1700000| Untracked 
|  24|0x00000000e1800000, 0x00000000e1800000, 0x00000000e1900000|  0%| F|  |TAMS 0x00000000e1800000, 0x00000000e1800000| Untracked 
|  25|0x00000000e1900000, 0x00000000e1900000, 0x00000000e1a00000|  0%| F|  |TAMS 0x00000000e1900000, 0x00000000e1900000| Untracked 
|  26|0x00000000e1a00000, 0x00000000e1a00000, 0x00000000e1b00000|  0%| F|  |TAMS 0x00000000e1a00000, 0x00000000e1a00000| Untracked 
|  27|0x00000000e1b00000, 0x00000000e1b00000, 0x00000000e1c00000|  0%| F|  |TAMS 0x00000000e1b00000, 0x00000000e1b00000| Untracked 
|  28|0x00000000e1c00000, 0x00000000e1c00000, 0x00000000e1d00000|  0%| F|  |TAMS 0x00000000e1c00000, 0x00000000e1c00000| Untracked 
|  29|0x00000000e1d00000, 0x00000000e1d00000, 0x00000000e1e00000|  0%| F|  |TAMS 0x00000000e1d00000, 0x00000000e1d00000| Untracked 
|  30|0x00000000e1e00000, 0x00000000e1e00000, 0x00000000e1f00000|  0%| F|  |TAMS 0x00000000e1e00000, 0x00000000e1e00000| Untracked 
|  31|0x00000000e1f00000, 0x00000000e1f00000, 0x00000000e2000000|  0%| F|  |TAMS 0x00000000e1f00000, 0x00000000e1f00000| Untracked 
|  32|0x00000000e2000000, 0x00000000e2000000, 0x00000000e2100000|  0%| F|  |TAMS 0x00000000e2000000, 0x00000000e2000000| Untracked 
|  33|0x00000000e2100000, 0x00000000e2100000, 0x00000000e2200000|  0%| F|  |TAMS 0x00000000e2100000, 0x00000000e2100000| Untracked 
|  34|0x00000000e2200000, 0x00000000e2200000, 0x00000000e2300000|  0%| F|  |TAMS 0x00000000e2200000, 0x00000000e2200000| Untracked 
|  35|0x00000000e2300000, 0x00000000e2300000, 0x00000000e2400000|  0%| F|  |TAMS 0x00000000e2300000, 0x00000000e2300000| Untracked 
|  36|0x00000000e2400000, 0x00000000e2400000, 0x00000000e2500000|  0%| F|  |TAMS 0x00000000e2400000, 0x00000000e2400000| Untracked 
|  37|0x00000000e2500000, 0x00000000e2500000, 0x00000000e2600000|  0%| F|  |TAMS 0x00000000e2500000, 0x00000000e2500000| Untracked 
|  38|0x00000000e2600000, 0x00000000e2600000, 0x00000000e2700000|  0%| F|  |TAMS 0x00000000e2600000, 0x00000000e2600000| Untracked 
|  39|0x00000000e2700000, 0x00000000e2700000, 0x00000000e2800000|  0%| F|  |TAMS 0x00000000e2700000, 0x00000000e2700000| Untracked 
|  40|0x00000000e2800000, 0x00000000e2800000, 0x00000000e2900000|  0%| F|  |TAMS 0x00000000e2800000, 0x00000000e2800000| Untracked 
|  41|0x00000000e2900000, 0x00000000e2900000, 0x00000000e2a00000|  0%| F|  |TAMS 0x00000000e2900000, 0x00000000e2900000| Untracked 
|  42|0x00000000e2a00000, 0x00000000e2a00000, 0x00000000e2b00000|  0%| F|  |TAMS 0x00000000e2a00000, 0x00000000e2a00000| Untracked 
|  43|0x00000000e2b00000, 0x00000000e2b00000, 0x00000000e2c00000|  0%| F|  |TAMS 0x00000000e2b00000, 0x00000000e2b00000| Untracked 
|  44|0x00000000e2c00000, 0x00000000e2c00000, 0x00000000e2d00000|  0%| F|  |TAMS 0x00000000e2c00000, 0x00000000e2c00000| Untracked 
|  45|0x00000000e2d00000, 0x00000000e2d00000, 0x00000000e2e00000|  0%| F|  |TAMS 0x00000000e2d00000, 0x00000000e2d00000| Untracked 
|  46|0x00000000e2e00000, 0x00000000e2e00000, 0x00000000e2f00000|  0%| F|  |TAMS 0x00000000e2e00000, 0x00000000e2e00000| Untracked 
|  47|0x00000000e2f00000, 0x00000000e2f00000, 0x00000000e3000000|  0%| F|  |TAMS 0x00000000e2f00000, 0x00000000e2f00000| Untracked 
|  48|0x00000000e3000000, 0x00000000e3000000, 0x00000000e3100000|  0%| F|  |TAMS 0x00000000e3000000, 0x00000000e3000000| Untracked 
|  49|0x00000000e3100000, 0x00000000e3100000, 0x00000000e3200000|  0%| F|  |TAMS 0x00000000e3100000, 0x00000000e3100000| Untracked 
|  50|0x00000000e3200000, 0x00000000e3200000, 0x00000000e3300000|  0%| F|  |TAMS 0x00000000e3200000, 0x00000000e3200000| Untracked 
|  51|0x00000000e3300000, 0x00000000e3300000, 0x00000000e3400000|  0%| F|  |TAMS 0x00000000e3300000, 0x00000000e3300000| Untracked 
|  52|0x00000000e3400000, 0x00000000e3400000, 0x00000000e3500000|  0%| F|  |TAMS 0x00000000e3400000, 0x00000000e3400000| Untracked 
|  53|0x00000000e3500000, 0x00000000e3500000, 0x00000000e3600000|  0%| F|  |TAMS 0x00000000e3500000, 0x00000000e3500000| Untracked 
|  54|0x00000000e3600000, 0x00000000e3600000, 0x00000000e3700000|  0%| F|  |TAMS 0x00000000e3600000, 0x00000000e3600000| Untracked 
|  55|0x00000000e3700000, 0x00000000e3700000, 0x00000000e3800000|  0%| F|  |TAMS 0x00000000e3700000, 0x00000000e3700000| Untracked 
|  56|0x00000000e3800000, 0x00000000e3800000, 0x00000000e3900000|  0%| F|  |TAMS 0x00000000e3800000, 0x00000000e3800000| Untracked 
|  57|0x00000000e3900000, 0x00000000e3900000, 0x00000000e3a00000|  0%| F|  |TAMS 0x00000000e3900000, 0x00000000e3900000| Untracked 
|  58|0x00000000e3a00000, 0x00000000e3a00000, 0x00000000e3b00000|  0%| F|  |TAMS 0x00000000e3a00000, 0x00000000e3a00000| Untracked 
|  59|0x00000000e3b00000, 0x00000000e3b00000, 0x00000000e3c00000|  0%| F|  |TAMS 0x00000000e3b00000, 0x00000000e3b00000| Untracked 
|  60|0x00000000e3c00000, 0x00000000e3c00000, 0x00000000e3d00000|  0%| F|  |TAMS 0x00000000e3c00000, 0x00000000e3c00000| Untracked 
|  61|0x00000000e3d00000, 0x00000000e3d00000, 0x00000000e3e00000|  0%| F|  |TAMS 0x00000000e3d00000, 0x00000000e3d00000| Untracked 
|  62|0x00000000e3e00000, 0x00000000e3e00000, 0x00000000e3f00000|  0%| F|  |TAMS 0x00000000e3e00000, 0x00000000e3e00000| Untracked 
|  63|0x00000000e3f00000, 0x00000000e3f00000, 0x00000000e4000000|  0%| F|  |TAMS 0x00000000e3f00000, 0x00000000e3f00000| Untracked 
|  64|0x00000000e4000000, 0x00000000e4000000, 0x00000000e4100000|  0%| F|  |TAMS 0x00000000e4000000, 0x00000000e4000000| Untracked 
|  65|0x00000000e4100000, 0x00000000e4100000, 0x00000000e4200000|  0%| F|  |TAMS 0x00000000e4100000, 0x00000000e4100000| Untracked 
|  66|0x00000000e4200000, 0x00000000e4200000, 0x00000000e4300000|  0%| F|  |TAMS 0x00000000e4200000, 0x00000000e4200000| Untracked 
|  67|0x00000000e4300000, 0x00000000e4300000, 0x00000000e4400000|  0%| F|  |TAMS 0x00000000e4300000, 0x00000000e4300000| Untracked 
|  68|0x00000000e4400000, 0x00000000e4400000, 0x00000000e4500000|  0%| F|  |TAMS 0x00000000e4400000, 0x00000000e4400000| Untracked 
|  69|0x00000000e4500000, 0x00000000e4500000, 0x00000000e4600000|  0%| F|  |TAMS 0x00000000e4500000, 0x00000000e4500000| Untracked 
|  70|0x00000000e4600000, 0x00000000e4600000, 0x00000000e4700000|  0%| F|  |TAMS 0x00000000e4600000, 0x00000000e4600000| Untracked 
|  71|0x00000000e4700000, 0x00000000e4700000, 0x00000000e4800000|  0%| F|  |TAMS 0x00000000e4700000, 0x00000000e4700000| Untracked 
|  72|0x00000000e4800000, 0x00000000e4800000, 0x00000000e4900000|  0%| F|  |TAMS 0x00000000e4800000, 0x00000000e4800000| Untracked 
|  73|0x00000000e4900000, 0x00000000e4900000, 0x00000000e4a00000|  0%| F|  |TAMS 0x00000000e4900000, 0x00000000e4900000| Untracked 
|  74|0x00000000e4a00000, 0x00000000e4a00000, 0x00000000e4b00000|  0%| F|  |TAMS 0x00000000e4a00000, 0x00000000e4a00000| Untracked 
|  75|0x00000000e4b00000, 0x00000000e4b00000, 0x00000000e4c00000|  0%| F|  |TAMS 0x00000000e4b00000, 0x00000000e4b00000| Untracked 
|  76|0x00000000e4c00000, 0x00000000e4c00000, 0x00000000e4d00000|  0%| F|  |TAMS 0x00000000e4c00000, 0x00000000e4c00000| Untracked 
|  77|0x00000000e4d00000, 0x00000000e4d00000, 0x00000000e4e00000|  0%| F|  |TAMS 0x00000000e4d00000, 0x00000000e4d00000| Untracked 
|  78|0x00000000e4e00000, 0x00000000e4e00000, 0x00000000e4f00000|  0%| F|  |TAMS 0x00000000e4e00000, 0x00000000e4e00000| Untracked 
|  79|0x00000000e4f00000, 0x00000000e4f00000, 0x00000000e5000000|  0%| F|  |TAMS 0x00000000e4f00000, 0x00000000e4f00000| Untracked 
|  80|0x00000000e5000000, 0x00000000e5000000, 0x00000000e5100000|  0%| F|  |TAMS 0x00000000e5000000, 0x00000000e5000000| Untracked 
|  81|0x00000000e5100000, 0x00000000e5100000, 0x00000000e5200000|  0%| F|  |TAMS 0x00000000e5100000, 0x00000000e5100000| Untracked 
|  82|0x00000000e5200000, 0x00000000e5200000, 0x00000000e5300000|  0%| F|  |TAMS 0x00000000e5200000, 0x00000000e5200000| Untracked 
|  83|0x00000000e5300000, 0x00000000e5300000, 0x00000000e5400000|  0%| F|  |TAMS 0x00000000e5300000, 0x00000000e5300000| Untracked 
|  84|0x00000000e5400000, 0x00000000e5400000, 0x00000000e5500000|  0%| F|  |TAMS 0x00000000e5400000, 0x00000000e5400000| Untracked 
|  85|0x00000000e5500000, 0x00000000e5500000, 0x00000000e5600000|  0%| F|  |TAMS 0x00000000e5500000, 0x00000000e5500000| Untracked 
|  86|0x00000000e5600000, 0x00000000e5600000, 0x00000000e5700000|  0%| F|  |TAMS 0x00000000e5600000, 0x00000000e5600000| Untracked 
|  87|0x00000000e5700000, 0x00000000e5700000, 0x00000000e5800000|  0%| F|  |TAMS 0x00000000e5700000, 0x00000000e5700000| Untracked 
|  88|0x00000000e5800000, 0x00000000e5800000, 0x00000000e5900000|  0%| F|  |TAMS 0x00000000e5800000, 0x00000000e5800000| Untracked 
|  89|0x00000000e5900000, 0x00000000e5900000, 0x00000000e5a00000|  0%| F|  |TAMS 0x00000000e5900000, 0x00000000e5900000| Untracked 
|  90|0x00000000e5a00000, 0x00000000e5a00000, 0x00000000e5b00000|  0%| F|  |TAMS 0x00000000e5a00000, 0x00000000e5a00000| Untracked 
|  91|0x00000000e5b00000, 0x00000000e5b00000, 0x00000000e5c00000|  0%| F|  |TAMS 0x00000000e5b00000, 0x00000000e5b00000| Untracked 
|  92|0x00000000e5c00000, 0x00000000e5c00000, 0x00000000e5d00000|  0%| F|  |TAMS 0x00000000e5c00000, 0x00000000e5c00000| Untracked 
|  93|0x00000000e5d00000, 0x00000000e5d00000, 0x00000000e5e00000|  0%| F|  |TAMS 0x00000000e5d00000, 0x00000000e5d00000| Untracked 
|  94|0x00000000e5e00000, 0x00000000e5e00000, 0x00000000e5f00000|  0%| F|  |TAMS 0x00000000e5e00000, 0x00000000e5e00000| Untracked 
|  95|0x00000000e5f00000, 0x00000000e5f00000, 0x00000000e6000000|  0%| F|  |TAMS 0x00000000e5f00000, 0x00000000e5f00000| Untracked 
|  96|0x00000000e6000000, 0x00000000e6000000, 0x00000000e6100000|  0%| F|  |TAMS 0x00000000e6000000, 0x00000000e6000000| Untracked 
|  97|0x00000000e6100000, 0x00000000e6100000, 0x00000000e6200000|  0%| F|  |TAMS 0x00000000e6100000, 0x00000000e6100000| Untracked 
|  98|0x00000000e6200000, 0x00000000e6200000, 0x00000000e6300000|  0%| F|  |TAMS 0x00000000e6200000, 0x00000000e6200000| Untracked 
|  99|0x00000000e6300000, 0x00000000e6300000, 0x00000000e6400000|  0%| F|  |TAMS 0x00000000e6300000, 0x00000000e6300000| Untracked 
| 100|0x00000000e6400000, 0x00000000e6400000, 0x00000000e6500000|  0%| F|  |TAMS 0x00000000e6400000, 0x00000000e6400000| Untracked 
| 101|0x00000000e6500000, 0x00000000e6500000, 0x00000000e6600000|  0%| F|  |TAMS 0x00000000e6500000, 0x00000000e6500000| Untracked 
| 102|0x00000000e6600000, 0x00000000e6600000, 0x00000000e6700000|  0%| F|  |TAMS 0x00000000e6600000, 0x00000000e6600000| Untracked 
| 103|0x00000000e6700000, 0x00000000e6700000, 0x00000000e6800000|  0%| F|  |TAMS 0x00000000e6700000, 0x00000000e6700000| Untracked 
| 104|0x00000000e6800000, 0x00000000e6800000, 0x00000000e6900000|  0%| F|  |TAMS 0x00000000e6800000, 0x00000000e6800000| Untracked 
| 105|0x00000000e6900000, 0x00000000e6900000, 0x00000000e6a00000|  0%| F|  |TAMS 0x00000000e6900000, 0x00000000e6900000| Untracked 
| 106|0x00000000e6a00000, 0x00000000e6a00000, 0x00000000e6b00000|  0%| F|  |TAMS 0x00000000e6a00000, 0x00000000e6a00000| Untracked 
| 107|0x00000000e6b00000, 0x00000000e6b00000, 0x00000000e6c00000|  0%| F|  |TAMS 0x00000000e6b00000, 0x00000000e6b00000| Untracked 
| 108|0x00000000e6c00000, 0x00000000e6c00000, 0x00000000e6d00000|  0%| F|  |TAMS 0x00000000e6c00000, 0x00000000e6c00000| Untracked 
| 109|0x00000000e6d00000, 0x00000000e6d00000, 0x00000000e6e00000|  0%| F|  |TAMS 0x00000000e6d00000, 0x00000000e6d00000| Untracked 
| 110|0x00000000e6e00000, 0x00000000e6e00000, 0x00000000e6f00000|  0%| F|  |TAMS 0x00000000e6e00000, 0x00000000e6e00000| Untracked 
| 111|0x00000000e6f00000, 0x00000000e6f00000, 0x00000000e7000000|  0%| F|  |TAMS 0x00000000e6f00000, 0x00000000e6f00000| Untracked 
| 112|0x00000000e7000000, 0x00000000e7000000, 0x00000000e7100000|  0%| F|  |TAMS 0x00000000e7000000, 0x00000000e7000000| Untracked 
| 113|0x00000000e7100000, 0x00000000e7100000, 0x00000000e7200000|  0%| F|  |TAMS 0x00000000e7100000, 0x00000000e7100000| Untracked 
| 114|0x00000000e7200000, 0x00000000e7200000, 0x00000000e7300000|  0%| F|  |TAMS 0x00000000e7200000, 0x00000000e7200000| Untracked 
| 115|0x00000000e7300000, 0x00000000e7300000, 0x00000000e7400000|  0%| F|  |TAMS 0x00000000e7300000, 0x00000000e7300000| Untracked 
| 116|0x00000000e7400000, 0x00000000e7400000, 0x00000000e7500000|  0%| F|  |TAMS 0x00000000e7400000, 0x00000000e7400000| Untracked 
| 117|0x00000000e7500000, 0x00000000e7500000, 0x00000000e7600000|  0%| F|  |TAMS 0x00000000e7500000, 0x00000000e7500000| Untracked 
| 118|0x00000000e7600000, 0x00000000e7600000, 0x00000000e7700000|  0%| F|  |TAMS 0x00000000e7600000, 0x00000000e7600000| Untracked 
| 119|0x00000000e7700000, 0x00000000e7700000, 0x00000000e7800000|  0%| F|  |TAMS 0x00000000e7700000, 0x00000000e7700000| Untracked 
| 120|0x00000000e7800000, 0x00000000e7800000, 0x00000000e7900000|  0%| F|  |TAMS 0x00000000e7800000, 0x00000000e7800000| Untracked 
| 121|0x00000000e7900000, 0x00000000e7900000, 0x00000000e7a00000|  0%| F|  |TAMS 0x00000000e7900000, 0x00000000e7900000| Untracked 
| 122|0x00000000e7a00000, 0x00000000e7a00000, 0x00000000e7b00000|  0%| F|  |TAMS 0x00000000e7a00000, 0x00000000e7a00000| Untracked 
| 123|0x00000000e7b00000, 0x00000000e7b00000, 0x00000000e7c00000|  0%| F|  |TAMS 0x00000000e7b00000, 0x00000000e7b00000| Untracked 
| 124|0x00000000e7c00000, 0x00000000e7c00000, 0x00000000e7d00000|  0%| F|  |TAMS 0x00000000e7c00000, 0x00000000e7c00000| Untracked 
| 125|0x00000000e7d00000, 0x00000000e7d00000, 0x00000000e7e00000|  0%| F|  |TAMS 0x00000000e7d00000, 0x00000000e7d00000| Untracked 
| 126|0x00000000e7e00000, 0x00000000e7e00000, 0x00000000e7f00000|  0%| F|  |TAMS 0x00000000e7e00000, 0x00000000e7e00000| Untracked 
| 127|0x00000000e7f00000, 0x00000000e7f00000, 0x00000000e8000000|  0%| F|  |TAMS 0x00000000e7f00000, 0x00000000e7f00000| Untracked 
| 128|0x00000000e8000000, 0x00000000e8000000, 0x00000000e8100000|  0%| F|  |TAMS 0x00000000e8000000, 0x00000000e8000000| Untracked 
| 129|0x00000000e8100000, 0x00000000e8100000, 0x00000000e8200000|  0%| F|  |TAMS 0x00000000e8100000, 0x00000000e8100000| Untracked 
| 130|0x00000000e8200000, 0x00000000e8200000, 0x00000000e8300000|  0%| F|  |TAMS 0x00000000e8200000, 0x00000000e8200000| Untracked 
| 131|0x00000000e8300000, 0x00000000e8300000, 0x00000000e8400000|  0%| F|  |TAMS 0x00000000e8300000, 0x00000000e8300000| Untracked 
| 132|0x00000000e8400000, 0x00000000e8400000, 0x00000000e8500000|  0%| F|  |TAMS 0x00000000e8400000, 0x00000000e8400000| Untracked 
| 133|0x00000000e8500000, 0x00000000e8500000, 0x00000000e8600000|  0%| F|  |TAMS 0x00000000e8500000, 0x00000000e8500000| Untracked 
| 134|0x00000000e8600000, 0x00000000e8600000, 0x00000000e8700000|  0%| F|  |TAMS 0x00000000e8600000, 0x00000000e8600000| Untracked 
| 135|0x00000000e8700000, 0x00000000e8770770, 0x00000000e8800000| 43%| S|CS|TAMS 0x00000000e8700000, 0x00000000e8700000| Complete 
| 136|0x00000000e8800000, 0x00000000e8900000, 0x00000000e8900000|100%| S|CS|TAMS 0x00000000e8800000, 0x00000000e8800000| Complete 
| 137|0x00000000e8900000, 0x00000000e8a00000, 0x00000000e8a00000|100%| S|CS|TAMS 0x00000000e8900000, 0x00000000e8900000| Complete 
| 138|0x00000000e8a00000, 0x00000000e8b00000, 0x00000000e8b00000|100%| S|CS|TAMS 0x00000000e8a00000, 0x00000000e8a00000| Complete 
| 139|0x00000000e8b00000, 0x00000000e8c00000, 0x00000000e8c00000|100%| S|CS|TAMS 0x00000000e8b00000, 0x00000000e8b00000| Complete 
| 140|0x00000000e8c00000, 0x00000000e8d00000, 0x00000000e8d00000|100%| S|CS|TAMS 0x00000000e8c00000, 0x00000000e8c00000| Complete 
| 141|0x00000000e8d00000, 0x00000000e8e00000, 0x00000000e8e00000|100%| S|CS|TAMS 0x00000000e8d00000, 0x00000000e8d00000| Complete 
| 142|0x00000000e8e00000, 0x00000000e8f00000, 0x00000000e8f00000|100%| S|CS|TAMS 0x00000000e8e00000, 0x00000000e8e00000| Complete 
| 143|0x00000000e8f00000, 0x00000000e9000000, 0x00000000e9000000|100%| S|CS|TAMS 0x00000000e8f00000, 0x00000000e8f00000| Complete 
| 144|0x00000000e9000000, 0x00000000e9100000, 0x00000000e9100000|100%| S|CS|TAMS 0x00000000e9000000, 0x00000000e9000000| Complete 
| 145|0x00000000e9100000, 0x00000000e9200000, 0x00000000e9200000|100%| S|CS|TAMS 0x00000000e9100000, 0x00000000e9100000| Complete 
| 146|0x00000000e9200000, 0x00000000e9300000, 0x00000000e9300000|100%| S|CS|TAMS 0x00000000e9200000, 0x00000000e9200000| Complete 
| 147|0x00000000e9300000, 0x00000000e9300000, 0x00000000e9400000|  0%| F|  |TAMS 0x00000000e9300000, 0x00000000e9300000| Untracked 
| 148|0x00000000e9400000, 0x00000000e9400000, 0x00000000e9500000|  0%| F|  |TAMS 0x00000000e9400000, 0x00000000e9400000| Untracked 
| 149|0x00000000e9500000, 0x00000000e9500000, 0x00000000e9600000|  0%| F|  |TAMS 0x00000000e9500000, 0x00000000e9500000| Untracked 
| 150|0x00000000e9600000, 0x00000000e9600000, 0x00000000e9700000|  0%| F|  |TAMS 0x00000000e9600000, 0x00000000e9600000| Untracked 
| 151|0x00000000e9700000, 0x00000000e9700000, 0x00000000e9800000|  0%| F|  |TAMS 0x00000000e9700000, 0x00000000e9700000| Untracked 
| 152|0x00000000e9800000, 0x00000000e9800000, 0x00000000e9900000|  0%| F|  |TAMS 0x00000000e9800000, 0x00000000e9800000| Untracked 
| 153|0x00000000e9900000, 0x00000000e9900000, 0x00000000e9a00000|  0%| F|  |TAMS 0x00000000e9900000, 0x00000000e9900000| Untracked 
| 154|0x00000000e9a00000, 0x00000000e9a00000, 0x00000000e9b00000|  0%| F|  |TAMS 0x00000000e9a00000, 0x00000000e9a00000| Untracked 
| 155|0x00000000e9b00000, 0x00000000e9b00000, 0x00000000e9c00000|  0%| F|  |TAMS 0x00000000e9b00000, 0x00000000e9b00000| Untracked 
| 156|0x00000000e9c00000, 0x00000000e9c00000, 0x00000000e9d00000|  0%| F|  |TAMS 0x00000000e9c00000, 0x00000000e9c00000| Untracked 
| 157|0x00000000e9d00000, 0x00000000e9d00000, 0x00000000e9e00000|  0%| F|  |TAMS 0x00000000e9d00000, 0x00000000e9d00000| Untracked 
| 158|0x00000000e9e00000, 0x00000000e9e00000, 0x00000000e9f00000|  0%| F|  |TAMS 0x00000000e9e00000, 0x00000000e9e00000| Untracked 
| 159|0x00000000e9f00000, 0x00000000e9f00000, 0x00000000ea000000|  0%| F|  |TAMS 0x00000000e9f00000, 0x00000000e9f00000| Untracked 
| 160|0x00000000ea000000, 0x00000000ea000000, 0x00000000ea100000|  0%| F|  |TAMS 0x00000000ea000000, 0x00000000ea000000| Untracked 
| 161|0x00000000ea100000, 0x00000000ea100000, 0x00000000ea200000|  0%| F|  |TAMS 0x00000000ea100000, 0x00000000ea100000| Untracked 
| 162|0x00000000ea200000, 0x00000000ea200000, 0x00000000ea300000|  0%| F|  |TAMS 0x00000000ea200000, 0x00000000ea200000| Untracked 
| 163|0x00000000ea300000, 0x00000000ea300000, 0x00000000ea400000|  0%| F|  |TAMS 0x00000000ea300000, 0x00000000ea300000| Untracked 
| 164|0x00000000ea400000, 0x00000000ea400000, 0x00000000ea500000|  0%| F|  |TAMS 0x00000000ea400000, 0x00000000ea400000| Untracked 
| 165|0x00000000ea500000, 0x00000000ea500000, 0x00000000ea600000|  0%| F|  |TAMS 0x00000000ea500000, 0x00000000ea500000| Untracked 
| 166|0x00000000ea600000, 0x00000000ea600000, 0x00000000ea700000|  0%| F|  |TAMS 0x00000000ea600000, 0x00000000ea600000| Untracked 
| 167|0x00000000ea700000, 0x00000000ea700000, 0x00000000ea800000|  0%| F|  |TAMS 0x00000000ea700000, 0x00000000ea700000| Untracked 
| 168|0x00000000ea800000, 0x00000000ea800000, 0x00000000ea900000|  0%| F|  |TAMS 0x00000000ea800000, 0x00000000ea800000| Untracked 
| 169|0x00000000ea900000, 0x00000000ea900000, 0x00000000eaa00000|  0%| F|  |TAMS 0x00000000ea900000, 0x00000000ea900000| Untracked 
| 170|0x00000000eaa00000, 0x00000000eaa00000, 0x00000000eab00000|  0%| F|  |TAMS 0x00000000eaa00000, 0x00000000eaa00000| Untracked 
| 171|0x00000000eab00000, 0x00000000eab00000, 0x00000000eac00000|  0%| F|  |TAMS 0x00000000eab00000, 0x00000000eab00000| Untracked 
| 172|0x00000000eac00000, 0x00000000eac00000, 0x00000000ead00000|  0%| F|  |TAMS 0x00000000eac00000, 0x00000000eac00000| Untracked 
| 173|0x00000000ead00000, 0x00000000ead00000, 0x00000000eae00000|  0%| F|  |TAMS 0x00000000ead00000, 0x00000000ead00000| Untracked 
| 174|0x00000000eae00000, 0x00000000eae00000, 0x00000000eaf00000|  0%| F|  |TAMS 0x00000000eae00000, 0x00000000eae00000| Untracked 
| 175|0x00000000eaf00000, 0x00000000eaf00000, 0x00000000eb000000|  0%| F|  |TAMS 0x00000000eaf00000, 0x00000000eaf00000| Untracked 
| 176|0x00000000eb000000, 0x00000000eb000000, 0x00000000eb100000|  0%| F|  |TAMS 0x00000000eb000000, 0x00000000eb000000| Untracked 
| 177|0x00000000eb100000, 0x00000000eb100000, 0x00000000eb200000|  0%| F|  |TAMS 0x00000000eb100000, 0x00000000eb100000| Untracked 
| 178|0x00000000eb200000, 0x00000000eb200000, 0x00000000eb300000|  0%| F|  |TAMS 0x00000000eb200000, 0x00000000eb200000| Untracked 
| 179|0x00000000eb300000, 0x00000000eb300000, 0x00000000eb400000|  0%| F|  |TAMS 0x00000000eb300000, 0x00000000eb300000| Untracked 
| 180|0x00000000eb400000, 0x00000000eb400000, 0x00000000eb500000|  0%| F|  |TAMS 0x00000000eb400000, 0x00000000eb400000| Untracked 
| 181|0x00000000eb500000, 0x00000000eb500000, 0x00000000eb600000|  0%| F|  |TAMS 0x00000000eb500000, 0x00000000eb500000| Untracked 
| 182|0x00000000eb600000, 0x00000000eb600000, 0x00000000eb700000|  0%| F|  |TAMS 0x00000000eb600000, 0x00000000eb600000| Untracked 
| 183|0x00000000eb700000, 0x00000000eb700000, 0x00000000eb800000|  0%| F|  |TAMS 0x00000000eb700000, 0x00000000eb700000| Untracked 
| 184|0x00000000eb800000, 0x00000000eb800000, 0x00000000eb900000|  0%| F|  |TAMS 0x00000000eb800000, 0x00000000eb800000| Untracked 
| 185|0x00000000eb900000, 0x00000000eb900000, 0x00000000eba00000|  0%| F|  |TAMS 0x00000000eb900000, 0x00000000eb900000| Untracked 
| 186|0x00000000eba00000, 0x00000000eba00000, 0x00000000ebb00000|  0%| F|  |TAMS 0x00000000eba00000, 0x00000000eba00000| Untracked 
| 187|0x00000000ebb00000, 0x00000000ebb00000, 0x00000000ebc00000|  0%| F|  |TAMS 0x00000000ebb00000, 0x00000000ebb00000| Untracked 
| 188|0x00000000ebc00000, 0x00000000ebc00000, 0x00000000ebd00000|  0%| F|  |TAMS 0x00000000ebc00000, 0x00000000ebc00000| Untracked 
| 189|0x00000000ebd00000, 0x00000000ebd00000, 0x00000000ebe00000|  0%| F|  |TAMS 0x00000000ebd00000, 0x00000000ebd00000| Untracked 
| 190|0x00000000ebe00000, 0x00000000ebe00000, 0x00000000ebf00000|  0%| F|  |TAMS 0x00000000ebe00000, 0x00000000ebe00000| Untracked 
| 191|0x00000000ebf00000, 0x00000000ebf00000, 0x00000000ec000000|  0%| F|  |TAMS 0x00000000ebf00000, 0x00000000ebf00000| Untracked 
| 192|0x00000000ec000000, 0x00000000ec000000, 0x00000000ec100000|  0%| F|  |TAMS 0x00000000ec000000, 0x00000000ec000000| Untracked 
| 193|0x00000000ec100000, 0x00000000ec100000, 0x00000000ec200000|  0%| F|  |TAMS 0x00000000ec100000, 0x00000000ec100000| Untracked 
| 194|0x00000000ec200000, 0x00000000ec200000, 0x00000000ec300000|  0%| F|  |TAMS 0x00000000ec200000, 0x00000000ec200000| Untracked 
| 195|0x00000000ec300000, 0x00000000ec300000, 0x00000000ec400000|  0%| F|  |TAMS 0x00000000ec300000, 0x00000000ec300000| Untracked 
| 196|0x00000000ec400000, 0x00000000ec400000, 0x00000000ec500000|  0%| F|  |TAMS 0x00000000ec400000, 0x00000000ec400000| Untracked 
| 197|0x00000000ec500000, 0x00000000ec500000, 0x00000000ec600000|  0%| F|  |TAMS 0x00000000ec500000, 0x00000000ec500000| Untracked 
| 198|0x00000000ec600000, 0x00000000ec600000, 0x00000000ec700000|  0%| F|  |TAMS 0x00000000ec600000, 0x00000000ec600000| Untracked 
| 199|0x00000000ec700000, 0x00000000ec700000, 0x00000000ec800000|  0%| F|  |TAMS 0x00000000ec700000, 0x00000000ec700000| Untracked 
| 200|0x00000000ec800000, 0x00000000ec800000, 0x00000000ec900000|  0%| F|  |TAMS 0x00000000ec800000, 0x00000000ec800000| Untracked 
| 201|0x00000000ec900000, 0x00000000ec900000, 0x00000000eca00000|  0%| F|  |TAMS 0x00000000ec900000, 0x00000000ec900000| Untracked 
| 202|0x00000000eca00000, 0x00000000eca00000, 0x00000000ecb00000|  0%| F|  |TAMS 0x00000000eca00000, 0x00000000eca00000| Untracked 
| 203|0x00000000ecb00000, 0x00000000ecb00000, 0x00000000ecc00000|  0%| F|  |TAMS 0x00000000ecb00000, 0x00000000ecb00000| Untracked 
| 204|0x00000000ecc00000, 0x00000000ecc00000, 0x00000000ecd00000|  0%| F|  |TAMS 0x00000000ecc00000, 0x00000000ecc00000| Untracked 
| 205|0x00000000ecd00000, 0x00000000ecd00000, 0x00000000ece00000|  0%| F|  |TAMS 0x00000000ecd00000, 0x00000000ecd00000| Untracked 
| 206|0x00000000ece00000, 0x00000000ece00000, 0x00000000ecf00000|  0%| F|  |TAMS 0x00000000ece00000, 0x00000000ece00000| Untracked 
| 207|0x00000000ecf00000, 0x00000000ecf00000, 0x00000000ed000000|  0%| F|  |TAMS 0x00000000ecf00000, 0x00000000ecf00000| Untracked 
| 208|0x00000000ed000000, 0x00000000ed000000, 0x00000000ed100000|  0%| F|  |TAMS 0x00000000ed000000, 0x00000000ed000000| Untracked 
| 209|0x00000000ed100000, 0x00000000ed100000, 0x00000000ed200000|  0%| F|  |TAMS 0x00000000ed100000, 0x00000000ed100000| Untracked 
| 210|0x00000000ed200000, 0x00000000ed200000, 0x00000000ed300000|  0%| F|  |TAMS 0x00000000ed200000, 0x00000000ed200000| Untracked 
| 211|0x00000000ed300000, 0x00000000ed300000, 0x00000000ed400000|  0%| F|  |TAMS 0x00000000ed300000, 0x00000000ed300000| Untracked 
| 212|0x00000000ed400000, 0x00000000ed400000, 0x00000000ed500000|  0%| F|  |TAMS 0x00000000ed400000, 0x00000000ed400000| Untracked 
| 213|0x00000000ed500000, 0x00000000ed500000, 0x00000000ed600000|  0%| F|  |TAMS 0x00000000ed500000, 0x00000000ed500000| Untracked 
| 214|0x00000000ed600000, 0x00000000ed600000, 0x00000000ed700000|  0%| F|  |TAMS 0x00000000ed600000, 0x00000000ed600000| Untracked 
| 215|0x00000000ed700000, 0x00000000ed700000, 0x00000000ed800000|  0%| F|  |TAMS 0x00000000ed700000, 0x00000000ed700000| Untracked 
| 216|0x00000000ed800000, 0x00000000ed800000, 0x00000000ed900000|  0%| F|  |TAMS 0x00000000ed800000, 0x00000000ed800000| Untracked 
| 217|0x00000000ed900000, 0x00000000ed900000, 0x00000000eda00000|  0%| F|  |TAMS 0x00000000ed900000, 0x00000000ed900000| Untracked 
| 218|0x00000000eda00000, 0x00000000eda00000, 0x00000000edb00000|  0%| F|  |TAMS 0x00000000eda00000, 0x00000000eda00000| Untracked 
| 219|0x00000000edb00000, 0x00000000edb00000, 0x00000000edc00000|  0%| F|  |TAMS 0x00000000edb00000, 0x00000000edb00000| Untracked 
| 220|0x00000000edc00000, 0x00000000edc00000, 0x00000000edd00000|  0%| F|  |TAMS 0x00000000edc00000, 0x00000000edc00000| Untracked 
| 221|0x00000000edd00000, 0x00000000edd00000, 0x00000000ede00000|  0%| F|  |TAMS 0x00000000edd00000, 0x00000000edd00000| Untracked 
| 222|0x00000000ede00000, 0x00000000ede00000, 0x00000000edf00000|  0%| F|  |TAMS 0x00000000ede00000, 0x00000000ede00000| Untracked 
| 223|0x00000000edf00000, 0x00000000edf00000, 0x00000000ee000000|  0%| F|  |TAMS 0x00000000edf00000, 0x00000000edf00000| Untracked 
| 224|0x00000000ee000000, 0x00000000ee000000, 0x00000000ee100000|  0%| F|  |TAMS 0x00000000ee000000, 0x00000000ee000000| Untracked 
| 225|0x00000000ee100000, 0x00000000ee100000, 0x00000000ee200000|  0%| F|  |TAMS 0x00000000ee100000, 0x00000000ee100000| Untracked 
| 226|0x00000000ee200000, 0x00000000ee200000, 0x00000000ee300000|  0%| F|  |TAMS 0x00000000ee200000, 0x00000000ee200000| Untracked 
| 227|0x00000000ee300000, 0x00000000ee300000, 0x00000000ee400000|  0%| F|  |TAMS 0x00000000ee300000, 0x00000000ee300000| Untracked 
| 228|0x00000000ee400000, 0x00000000ee400000, 0x00000000ee500000|  0%| F|  |TAMS 0x00000000ee400000, 0x00000000ee400000| Untracked 
| 229|0x00000000ee500000, 0x00000000ee500000, 0x00000000ee600000|  0%| F|  |TAMS 0x00000000ee500000, 0x00000000ee500000| Untracked 
| 230|0x00000000ee600000, 0x00000000ee600000, 0x00000000ee700000|  0%| F|  |TAMS 0x00000000ee600000, 0x00000000ee600000| Untracked 
| 231|0x00000000ee700000, 0x00000000ee700000, 0x00000000ee800000|  0%| F|  |TAMS 0x00000000ee700000, 0x00000000ee700000| Untracked 
| 232|0x00000000ee800000, 0x00000000ee800000, 0x00000000ee900000|  0%| F|  |TAMS 0x00000000ee800000, 0x00000000ee800000| Untracked 
| 233|0x00000000ee900000, 0x00000000ee900000, 0x00000000eea00000|  0%| F|  |TAMS 0x00000000ee900000, 0x00000000ee900000| Untracked 
| 234|0x00000000eea00000, 0x00000000eea00000, 0x00000000eeb00000|  0%| F|  |TAMS 0x00000000eea00000, 0x00000000eea00000| Untracked 
| 235|0x00000000eeb00000, 0x00000000eeb00000, 0x00000000eec00000|  0%| F|  |TAMS 0x00000000eeb00000, 0x00000000eeb00000| Untracked 
| 236|0x00000000eec00000, 0x00000000eec00000, 0x00000000eed00000|  0%| F|  |TAMS 0x00000000eec00000, 0x00000000eec00000| Untracked 
| 237|0x00000000eed00000, 0x00000000eed00000, 0x00000000eee00000|  0%| F|  |TAMS 0x00000000eed00000, 0x00000000eed00000| Untracked 
| 238|0x00000000eee00000, 0x00000000eee00000, 0x00000000eef00000|  0%| F|  |TAMS 0x00000000eee00000, 0x00000000eee00000| Untracked 
| 239|0x00000000eef00000, 0x00000000eef00000, 0x00000000ef000000|  0%| F|  |TAMS 0x00000000eef00000, 0x00000000eef00000| Untracked 
| 240|0x00000000ef000000, 0x00000000ef000000, 0x00000000ef100000|  0%| F|  |TAMS 0x00000000ef000000, 0x00000000ef000000| Untracked 
| 241|0x00000000ef100000, 0x00000000ef100000, 0x00000000ef200000|  0%| F|  |TAMS 0x00000000ef100000, 0x00000000ef100000| Untracked 
| 242|0x00000000ef200000, 0x00000000ef200000, 0x00000000ef300000|  0%| F|  |TAMS 0x00000000ef200000, 0x00000000ef200000| Untracked 
| 243|0x00000000ef300000, 0x00000000ef300000, 0x00000000ef400000|  0%| F|  |TAMS 0x00000000ef300000, 0x00000000ef300000| Untracked 
| 244|0x00000000ef400000, 0x00000000ef400000, 0x00000000ef500000|  0%| F|  |TAMS 0x00000000ef400000, 0x00000000ef400000| Untracked 
| 245|0x00000000ef500000, 0x00000000ef500000, 0x00000000ef600000|  0%| F|  |TAMS 0x00000000ef500000, 0x00000000ef500000| Untracked 
| 246|0x00000000ef600000, 0x00000000ef600000, 0x00000000ef700000|  0%| F|  |TAMS 0x00000000ef600000, 0x00000000ef600000| Untracked 
| 247|0x00000000ef700000, 0x00000000ef700000, 0x00000000ef800000|  0%| F|  |TAMS 0x00000000ef700000, 0x00000000ef700000| Untracked 
| 248|0x00000000ef800000, 0x00000000ef800000, 0x00000000ef900000|  0%| F|  |TAMS 0x00000000ef800000, 0x00000000ef800000| Untracked 
| 249|0x00000000ef900000, 0x00000000ef900000, 0x00000000efa00000|  0%| F|  |TAMS 0x00000000ef900000, 0x00000000ef900000| Untracked 
| 250|0x00000000efa00000, 0x00000000efa00000, 0x00000000efb00000|  0%| F|  |TAMS 0x00000000efa00000, 0x00000000efa00000| Untracked 
| 251|0x00000000efb00000, 0x00000000efb00000, 0x00000000efc00000|  0%| F|  |TAMS 0x00000000efb00000, 0x00000000efb00000| Untracked 
| 252|0x00000000efc00000, 0x00000000efc80800, 0x00000000efd00000| 50%| E|  |TAMS 0x00000000efc00000, 0x00000000efc00000| Complete 
| 253|0x00000000efd00000, 0x00000000efe00000, 0x00000000efe00000|100%| E|CS|TAMS 0x00000000efd00000, 0x00000000efd00000| Complete 
| 254|0x00000000efe00000, 0x00000000eff00000, 0x00000000eff00000|100%| E|CS|TAMS 0x00000000efe00000, 0x00000000efe00000| Complete 
| 255|0x00000000eff00000, 0x00000000f0000000, 0x00000000f0000000|100%| E|CS|TAMS 0x00000000eff00000, 0x00000000eff00000| Complete 

Card table byte_map: [0x0000025650c40000,0x0000025650d40000] _byte_map_base: 0x0000025650540000

Marking Bits (Prev, Next): (CMBitMap*) 0x0000025639a36c60, (CMBitMap*) 0x0000025639a36ca0
 Prev Bits: [0x0000025650e40000, 0x0000025651640000)
 Next Bits: [0x0000025651640000, 0x0000025651e40000)

Polling page: 0x0000025637960000

Metaspace:

Usage:
  Non-class:     17.96 MB used.
      Class:      3.07 MB used.
       Both:     21.03 MB used.

Virtual space:
  Non-class space:       64.00 MB reserved,      18.12 MB ( 28%) committed,  1 nodes.
      Class space:      320.00 MB reserved,       3.19 MB ( <1%) committed,  1 nodes.
             Both:      384.00 MB reserved,      21.31 MB (  6%) committed. 

Chunk freelists:
   Non-Class:  13.06 MB
       Class:  12.81 MB
        Both:  25.88 MB

MaxMetaspaceSize: 384.00 MB
CompressedClassSpaceSize: 320.00 MB
Initial GC threshold: 21.00 MB
Current GC threshold: 21.31 MB
CDS: on
MetaspaceReclaimPolicy: balanced
 - commit_granule_bytes: 65536.
 - commit_granule_words: 8192.
 - virtual_space_node_default_size: 8388608.
 - enlarge_chunks_in_place: 1.
 - new_chunks_are_fully_committed: 0.
 - uncommit_free_chunks: 1.
 - use_allocation_guard: 0.
 - handle_deallocations: 1.


Internal statistics:

num_allocs_failed_limit: 5.
num_arena_births: 304.
num_arena_deaths: 0.
num_vsnodes_births: 2.
num_vsnodes_deaths: 0.
num_space_committed: 341.
num_space_uncommitted: 0.
num_chunks_returned_to_freelist: 5.
num_chunks_taken_from_freelist: 1107.
num_chunk_merges: 5.
num_chunk_splits: 730.
num_chunks_enlarged: 510.
num_inconsistent_stats: 0.

CodeHeap 'non-profiled nmethods': size=119168Kb used=1705Kb max_used=1705Kb free=117463Kb
 bounds [0x0000025648e60000, 0x00000256490d0000, 0x00000256502c0000]
CodeHeap 'profiled nmethods': size=119104Kb used=6597Kb max_used=6597Kb free=112506Kb
 bounds [0x00000256412c0000, 0x0000025641940000, 0x0000025648710000]
CodeHeap 'non-nmethods': size=7488Kb used=2940Kb max_used=2995Kb free=4547Kb
 bounds [0x0000025648710000, 0x0000025648a10000, 0x0000025648e60000]
 total_blobs=3642 nmethods=3094 adapters=457
 compilation: enabled
              stopped_count=0, restarted_count=0
 full_count=0

Compilation events (20 events):
Event: 2.579 Thread 0x000002566e0d42b0 3070       3       java.lang.Class::getMethodsRecursive (99 bytes)
Event: 2.579 Thread 0x000002566e0d4880 3071       3       java.lang.PublicMethods$MethodList::filter (104 bytes)
Event: 2.580 Thread 0x000002566e0d42b0 nmethod 3070 0x0000025641923890 code [0x0000025641923ac0, 0x0000025641924068]
Event: 2.580 Thread 0x000002566e0d4880 nmethod 3071 0x0000025641924390 code [0x00000256419245c0, 0x0000025641925038]
Event: 2.582 Thread 0x000002566e0d7330 3072       3       java.lang.reflect.ProxyGenerator$ProxyMethod::codeClassForName (26 bytes)
Event: 2.583 Thread 0x000002566e0d7330 nmethod 3072 0x0000025641925510 code [0x00000256419256e0, 0x0000025641925aa8]
Event: 2.589 Thread 0x000002566e0d4880 3073       3       java.lang.ref.Reference::enqueueFromPending (19 bytes)
Event: 2.589 Thread 0x000002566e0d7330 3075   !   3       java.lang.ref.ReferenceQueue::enqueue (119 bytes)
Event: 2.589 Thread 0x0000025654de0d40 3076       3       java.lang.ref.ReferenceQueue::reallyPoll (65 bytes)
Event: 2.589 Thread 0x000002566e0d4880 nmethod 3073 0x0000025641925c10 code [0x0000025641925dc0, 0x0000025641925fe8]
Event: 2.589 Thread 0x000002566e0d42b0 3077   !   3       java.lang.ref.ReferenceQueue::remove (125 bytes)
Event: 2.589 Thread 0x000002566e0d4880 3078   !   3       jdk.internal.ref.PhantomCleanable::isListEmpty (34 bytes)
Event: 2.589 Thread 0x0000025654de0d40 nmethod 3076 0x0000025641926090 code [0x0000025641926260, 0x0000025641926798]
Event: 2.589 Thread 0x000002566e0d4880 nmethod 3078 0x0000025641926890 code [0x0000025641926a20, 0x0000025641926c78]
Event: 2.589 Thread 0x0000025654de0d40 3079       3       jdk.internal.misc.InnocuousThread::eraseThreadLocals (23 bytes)
Event: 2.589 Thread 0x000002566e0d4880 3080       3       java.lang.invoke.MethodHandleNatives$CallSiteContext::run (5 bytes)
Event: 2.589 Thread 0x000002566e0d7330 nmethod 3075 0x0000025641926d90 code [0x0000025641926f80, 0x0000025641927648]
Event: 2.589 Thread 0x0000025654de0d40 nmethod 3079 0x0000025641927810 code [0x00000256419279a0, 0x0000025641927b98]
Event: 2.589 Thread 0x000002566e0d4880 nmethod 3080 0x0000025641927c10 code [0x0000025641927da0, 0x0000025641927ec8]
Event: 2.589 Thread 0x000002566e0d42b0 nmethod 3077 0x0000025641927f90 code [0x00000256419281a0, 0x0000025641928958]

GC Heap History (8 events):
Event: 0.214 GC heap before
{Heap before GC invocations=0 (full 0):
 garbage-first heap   total 262144K, used 22528K [0x00000000e0000000, 0x0000000100000000)
  region size 1024K, 23 young (23552K), 0 survivors (0K)
 Metaspace       used 1096K, committed 1216K, reserved 393216K
  class space    used 73K, committed 128K, reserved 327680K
}
Event: 0.216 GC heap after
{Heap after GC invocations=1 (full 0):
 garbage-first heap   total 262144K, used 2818K [0x00000000e0000000, 0x0000000100000000)
  region size 1024K, 3 young (3072K), 3 survivors (3072K)
 Metaspace       used 1096K, committed 1216K, reserved 393216K
  class space    used 73K, committed 128K, reserved 327680K
}
Event: 0.514 GC heap before
{Heap before GC invocations=1 (full 0):
 garbage-first heap   total 262144K, used 40706K [0x00000000e0000000, 0x0000000100000000)
  region size 1024K, 37 young (37888K), 3 survivors (3072K)
 Metaspace       used 4447K, committed 4608K, reserved 393216K
  class space    used 542K, committed 640K, reserved 327680K
}
Event: 0.516 GC heap after
{Heap after GC invocations=2 (full 0):
 garbage-first heap   total 262144K, used 10513K [0x00000000e0000000, 0x0000000100000000)
  region size 1024K, 5 young (5120K), 5 survivors (5120K)
 Metaspace       used 4447K, committed 4608K, reserved 393216K
  class space    used 542K, committed 640K, reserved 327680K
}
Event: 0.876 GC heap before
{Heap before GC invocations=2 (full 0):
 garbage-first heap   total 262144K, used 60689K [0x00000000e0000000, 0x0000000100000000)
  region size 1024K, 52 young (53248K), 5 survivors (5120K)
 Metaspace       used 4898K, committed 5056K, reserved 393216K
  class space    used 625K, committed 704K, reserved 327680K
}
Event: 0.878 GC heap after
{Heap after GC invocations=3 (full 0):
 garbage-first heap   total 262144K, used 16287K [0x00000000e0000000, 0x0000000100000000)
  region size 1024K, 5 young (5120K), 5 survivors (5120K)
 Metaspace       used 4898K, committed 5056K, reserved 393216K
  class space    used 625K, committed 704K, reserved 327680K
}
Event: 2.585 GC heap before
{Heap before GC invocations=3 (full 0):
 garbage-first heap   total 262144K, used 121759K [0x00000000e0000000, 0x0000000100000000)
  region size 1024K, 109 young (111616K), 5 survivors (5120K)
 Metaspace       used 21158K, committed 21504K, reserved 393216K
  class space    used 3085K, committed 3200K, reserved 327680K
}
Event: 2.589 GC heap after
{Heap after GC invocations=4 (full 0):
 garbage-first heap   total 262144K, used 23275K [0x00000000e0000000, 0x0000000100000000)
  region size 1024K, 12 young (12288K), 12 survivors (12288K)
 Metaspace       used 21158K, committed 21504K, reserved 393216K
  class space    used 3085K, committed 3200K, reserved 327680K
}

Deoptimization events (20 events):
Event: 2.178 Thread 0x000002567087e800 DEOPT PACKING pc=0x0000025641700ac9 sp=0x0000005c6b8fa560
Event: 2.178 Thread 0x000002567087e800 DEOPT UNPACKING pc=0x00000256487666e3 sp=0x0000005c6b8f9a70 mode 0
Event: 2.193 Thread 0x000002567087e800 DEOPT PACKING pc=0x0000025641700ac9 sp=0x0000005c6b8fac80
Event: 2.193 Thread 0x000002567087e800 DEOPT UNPACKING pc=0x00000256487666e3 sp=0x0000005c6b8fa190 mode 0
Event: 2.199 Thread 0x000002567087e800 DEOPT PACKING pc=0x0000025641700ac9 sp=0x0000005c6b8fba00
Event: 2.199 Thread 0x000002567087e800 DEOPT UNPACKING pc=0x00000256487666e3 sp=0x0000005c6b8faf10 mode 0
Event: 2.403 Thread 0x000002567087e800 Uncommon trap: trap_request=0xffffff45 fr.pc=0x0000025648fb7f64 relative=0x0000000000000524
Event: 2.403 Thread 0x000002567087e800 Uncommon trap: reason=unstable_if action=reinterpret pc=0x0000025648fb7f64 method=java.util.HashMap.getNode(Ljava/lang/Object;)Ljava/util/HashMap$Node; @ 131 c2
Event: 2.403 Thread 0x000002567087e800 DEOPT PACKING pc=0x0000025648fb7f64 sp=0x0000005c6b8fa8d0
Event: 2.403 Thread 0x000002567087e800 DEOPT UNPACKING pc=0x0000025648765ba3 sp=0x0000005c6b8fa850 mode 2
Event: 2.446 Thread 0x000002567087e800 DEOPT PACKING pc=0x00000256417d555c sp=0x0000005c6b8f8f30
Event: 2.446 Thread 0x000002567087e800 DEOPT UNPACKING pc=0x00000256487666e3 sp=0x0000005c6b8f84b0 mode 0
Event: 2.525 Thread 0x000002567087e800 Uncommon trap: trap_request=0xffffff45 fr.pc=0x0000025648f94654 relative=0x0000000000007174
Event: 2.525 Thread 0x000002567087e800 Uncommon trap: reason=unstable_if action=reinterpret pc=0x0000025648f94654 method=jdk.internal.org.objectweb.asm.Frame.execute(IILjdk/internal/org/objectweb/asm/Symbol;Ljdk/internal/org/objectweb/asm/SymbolTable;)V @ 1 c2
Event: 2.525 Thread 0x000002567087e800 DEOPT PACKING pc=0x0000025648f94654 sp=0x0000005c6b8f9530
Event: 2.525 Thread 0x000002567087e800 DEOPT UNPACKING pc=0x0000025648765ba3 sp=0x0000005c6b8f94e8 mode 2
Event: 2.579 Thread 0x000002567087e800 Uncommon trap: trap_request=0xffffffcc fr.pc=0x0000025648ffb558 relative=0x0000000000000338
Event: 2.579 Thread 0x000002567087e800 Uncommon trap: reason=intrinsic_or_type_checked_inlining action=make_not_entrant pc=0x0000025648ffb558 method=java.util.Arrays.copyOf([Ljava/lang/Object;ILjava/lang/Class;)[Ljava/lang/Object; @ 35 c2
Event: 2.579 Thread 0x000002567087e800 DEOPT PACKING pc=0x0000025648ffb558 sp=0x0000005c6b8f9540
Event: 2.579 Thread 0x000002567087e800 DEOPT UNPACKING pc=0x0000025648765ba3 sp=0x0000005c6b8f94d0 mode 2

Classes unloaded (0 events):
No events

Classes redefined (0 events):
No events

Internal exceptions (20 events):
Event: 2.411 Thread 0x000002567087e800 Exception <a 'java/lang/NoSuchMethodError'{0x00000000ea380328}: 'java.lang.Object java.lang.invoke.Invokers$Holder.linkToTargetMethod(java.lang.Object, java.lang.Object, java.lang.Object, java.lang.Object, java.lang.Object, java.lang.Object, java.lang.Object)'> (0x00000000ea380328) 
thrown [s\open\src\hotspot\share\interpreter\linkResolver.cpp, line 759]
Event: 2.520 Thread 0x000002567087e800 Exception <a 'java/lang/NoSuchMethodError'{0x00000000e9a9bfd0}: 'java.lang.Object java.lang.invoke.DelegatingMethodHandle$Holder.reinvoke_L(java.lang.Object, java.lang.Object, java.lang.Object, java.lang.Object, java.lang.Object, java.lang.Object, java.lang.Object, java.lang.Object, java.lang.Object, java.lang.Object, java.lang.Object, java.lang.Object, java.lang.Object, java.lang.Object, java.lang.Object, java.lang.Object, java.lang.Object, java.lang.Object, java.lang.Object, java.lang.Object, java.lang.O
Event: 2.521 Thread 0x000002567087e800 Exception <a 'java/lang/NoSuchMethodError'{0x00000000e9aa80a8}: 'java.lang.Object java.lang.invoke.DirectMethodHandle$Holder.invokeSpecial(java.lang.Object, java.lang.Object, java.lang.Object, java.lang.Object, java.lang.Object, java.lang.Object, java.lang.Object, java.lang.Object, java.lang.Object, java.lang.Object, java.lang.Object, java.lang.Object, java.lang.Object, java.lang.Object, java.lang.Object, java.lang.Object, java.lang.Object, java.lang.Object, java.lang.Object, java.lang.Object, java.lang.Ob
Event: 2.521 Thread 0x000002567087e800 Exception <a 'java/lang/NoSuchMethodError'{0x00000000e9aadd30}: 'java.lang.Object java.lang.invoke.Invokers$Holder.invoker(java.lang.Object, java.lang.Object, java.lang.Object, java.lang.Object, java.lang.Object, java.lang.Object, java.lang.Object, java.lang.Object, java.lang.Object, java.lang.Object, java.lang.Object, java.lang.Object, java.lang.Object, java.lang.Object, java.lang.Object, java.lang.Object, java.lang.Object, java.lang.Object, java.lang.Object, java.lang.Object, java.lang.Object, java.lang.
Event: 2.521 Thread 0x000002567087e800 Exception <a 'java/lang/NoSuchMethodError'{0x00000000e9ab4860}: 'java.lang.Object java.lang.invoke.DelegatingMethodHandle$Holder.delegate(java.lang.Object, java.lang.Object, java.lang.Object, java.lang.Object, java.lang.Object, java.lang.Object, java.lang.Object, java.lang.Object, java.lang.Object, java.lang.Object, java.lang.Object, java.lang.Object, java.lang.Object, java.lang.Object, java.lang.Object, java.lang.Object, java.lang.Object, java.lang.Object, java.lang.Object, java.lang.Object, java.lang.Obj
Event: 2.526 Thread 0x000002567087e800 Exception <a 'java/lang/NoSuchMethodError'{0x00000000e992f4e8}: 'java.lang.Object java.lang.invoke.DirectMethodHandle$Holder.invokeStatic(java.lang.Object, java.lang.Object, java.lang.Object, java.lang.Object, java.lang.Object, java.lang.Object, java.lang.Object, java.lang.Object, java.lang.Object, java.lang.Object, java.lang.Object, java.lang.Object, java.lang.Object, java.lang.Object, java.lang.Object, java.lang.Object, java.lang.Object)'> (0x00000000e992f4e8) 
thrown [s\open\src\hotspot\share\interprete
Event: 2.528 Thread 0x000002567087e800 Exception <a 'java/lang/NoSuchMethodError'{0x00000000e9958930}: 'java.lang.Object java.lang.invoke.DirectMethodHandle$Holder.invokeStatic(java.lang.Object, java.lang.Object, java.lang.Object, java.lang.Object, java.lang.Object, java.lang.Object, java.lang.Object, java.lang.Object, java.lang.Object, java.lang.Object, java.lang.Object, java.lang.Object, java.lang.Object, java.lang.Object, java.lang.Object, java.lang.Object, java.lang.Object, java.lang.Object)'> (0x00000000e9958930) 
thrown [s\open\src\hotspo
Event: 2.530 Thread 0x000002567087e800 Exception <a 'java/lang/NoSuchMethodError'{0x00000000e9984170}: 'java.lang.Object java.lang.invoke.DirectMethodHandle$Holder.invokeStatic(java.lang.Object, java.lang.Object, java.lang.Object, java.lang.Object, java.lang.Object, java.lang.Object, java.lang.Object, java.lang.Object, java.lang.Object, java.lang.Object, java.lang.Object, java.lang.Object, java.lang.Object, java.lang.Object, java.lang.Object, java.lang.Object, java.lang.Object, java.lang.Object, java.lang.Object)'> (0x00000000e9984170) 
thrown 
Event: 2.531 Thread 0x000002567087e800 Exception <a 'java/lang/NoSuchMethodError'{0x00000000e99afb68}: 'java.lang.Object java.lang.invoke.DirectMethodHandle$Holder.invokeStatic(java.lang.Object, java.lang.Object, java.lang.Object, java.lang.Object, java.lang.Object, java.lang.Object, java.lang.Object, java.lang.Object, java.lang.Object, java.lang.Object, java.lang.Object, java.lang.Object, java.lang.Object, java.lang.Object, java.lang.Object, java.lang.Object, java.lang.Object, java.lang.Object, java.lang.Object, java.lang.Object)'> (0x00000000
Event: 2.533 Thread 0x000002567087e800 Exception <a 'java/lang/NoSuchMethodError'{0x00000000e99dbf18}: 'java.lang.Object java.lang.invoke.DirectMethodHandle$Holder.invokeStatic(java.lang.Object, java.lang.Object, java.lang.Object, java.lang.Object, java.lang.Object, java.lang.Object, java.lang.Object, java.lang.Object, java.lang.Object, java.lang.Object, java.lang.Object, java.lang.Object, java.lang.Object, java.lang.Object, java.lang.Object, java.lang.Object, java.lang.Object, java.lang.Object, java.lang.Object, java.lang.Object, java.lang.Obj
Event: 2.534 Thread 0x000002567087e800 Exception <a 'java/lang/NoSuchMethodError'{0x00000000e9809938}: 'java.lang.Object java.lang.invoke.DirectMethodHandle$Holder.invokeStatic(java.lang.Object, java.lang.Object, java.lang.Object, java.lang.Object, java.lang.Object, java.lang.Object, java.lang.Object, java.lang.Object, java.lang.Object, java.lang.Object, java.lang.Object, java.lang.Object, java.lang.Object, java.lang.Object, java.lang.Object, java.lang.Object, java.lang.Object, java.lang.Object, java.lang.Object, java.lang.Object, java.lang.Obj
Event: 2.537 Thread 0x000002567087e800 Exception <a 'java/lang/NoSuchMethodError'{0x00000000e9837f18}: 'java.lang.Object java.lang.invoke.DirectMethodHandle$Holder.invokeStatic(java.lang.Object, java.lang.Object, java.lang.Object, java.lang.Object, java.lang.Object, java.lang.Object, java.lang.Object, java.lang.Object, java.lang.Object, java.lang.Object, java.lang.Object, java.lang.Object, java.lang.Object, java.lang.Object, java.lang.Object, java.lang.Object, java.lang.Object, java.lang.Object, java.lang.Object, java.lang.Object, java.lang.Obj
Event: 2.539 Thread 0x000002567087e800 Exception <a 'java/lang/NoSuchMethodError'{0x00000000e9866f48}: 'java.lang.Object java.lang.invoke.DirectMethodHandle$Holder.invokeStatic(java.lang.Object, java.lang.Object, java.lang.Object, java.lang.Object, java.lang.Object, java.lang.Object, java.lang.Object, java.lang.Object, java.lang.Object, java.lang.Object, java.lang.Object, java.lang.Object, java.lang.Object, java.lang.Object, java.lang.Object, java.lang.Object, java.lang.Object, java.lang.Object, java.lang.Object, java.lang.Object, java.lang.Obj
Event: 2.540 Thread 0x000002567087e800 Exception <a 'java/lang/NoSuchMethodError'{0x00000000e9897e30}: 'java.lang.Object java.lang.invoke.DirectMethodHandle$Holder.invokeStatic(java.lang.Object, java.lang.Object, java.lang.Object, java.lang.Object, java.lang.Object, java.lang.Object, java.lang.Object, java.lang.Object, java.lang.Object, java.lang.Object, java.lang.Object, java.lang.Object, java.lang.Object, java.lang.Object, java.lang.Object, java.lang.Object, java.lang.Object, java.lang.Object, java.lang.Object, java.lang.Object, java.lang.Obj
Event: 2.541 Thread 0x000002567087e800 Exception <a 'java/lang/NoSuchMethodError'{0x00000000e98c98a8}: 'java.lang.Object java.lang.invoke.DirectMethodHandle$Holder.invokeStatic(java.lang.Object, java.lang.Object, java.lang.Object, java.lang.Object, java.lang.Object, java.lang.Object, java.lang.Object, java.lang.Object, java.lang.Object, java.lang.Object, java.lang.Object, java.lang.Object, java.lang.Object, java.lang.Object, java.lang.Object, java.lang.Object, java.lang.Object, java.lang.Object, java.lang.Object, java.lang.Object, java.lang.Obj
Event: 2.553 Thread 0x000002567087e800 Exception <a 'java/lang/NoSuchMethodError'{0x00000000e966e430}: 'java.lang.Object java.lang.invoke.DirectMethodHandle$Holder.invokeStaticInit(java.lang.Object, java.lang.Object, java.lang.Object, java.lang.Object)'> (0x00000000e966e430) 
thrown [s\open\src\hotspot\share\interpreter\linkResolver.cpp, line 759]
Event: 2.566 Thread 0x000002567087e800 Exception <a 'java/lang/NoSuchMethodError'{0x00000000e941ce30}: 'java.lang.Object java.lang.invoke.DirectMethodHandle$Holder.newInvokeSpecial(java.lang.Object, java.lang.Object, java.lang.Object, java.lang.Object, java.lang.Object, java.lang.Object, java.lang.Object, java.lang.Object)'> (0x00000000e941ce30) 
thrown [s\open\src\hotspot\share\interpreter\linkResolver.cpp, line 759]
Event: 2.566 Thread 0x000002567087e800 Exception <a 'java/lang/NoSuchMethodError'{0x00000000e9422838}: 'java.lang.Object java.lang.invoke.DirectMethodHandle$Holder.invokeSpecial(java.lang.Object, java.lang.Object, java.lang.Object, java.lang.Object, java.lang.Object, java.lang.Object, java.lang.Object, java.lang.Object, java.lang.Object)'> (0x00000000e9422838) 
thrown [s\open\src\hotspot\share\interpreter\linkResolver.cpp, line 759]
Event: 2.566 Thread 0x000002567087e800 Exception <a 'java/lang/NoSuchMethodError'{0x00000000e9427be8}: 'java.lang.Object java.lang.invoke.Invokers$Holder.linkToTargetMethod(java.lang.Object, java.lang.Object, java.lang.Object, java.lang.Object, java.lang.Object, java.lang.Object, java.lang.Object, java.lang.Object)'> (0x00000000e9427be8) 
thrown [s\open\src\hotspot\share\interpreter\linkResolver.cpp, line 759]
Event: 2.569 Thread 0x000002567087e800 Exception <a 'java/lang/NoSuchMethodError'{0x00000000e9473f48}: 'void java.lang.invoke.DirectMethodHandle$Holder.invokeStatic(java.lang.Object, java.lang.Object, java.lang.Object, java.lang.Object)'> (0x00000000e9473f48) 
thrown [s\open\src\hotspot\share\interpreter\linkResolver.cpp, line 759]

VM Operations (20 events):
Event: 1.084 Executing VM operation: HandshakeAllThreads
Event: 1.084 Executing VM operation: HandshakeAllThreads done
Event: 1.264 Executing VM operation: HandshakeAllThreads
Event: 1.264 Executing VM operation: HandshakeAllThreads done
Event: 1.518 Executing VM operation: HandshakeAllThreads
Event: 1.518 Executing VM operation: HandshakeAllThreads done
Event: 1.574 Executing VM operation: HandshakeAllThreads
Event: 1.574 Executing VM operation: HandshakeAllThreads done
Event: 1.802 Executing VM operation: ICBufferFull
Event: 1.803 Executing VM operation: ICBufferFull done
Event: 2.108 Executing VM operation: HandshakeAllThreads
Event: 2.108 Executing VM operation: HandshakeAllThreads done
Event: 2.109 Executing VM operation: HandshakeAllThreads
Event: 2.109 Executing VM operation: HandshakeAllThreads done
Event: 2.403 Executing VM operation: HandshakeAllThreads
Event: 2.404 Executing VM operation: HandshakeAllThreads done
Event: 2.404 Executing VM operation: ICBufferFull
Event: 2.405 Executing VM operation: ICBufferFull done
Event: 2.585 Executing VM operation: CollectForMetadataAllocation
Event: 2.589 Executing VM operation: CollectForMetadataAllocation done

Events (20 events):
Event: 2.525 loading class java/lang/invoke/BoundMethodHandle$Species_LLLLLLLLLLLLLL
Event: 2.525 loading class java/lang/invoke/BoundMethodHandle$Species_LLLLLLLLLLLLLL done
Event: 2.527 loading class java/lang/invoke/BoundMethodHandle$Species_LLLLLLLLLLLLLLL
Event: 2.527 loading class java/lang/invoke/BoundMethodHandle$Species_LLLLLLLLLLLLLLL done
Event: 2.529 loading class java/lang/invoke/BoundMethodHandle$Species_LLLLLLLLLLLLLLLL
Event: 2.529 loading class java/lang/invoke/BoundMethodHandle$Species_LLLLLLLLLLLLLLLL done
Event: 2.531 loading class java/lang/invoke/BoundMethodHandle$Species_LLLLLLLLLLLLLLLLL
Event: 2.531 loading class java/lang/invoke/BoundMethodHandle$Species_LLLLLLLLLLLLLLLLL done
Event: 2.532 loading class java/lang/invoke/BoundMethodHandle$Species_LLLLLLLLLLLLLLLLLL
Event: 2.532 loading class java/lang/invoke/BoundMethodHandle$Species_LLLLLLLLLLLLLLLLLL done
Event: 2.534 loading class java/lang/invoke/BoundMethodHandle$Species_LLLLLLLLLLLLLLLLLLL
Event: 2.534 loading class java/lang/invoke/BoundMethodHandle$Species_LLLLLLLLLLLLLLLLLLL done
Event: 2.535 loading class java/lang/invoke/BoundMethodHandle$Species_LLLLLLLLLLLLLLLLLLLL
Event: 2.535 loading class java/lang/invoke/BoundMethodHandle$Species_LLLLLLLLLLLLLLLLLLLL done
Event: 2.537 loading class java/lang/invoke/BoundMethodHandle$Species_LLLLLLLLLLLLLLLLLLLLL
Event: 2.537 loading class java/lang/invoke/BoundMethodHandle$Species_LLLLLLLLLLLLLLLLLLLLL done
Event: 2.539 loading class java/lang/invoke/BoundMethodHandle$Species_LLLLLLLLLLLLLLLLLLLLLL
Event: 2.539 loading class java/lang/invoke/BoundMethodHandle$Species_LLLLLLLLLLLLLLLLLLLLLL done
Event: 2.541 loading class java/lang/invoke/BoundMethodHandle$Species_LLLLLLLLLLLLLLLLLLLLLLL
Event: 2.541 loading class java/lang/invoke/BoundMethodHandle$Species_LLLLLLLLLLLLLLLLLLLLLLL done


Dynamic libraries:
0x00007ff627310000 - 0x00007ff627320000 	C:\Program Files\Java\jdk-17\bin\java.exe
0x00007ff86b7d0000 - 0x00007ff86b9e7000 	C:\Windows\SYSTEM32\ntdll.dll
0x00007ff86a090000 - 0x00007ff86a154000 	C:\Windows\System32\KERNEL32.DLL
0x00007ff868bc0000 - 0x00007ff868f7a000 	C:\Windows\System32\KERNELBASE.dll
0x00007ff868aa0000 - 0x00007ff868bb1000 	C:\Windows\System32\ucrtbase.dll
0x00007ff8322d0000 - 0x00007ff8322e9000 	C:\Program Files\Java\jdk-17\bin\jli.dll
0x00007ff8322b0000 - 0x00007ff8322cb000 	C:\Program Files\Java\jdk-17\bin\VCRUNTIME140.dll
0x00007ff869790000 - 0x00007ff869842000 	C:\Windows\System32\ADVAPI32.dll
0x00007ff86a160000 - 0x00007ff86a207000 	C:\Windows\System32\msvcrt.dll
0x00007ff8695f0000 - 0x00007ff869697000 	C:\Windows\System32\sechost.dll
0x00007ff869240000 - 0x00007ff869268000 	C:\Windows\System32\bcrypt.dll
0x00007ff869d50000 - 0x00007ff869e64000 	C:\Windows\System32\RPCRT4.dll
0x00007ff86a2c0000 - 0x00007ff86a46e000 	C:\Windows\System32\USER32.dll
0x00007ff8690a0000 - 0x00007ff8690c6000 	C:\Windows\System32\win32u.dll
0x00007ff867e50000 - 0x00007ff8680e2000 	C:\Windows\WinSxS\amd64_microsoft.windows.common-controls_6595b64144ccf1df_6.0.22621.4541_none_2710d1c57384c085\COMCTL32.dll
0x00007ff86a060000 - 0x00007ff86a089000 	C:\Windows\System32\GDI32.dll
0x00007ff868f80000 - 0x00007ff86909b000 	C:\Windows\System32\gdi32full.dll
0x00007ff8693b0000 - 0x00007ff86944a000 	C:\Windows\System32\msvcp_win.dll
0x00007ff85d320000 - 0x00007ff85d32a000 	C:\Windows\SYSTEM32\VERSION.dll
0x00007ff869980000 - 0x00007ff8699b1000 	C:\Windows\System32\IMM32.DLL
0x00007ff8322a0000 - 0x00007ff8322ac000 	C:\Program Files\Java\jdk-17\bin\vcruntime140_1.dll
0x00007ff82fb90000 - 0x00007ff82fc1e000 	C:\Program Files\Java\jdk-17\bin\msvcp140.dll
0x00007ff82efb0000 - 0x00007ff82fb90000 	C:\Program Files\Java\jdk-17\bin\server\jvm.dll
0x00007ff86b300000 - 0x00007ff86b308000 	C:\Windows\System32\PSAPI.DLL
0x00007ff85f7e0000 - 0x00007ff85f814000 	C:\Windows\SYSTEM32\WINMM.dll
0x00007ff847020000 - 0x00007ff847029000 	C:\Windows\SYSTEM32\WSOCK32.dll
0x00007ff869fe0000 - 0x00007ff86a051000 	C:\Windows\System32\WS2_32.dll
0x00007ff8671a0000 - 0x00007ff8671b8000 	C:\Windows\SYSTEM32\kernel.appcore.dll
0x00007ff832260000 - 0x00007ff83226a000 	C:\Program Files\Java\jdk-17\bin\jimage.dll
0x00007ff8680f0000 - 0x00007ff868322000 	C:\Windows\SYSTEM32\DBGHELP.DLL
0x00007ff8699c0000 - 0x00007ff869d4f000 	C:\Windows\System32\combase.dll
0x00007ff86aea0000 - 0x00007ff86af77000 	C:\Windows\System32\OLEAUT32.dll
0x00007ff868440000 - 0x00007ff868472000 	C:\Windows\SYSTEM32\dbgcore.DLL
0x00007ff869330000 - 0x00007ff8693ab000 	C:\Windows\System32\bcryptPrimitives.dll
0x00007ff84d960000 - 0x00007ff84d96e000 	C:\Program Files\Java\jdk-17\bin\instrument.dll
0x00007ff8684e0000 - 0x00007ff868505000 	C:\Program Files\Java\jdk-17\bin\java.dll
0x00007ff82e020000 - 0x00007ff82e0f7000 	C:\Program Files\Java\jdk-17\bin\jsvml.dll
0x00007ff86a470000 - 0x00007ff86ace8000 	C:\Windows\System32\SHELL32.dll
0x00007ff865f00000 - 0x00007ff866808000 	C:\Windows\SYSTEM32\windows.storage.dll
0x00007ff865dc0000 - 0x00007ff865eff000 	C:\Windows\SYSTEM32\wintypes.dll
0x00007ff86b200000 - 0x00007ff86b2fa000 	C:\Windows\System32\SHCORE.dll
0x00007ff86af80000 - 0x00007ff86afde000 	C:\Windows\System32\shlwapi.dll
0x00007ff8689d0000 - 0x00007ff8689fb000 	C:\Windows\SYSTEM32\profapi.dll
0x00007ff82dc80000 - 0x00007ff82dc98000 	C:\Program Files\Java\jdk-17\bin\zip.dll
0x00007ff82dcc0000 - 0x00007ff82dcd9000 	C:\Program Files\Java\jdk-17\bin\net.dll
0x00007ff861460000 - 0x00007ff861596000 	C:\Windows\SYSTEM32\WINHTTP.dll
0x00007ff8675d0000 - 0x00007ff867639000 	C:\Windows\system32\mswsock.dll
0x00007ff82dca0000 - 0x00007ff82dcb6000 	C:\Program Files\Java\jdk-17\bin\nio.dll
0x00007ff8151e0000 - 0x00007ff8151f0000 	C:\Program Files\Java\jdk-17\bin\verify.dll
0x00007ff8337c0000 - 0x00007ff8337e7000 	C:\Users\tmmat\.gradle\native\c067742578af261105cb4f569cf0c3c89f3d7b1fecec35dd04571415982c5e48\windows-amd64\native-platform.dll
0x00007ff812a20000 - 0x00007ff812b64000 	C:\Users\tmmat\.gradle\native\100fb08df4bc3b14c8652ba06237920a3bd2aa13389f12d3474272988ae205f9\windows-amd64\native-platform-file-events.dll
0x00007ff813e50000 - 0x00007ff813e5a000 	C:\Program Files\Java\jdk-17\bin\management.dll
0x00007ff813e40000 - 0x00007ff813e4b000 	C:\Program Files\Java\jdk-17\bin\management_ext.dll
0x00007ff868650000 - 0x00007ff86866b000 	C:\Windows\SYSTEM32\CRYPTSP.dll
0x00007ff867c10000 - 0x00007ff867c45000 	C:\Windows\system32\rsaenh.dll
0x00007ff867640000 - 0x00007ff867668000 	C:\Windows\SYSTEM32\USERENV.dll
0x00007ff867c00000 - 0x00007ff867c0c000 	C:\Windows\SYSTEM32\CRYPTBASE.dll
0x00007ff866c80000 - 0x00007ff866cad000 	C:\Windows\SYSTEM32\IPHLPAPI.DLL
0x00007ff869850000 - 0x00007ff869859000 	C:\Windows\System32\NSI.dll
0x00007ff8613f0000 - 0x00007ff861409000 	C:\Windows\SYSTEM32\dhcpcsvc6.DLL
0x00007ff8613d0000 - 0x00007ff8613ef000 	C:\Windows\SYSTEM32\dhcpcsvc.DLL
0x00007ff866cb0000 - 0x00007ff866db2000 	C:\Windows\SYSTEM32\DNSAPI.dll
0x00007ff8151c0000 - 0x00007ff8151ce000 	C:\Program Files\Java\jdk-17\bin\sunmscapi.dll
0x00007ff8690d0000 - 0x00007ff869236000 	C:\Windows\System32\CRYPT32.dll
0x00007ff8683b0000 - 0x00007ff8683dd000 	C:\Windows\SYSTEM32\ncrypt.dll
0x00007ff867c70000 - 0x00007ff867ca7000 	C:\Windows\SYSTEM32\NTASN1.dll
0x00007ff84f200000 - 0x00007ff84f208000 	C:\Windows\system32\wshunix.dll

dbghelp: loaded successfully - version: 4.0.5 - missing functions: none
symbol engine: initialized successfully - sym options: 0x614 - pdb path: .;C:\Program Files\Java\jdk-17\bin;C:\Windows\SYSTEM32;C:\Windows\WinSxS\amd64_microsoft.windows.common-controls_6595b64144ccf1df_6.0.22621.4541_none_2710d1c57384c085;C:\Program Files\Java\jdk-17\bin\server;C:\Users\tmmat\.gradle\native\c067742578af261105cb4f569cf0c3c89f3d7b1fecec35dd04571415982c5e48\windows-amd64;C:\Users\tmmat\.gradle\native\100fb08df4bc3b14c8652ba06237920a3bd2aa13389f12d3474272988ae205f9\windows-amd64

VM Arguments:
jvm_args: --add-opens=java.base/java.lang=ALL-UNNAMED --add-opens=java.base/java.lang.invoke=ALL-UNNAMED --add-opens=java.base/java.util=ALL-UNNAMED --add-opens=java.prefs/java.util.prefs=ALL-UNNAMED --add-exports=jdk.compiler/com.sun.tools.javac.api=ALL-UNNAMED --add-exports=jdk.compiler/com.sun.tools.javac.util=ALL-UNNAMED --add-opens=java.base/java.util=ALL-UNNAMED --add-opens=java.prefs/java.util.prefs=ALL-UNNAMED --add-opens=java.base/java.nio.charset=ALL-UNNAMED --add-opens=java.base/java.net=ALL-UNNAMED --add-opens=java.base/java.util.concurrent.atomic=ALL-UNNAMED --add-opens=java.xml/javax.xml.namespace=ALL-UNNAMED -XX:MaxMetaspaceSize=384m -XX:+HeapDumpOnOutOfMemoryError -Xms256m -Xmx512m -Dfile.encoding=UTF-8 -Duser.country=US -Duser.language=en -Duser.variant -javaagent:C:\Users\tmmat\.gradle\wrapper\dists\gradle-8.11.1-bin\bpt9gzteqjrbo1mjrsomdt32c\gradle-8.11.1\lib\agents\gradle-instrumentation-agent-8.11.1.jar 
java_command: org.gradle.launcher.daemon.bootstrap.GradleDaemon 8.11.1
java_class_path (initial): C:\Users\tmmat\.gradle\wrapper\dists\gradle-8.11.1-bin\bpt9gzteqjrbo1mjrsomdt32c\gradle-8.11.1\lib\gradle-daemon-main-8.11.1.jar
Launcher Type: SUN_STANDARD

[Global flags]
     intx CICompilerCount                          = 12                                        {product} {ergonomic}
   size_t CompressedClassSpaceSize                 = 335544320                                 {product} {ergonomic}
     uint ConcGCThreads                            = 3                                         {product} {ergonomic}
     uint G1ConcRefinementThreads                  = 13                                        {product} {ergonomic}
   size_t G1HeapRegionSize                         = 1048576                                   {product} {ergonomic}
    uintx GCDrainStackTargetSize                   = 64                                        {product} {ergonomic}
     bool HeapDumpOnOutOfMemoryError               = true                                   {manageable} {command line}
   size_t InitialHeapSize                          = 268435456                                 {product} {command line}
   size_t MarkStackSize                            = 4194304                                   {product} {ergonomic}
   size_t MaxHeapSize                              = 536870912                                 {product} {command line}
   size_t MaxMetaspaceSize                         = 402653184                                 {product} {command line}
   size_t MaxNewSize                               = 321912832                                 {product} {ergonomic}
   size_t MinHeapDeltaBytes                        = 1048576                                   {product} {ergonomic}
   size_t MinHeapSize                              = 268435456                                 {product} {command line}
    uintx NonNMethodCodeHeapSize                   = 7602480                                {pd product} {ergonomic}
    uintx NonProfiledCodeHeapSize                  = 122027880                              {pd product} {ergonomic}
    uintx ProfiledCodeHeapSize                     = 122027880                              {pd product} {ergonomic}
    uintx ReservedCodeCacheSize                    = 251658240                              {pd product} {ergonomic}
     bool SegmentedCodeCache                       = true                                      {product} {ergonomic}
   size_t SoftMaxHeapSize                          = 536870912                              {manageable} {ergonomic}
     bool UseCompressedClassPointers               = true                           {product lp64_product} {ergonomic}
     bool UseCompressedOops                        = true                           {product lp64_product} {ergonomic}
     bool UseG1GC                                  = true                                      {product} {ergonomic}
     bool UseLargePagesIndividualAllocation        = false                                  {pd product} {ergonomic}

Logging:
Log output configuration:
 #0: stdout all=warning uptime,level,tags
 #1: stderr all=off uptime,level,tags

Environment Variables:
PATH=C:\Program Files (x86)\Razer Chroma SDK\bin;C:\Program Files\Razer Chroma SDK\bin;C:\Program Files\Common Files\Oracle\Java\javapath;C:\Python312\Scripts\;C:\Python312\;C:\Windows\system32;C:\Windows;C:\Windows\System32\Wbem;C:\Windows\System32\WindowsPowerShell\v1.0\;C:\Windows\System32\OpenSSH\;C:\Program Files\dotnet\;C:\Program Files\NVIDIA Corporation\NVIDIA NvDLISR;C:\Program Files (x86)\NVIDIA Corporation\PhysX\Common;C:\Program Files\Docker\Docker\resources\bin;C:\Program Files\nodejs\;C:\ProgramData\chocolatey\bin;C:\mingw64\bin;C:\Program Files (x86)\Windows Kits\10\Windows Performance Toolkit\;C:\Program Files\Git\cmd;C:\Users\tmmat\AppData\Local\Programs\Python\Python313;C:\Users\tmmat\AppData\Local\Programs\Python\Python313\Scripts;C:\Users\tmmat\AppData\Local\Microsoft\WindowsApps;C:\Users\tmmat\AppData\Local\Programs\Microsoft VS Code\bin;C:\Program Files\JetBrains\DataGrip 2024.2.1\bin;C:\Users\tmmat\AppData\Roaming\npm;C:\Program Files\JetBrains\IntelliJ IDEA 2024.2.0.2\bin;C:\msys64\ucrt64\bin;C:\Users\tmmat\AppData\Local\Programs\Python\Python313;C:\Users\tmmat\AppData\Local\Programs\Python\Python313\Scripts;C:\Users\tmmat\AppData\Local\Microsoft\WindowsApps;C:\Users\tmmat\AppData\Local\Programs\Microsoft VS Code\bin;C:\Program Files\JetBrains\DataGrip 2024.2.1\bin;;C:\Users\tmmat\AppData\Roaming\npm;C:\Program Files\JetBrains\IntelliJ IDEA 2024.2.0.2\bin;;C:\msys64\ucrt64\bin;
USERNAME=tmmat
OS=Windows_NT
PROCESSOR_IDENTIFIER=AMD64 Family 25 Model 97 Stepping 2, AuthenticAMD



---------------  S Y S T E M  ---------------

OS:
 Windows 11 , 64 bit Build 22621 (10.0.22621.4391)
OS uptime: 0 days 10:05 hours
Hyper-V role detected

CPU: total 16 (initial active 16) (16 cores per cpu, 2 threads per core) family 25 model 97 stepping 2 microcode 0x0, cx8, cmov, fxsr, ht, mmx, 3dnowpref, sse, sse2, sse3, ssse3, sse4a, sse4.1, sse4.2, popcnt, lzcnt, tsc, tscinvbit, avx, avx2, aes, erms, clmul, bmi1, bmi2, adx, avx512f, avx512dq, avx512cd, avx512bw, avx512vl, sha, fma, vzeroupper, avx512_vpopcntdq, avx512_vpclmulqdq, avx512_vaes, avx512_vnni, clflush, clflushopt, avx512_vbmi2, avx512_vbmi, hv

Memory: 4k page, system-wide physical 31893M (13745M free)
TotalPageFile size 33941M (AvailPageFile size 10640M)
current process WorkingSet (physical memory assigned to process): 283M, peak: 285M
current process commit charge ("private bytes"): 469M, peak: 474M

vm_info: Java HotSpot(TM) 64-Bit Server VM (17.0.12+8-LTS-286) for windows-amd64 JRE (17.0.12+8-LTS-286), built on Jun  5 2024 06:46:59 by "mach5one" with MS VC++ 17.6 (VS2022)

END.
